============================= test session starts ==============================
platform linux -- Python 3.6.9, pytest-7.0.1, pluggy-1.0.0
rootdir: /root/tugraph-db/build/output, configfile: pytest.ini
plugins: anyio-3.6.2
collected 200 items

test_algo.py::TestExec::test_exec_bfs_embed[algo0-importor0] 
-------------------------------- live log setup --------------------------------
2023-10-19 01:15:02 [    INFO] importor start (conftest.py:73)
2023-10-19 01:15:06 [    INFO] from  [[2023-Oct-19 01:15:03.655912] [INFO] - Import finished in 1.08432 seconds.
]  find   [Import finished in] (toolkits_wrapper.py:25)
2023-10-19 01:15:06 [    INFO] importor succeed (conftest.py:78)
2023-10-19 01:15:06 [    INFO] algo start (conftest.py:204)
2023-10-19 01:15:06 [    INFO] from  [found_vertices = 3829
]  find   [found_vertices = 3829] (toolkits_wrapper.py:25)
2023-10-19 01:15:06 [    INFO] exportor succeed (conftest.py:209)
PASSED                                                                   [  0%]
test_algo.py::TestExec::test_exec_bfs_standalone[algo0] 
-------------------------------- live log setup --------------------------------
2023-10-19 01:15:06 [    INFO] algo start (conftest.py:204)
2023-10-19 01:15:06 [    INFO] from  [found_vertices = 3829
]  find   [found_vertices = 3829] (toolkits_wrapper.py:25)
2023-10-19 01:15:06 [    INFO] exportor succeed (conftest.py:209)
PASSED                                                                   [  1%]
test_algo.py::TestExec::test_exec_bfs_idmapping_standalone[algo0] 
-------------------------------- live log setup --------------------------------
2023-10-19 01:15:06 [    INFO] algo start (conftest.py:204)
2023-10-19 01:15:07 [    INFO] from  [found_vertices = 3829
]  find   [found_vertices = 3829] (toolkits_wrapper.py:25)
2023-10-19 01:15:07 [    INFO] exportor succeed (conftest.py:209)
PASSED                                                                   [  1%]
test_algo.py::TestExec::test_exec_bfs_without_idmapping_standalone[algo0] 
-------------------------------- live log setup --------------------------------
2023-10-19 01:15:07 [    INFO] algo start (conftest.py:204)
2023-10-19 01:15:07 [    INFO]   start memory record...
 (toolkits_wrapper.py:36)
2023-10-19 01:15:07 [    INFO] parameter:
 (toolkits_wrapper.py:36)
2023-10-19 01:15:07 [    INFO]   name: bfs
 (toolkits_wrapper.py:36)
2023-10-19 01:15:07 [    INFO]   root: 0a
 (toolkits_wrapper.py:36)
2023-10-19 01:15:07 [    INFO]   text read cost: 0.10(s)
 (toolkits_wrapper.py:36)
2023-10-19 01:15:07 [    INFO]   single pass read cost: 0.11(s)
 (toolkits_wrapper.py:36)
2023-10-19 01:15:07 [    INFO] mem usage: 1 MB
 (toolkits_wrapper.py:36)
2023-10-19 01:15:07 [    INFO]   reset memory record...
 (toolkits_wrapper.py:36)
2023-10-19 01:15:07 [    INFO]   start memory record...
 (toolkits_wrapper.py:36)
2023-10-19 01:15:07 [    INFO] prepare_cost = 0.12(s)
 (toolkits_wrapper.py:36)
2023-10-19 01:15:07 [    INFO] activates(0) <= 1
 (toolkits_wrapper.py:36)
2023-10-19 01:15:07 [    INFO] mem usage: 20 MB
 (toolkits_wrapper.py:36)
2023-10-19 01:15:07 [    INFO]   reset memory record...
 (toolkits_wrapper.py:36)
2023-10-19 01:15:07 [    INFO]   start memory record...
 (toolkits_wrapper.py:36)
2023-10-19 01:15:07 [    INFO] core_cost = 0.00(s)
 (toolkits_wrapper.py:36)
2023-10-19 01:15:07 [    INFO] found_vertices = 1
 (toolkits_wrapper.py:36)
2023-10-19 01:15:07 [    INFO] output_cost = 0.00(s)
 (toolkits_wrapper.py:36)
2023-10-19 01:15:07 [    INFO] total_cost = 0.12(s)
 (toolkits_wrapper.py:36)
2023-10-19 01:15:07 [    INFO] DONE. (toolkits_wrapper.py:36)
XFAIL (need id mapping)                                                  [  2%]
test_algo.py::TestExec::test_exec_bfs_python_embed[algo0-importor0] 
-------------------------------- live log setup --------------------------------
2023-10-19 01:15:07 [    INFO] importor start (conftest.py:73)
2023-10-19 01:15:11 [    INFO] from  [[2023-Oct-19 01:15:08.849212] [INFO] - Import finished in 1.08229 seconds.
]  find   [Import finished in] (toolkits_wrapper.py:25)
2023-10-19 01:15:11 [    INFO] importor succeed (conftest.py:78)
2023-10-19 01:15:11 [    INFO] algo start (conftest.py:204)
2023-10-19 01:15:12 [    INFO] from  [(True, '{"found_vertices": 3829, "num_vertices": 4039, "num_edges": 88234}')
]  find   ["found_vertices": 3829] (toolkits_wrapper.py:25)
2023-10-19 01:15:12 [    INFO] exportor succeed (conftest.py:209)
PASSED                                                                   [  2%]
test_algo.py::TestExec::test_exec_bfs_python_standalone[algo0] 
-------------------------------- live log setup --------------------------------
2023-10-19 01:15:12 [    INFO] algo start (conftest.py:204)
2023-10-19 01:15:12 [    INFO] from  [found_vertices = 3829
]  find   [found_vertices = 3829] (toolkits_wrapper.py:25)
2023-10-19 01:15:12 [    INFO] exportor succeed (conftest.py:209)
PASSED                                                                   [  3%]
test_algo.py::TestExec::test_exec_bc_embed[algo0-importor0] 
-------------------------------- live log setup --------------------------------
2023-10-19 01:15:12 [    INFO] importor start (conftest.py:73)
2023-10-19 01:15:16 [    INFO] from  [[2023-Oct-19 01:15:13.445478] [INFO] - Import finished in 1.10517 seconds.
]  find   [Import finished in] (toolkits_wrapper.py:25)
2023-10-19 01:15:16 [    INFO] importor succeed (conftest.py:78)
2023-10-19 01:15:16 [    INFO] algo start (conftest.py:204)
2023-10-19 01:15:16 [    INFO] from  [{"core_cost":0.09746766090393066,"max_score":1.0,"max_score_vid":1465,"num_edges":88234,"num_vertices":4039,"output_cost":0.0,"prepare_cost":0.03307080268859863,"total_cost":0.1305384635925293}
]  find   ["max_score":1.0,"max_score_vid":1465] (toolkits_wrapper.py:25)
2023-10-19 01:15:16 [    INFO] exportor succeed (conftest.py:209)
PASSED                                                                   [  3%]
test_algo.py::TestExec::test_exec_bc_standalone[algo0] 
-------------------------------- live log setup --------------------------------
2023-10-19 01:15:16 [    INFO] algo start (conftest.py:204)
2023-10-19 01:15:16 [    INFO] from  [max score is: score[1465]=1.000000
]  find   [max score is: score[1465]=1] (toolkits_wrapper.py:25)
2023-10-19 01:15:16 [    INFO] exportor succeed (conftest.py:209)
PASSED                                                                   [  4%]
test_algo.py::TestExec::test_exec_clce_embed[algo0-importor0] 
-------------------------------- live log setup --------------------------------
2023-10-19 01:15:16 [    INFO] importor start (conftest.py:73)
2023-10-19 01:15:21 [    INFO] from  [[2023-Oct-19 01:15:18.073344] [INFO] - Import finished in 1.12354 seconds.
]  find   [Import finished in] (toolkits_wrapper.py:25)
2023-10-19 01:15:21 [    INFO] importor succeed (conftest.py:78)
2023-10-19 01:15:21 [    INFO] algo start (conftest.py:204)
2023-10-19 01:15:21 [    INFO] /bin/sh: algo/clce_embed: No such file or directory
 (toolkits_wrapper.py:36)
ERROR                                                                    [  4%]
test_algo.py::TestExec::test_exec_clce_standalone[algo0] 
-------------------------------- live log setup --------------------------------
2023-10-19 01:15:21 [    INFO] algo start (conftest.py:204)
2023-10-19 01:15:21 [    INFO] /bin/sh: algo/clce_standalone: No such file or directory
 (toolkits_wrapper.py:36)
ERROR                                                                    [  5%]
test_algo.py::TestExec::test_exec_cn_embed[algo0-importor0] 
-------------------------------- live log setup --------------------------------
2023-10-19 01:15:21 [    INFO] importor start (conftest.py:73)
2023-10-19 01:15:25 [    INFO] from  [[2023-Oct-19 01:15:22.284438] [INFO] - Import finished in 1.11232 seconds.
]  find   [Import finished in] (toolkits_wrapper.py:25)
2023-10-19 01:15:25 [    INFO] importor succeed (conftest.py:78)
2023-10-19 01:15:25 [    INFO] algo start (conftest.py:204)
2023-10-19 01:15:25 [    INFO] [2023-10-19 01:15:25.374407] [0x00007fa3bee99800] [info]    Loading DB state from disk
 (toolkits_wrapper.py:36)
2023-10-19 01:15:25 [    INFO] 1
 (toolkits_wrapper.py:36)
2023-10-19 01:15:25 [    INFO] {"cn_list":[[0,1,16.0],[1,2,1.0]],"core_cost":0.00010657310485839844,"num_edges":176468,"num_vertices":4039,"prepare_cost":0.03668093681335449,"total_cost":0.03678750991821289}
 (toolkits_wrapper.py:36)
ERROR                                                                    [  5%]
test_algo.py::TestExec::test_exec_cn_standalone[algo0] 
-------------------------------- live log setup --------------------------------
2023-10-19 01:15:25 [    INFO] algo start (conftest.py:204)
2023-10-19 01:15:25 [    INFO] from  [cn(0,1) = 16
]  find   [cn(0,1) = 16] (toolkits_wrapper.py:25)
2023-10-19 01:15:25 [    INFO] from  [cn(1,972) = 0
]  find   [cn(1,972) = 0] (toolkits_wrapper.py:25)
2023-10-19 01:15:25 [    INFO] from  [cn(101,202) = 1
]  find   [cn(101,202) = 1] (toolkits_wrapper.py:25)
2023-10-19 01:15:25 [    INFO] from  [cn(1000,4000) = 0
]  find   [cn(1000,4000) = 0] (toolkits_wrapper.py:25)
2023-10-19 01:15:25 [    INFO] exportor succeed (conftest.py:209)
PASSED                                                                   [  6%]
test_algo.py::TestExec::test_exec_dc_embed[algo0-importor0] 
-------------------------------- live log setup --------------------------------
2023-10-19 01:15:25 [    INFO] importor start (conftest.py:73)
2023-10-19 01:15:29 [    INFO] from  [[2023-Oct-19 01:15:26.867894] [INFO] - Import finished in 1.11704 seconds.
]  find   [Import finished in] (toolkits_wrapper.py:25)
2023-10-19 01:15:29 [    INFO] importor succeed (conftest.py:78)
2023-10-19 01:15:29 [    INFO] algo start (conftest.py:204)
2023-10-19 01:15:30 [    INFO] from  [{"core_cost":0.06592464447021484,"graph_dc":1.9252428439443214,"num_edges":88234,"num_vertices":4039,"prepare_cost":0.04120159149169922,"total_cost":0.10712623596191406}
]  find   ["graph_dc":1.92524] (toolkits_wrapper.py:25)
2023-10-19 01:15:30 [    INFO] exportor succeed (conftest.py:209)
PASSED                                                                   [  6%]
test_algo.py::TestExec::test_exec_dc_standalone[algo0] 
-------------------------------- live log setup --------------------------------
2023-10-19 01:15:30 [    INFO] algo start (conftest.py:204)
2023-10-19 01:15:30 [    INFO] from  [graph_dc:1.925243
]  find   [graph_dc:1.92524] (toolkits_wrapper.py:25)
2023-10-19 01:15:30 [    INFO] exportor succeed (conftest.py:209)
PASSED                                                                   [  7%]
test_algo.py::TestExec::test_exec_de_embed[algo0-importor0] 
-------------------------------- live log setup --------------------------------
2023-10-19 01:15:30 [    INFO] importor start (conftest.py:73)
2023-10-19 01:15:34 [    INFO] from  [[2023-Oct-19 01:15:31.429863] [INFO] - Import finished in 1.0783 seconds.
]  find   [Import finished in] (toolkits_wrapper.py:25)
2023-10-19 01:15:34 [    INFO] importor succeed (conftest.py:78)
2023-10-19 01:15:34 [    INFO] algo start (conftest.py:204)
2023-10-19 01:15:34 [    INFO] from  [{"core_cost":0.012928962707519531,"max_diamension":9,"num_edges":176468,"num_vertices":4039,"output_cost":0.0,"prepare_cost":0.034803152084350586,"total_cost":0.04773211479187012}
]  find   ["max_diamension":9] (toolkits_wrapper.py:25)
2023-10-19 01:15:34 [    INFO] exportor succeed (conftest.py:209)
PASSED                                                                   [  7%]
test_algo.py::TestExec::test_exec_de_standalone[algo0] 
-------------------------------- live log setup --------------------------------
2023-10-19 01:15:34 [    INFO] algo start (conftest.py:204)
2023-10-19 01:15:34 [    INFO] from  [max_diamension:9
]  find   [max_diamension:9] (toolkits_wrapper.py:25)
2023-10-19 01:15:34 [    INFO] exportor succeed (conftest.py:209)
PASSED                                                                   [  8%]
test_algo.py::TestExec::test_exec_fast_triangle_embed[algo0-importor0] 
-------------------------------- live log setup --------------------------------
2023-10-19 01:15:34 [    INFO] importor start (conftest.py:73)
2023-10-19 01:15:38 [    INFO] from  [[2023-Oct-19 01:15:35.899432] [INFO] - Import finished in 1.14339 seconds.
]  find   [Import finished in] (toolkits_wrapper.py:25)
2023-10-19 01:15:38 [    INFO] importor succeed (conftest.py:78)
2023-10-19 01:15:38 [    INFO] algo start (conftest.py:204)
2023-10-19 01:15:39 [    INFO] from  [{"core_cost":0.05611443519592285,"discovered_triangles":1612010,"num_edges":176468,"num_vertices":4039,"output_cost":0.0,"prepare_cost":0.0444025993347168,"total_cost":0.10051703453063965}
]  find   ["discovered_triangles":1612010] (toolkits_wrapper.py:25)
2023-10-19 01:15:39 [    INFO] exportor succeed (conftest.py:209)
PASSED                                                                   [  8%]
test_algo.py::TestExec::test_exec_fast_triangle_standalone[algo0] 
-------------------------------- live log setup --------------------------------
2023-10-19 01:15:39 [    INFO] algo start (conftest.py:204)
2023-10-19 01:15:39 [    INFO] from  [discovered 1612010 triangles
]  find   [discovered 1612010 triangles] (toolkits_wrapper.py:25)
2023-10-19 01:15:39 [    INFO] exportor succeed (conftest.py:209)
PASSED                                                                   [  9%]
test_algo.py::TestExec::test_exec_hits_embed[algo0-importor0] 
-------------------------------- live log setup --------------------------------
2023-10-19 01:15:39 [    INFO] importor start (conftest.py:73)
2023-10-19 01:15:43 [    INFO] from  [[2023-Oct-19 01:15:40.497243] [INFO] - Import finished in 1.13794 seconds.
]  find   [Import finished in] (toolkits_wrapper.py:25)
2023-10-19 01:15:43 [    INFO] importor succeed (conftest.py:78)
2023-10-19 01:15:43 [    INFO] algo start (conftest.py:204)
2023-10-19 01:15:43 [    INFO] from  [max authority value is authority[2604] = 0.115273
]  find   [max authority value is authority[2604] = 0.11527] (toolkits_wrapper.py:25)
2023-10-19 01:15:43 [    INFO] from  [max hub value is hub[1912] = 0.139931
]  find   [max hub value is hub[1912] = 0.13993] (toolkits_wrapper.py:25)
2023-10-19 01:15:43 [    INFO] exportor succeed (conftest.py:209)
PASSED                                                                   [  9%]
test_algo.py::TestExec::test_exec_hits_standalone[algo0] 
-------------------------------- live log setup --------------------------------
2023-10-19 01:15:43 [    INFO] algo start (conftest.py:204)
2023-10-19 01:15:43 [    INFO] from  [max authority value is authority[2604] = 0.115273
]  find   [max authority value is authority[2604] = 0.11527] (toolkits_wrapper.py:25)
2023-10-19 01:15:43 [    INFO] from  [max hub value is hub[1912] = 0.139931
]  find   [max hub value is hub[1912] = 0.13993] (toolkits_wrapper.py:25)
2023-10-19 01:15:43 [    INFO] exportor succeed (conftest.py:209)
PASSED                                                                   [ 10%]
test_algo.py::TestExec::test_exec_ji_embed[algo0-importor0] 
-------------------------------- live log setup --------------------------------
2023-10-19 01:15:43 [    INFO] importor start (conftest.py:73)
2023-10-19 01:15:48 [    INFO] from  [[2023-Oct-19 01:15:45.034645] [INFO] - Import finished in 1.1258 seconds.
]  find   [Import finished in] (toolkits_wrapper.py:25)
2023-10-19 01:15:48 [    INFO] importor succeed (conftest.py:78)
2023-10-19 01:15:48 [    INFO] algo start (conftest.py:204)
2023-10-19 01:15:48 [    INFO] [2023-10-19 01:15:48.111556] [0x00007fb196176800] [info]    Loading DB state from disk
 (toolkits_wrapper.py:36)
2023-10-19 01:15:48 [    INFO] 0.045977
 (toolkits_wrapper.py:36)
2023-10-19 01:15:48 [    INFO] 0.0384615
 (toolkits_wrapper.py:36)
2023-10-19 01:15:48 [    INFO] 1
 (toolkits_wrapper.py:36)
2023-10-19 01:15:48 [    INFO] {"core_cost":0.00018548965454101563,"ji_list":[[0,1,0.04597701149425287],[1,2,0.038461538461538464]],"num_edges":176468,"num_vertices":4039,"prepare_cost":0.040940046310424805,"total_cost":0.04112553596496582}
 (toolkits_wrapper.py:36)
ERROR                                                                    [ 10%]
test_algo.py::TestExec::test_exec_ji_standalone[algo0] 
-------------------------------- live log setup --------------------------------
2023-10-19 01:15:48 [    INFO] algo start (conftest.py:204)
2023-10-19 01:15:48 [    INFO] from  [ji(0,1) = 0.045977
]  find   [ji(0,1) = 0.045977] (toolkits_wrapper.py:25)
2023-10-19 01:15:48 [    INFO] from  [ji(1,972) = 0.000000
]  find   [ji(1,972) = 0.000000] (toolkits_wrapper.py:25)
2023-10-19 01:15:48 [    INFO] from  [ji(101,202) = 0.045455
]  find   [ji(101,202) = 0.04545] (toolkits_wrapper.py:25)
2023-10-19 01:15:48 [    INFO] exportor succeed (conftest.py:209)
PASSED                                                                   [ 11%]
test_algo.py::TestExec::test_exec_kcliques_embed[algo0-importor0] 
-------------------------------- live log setup --------------------------------
2023-10-19 01:15:48 [    INFO] importor start (conftest.py:73)
2023-10-19 01:15:52 [    INFO] from  [[2023-Oct-19 01:15:49.532317] [INFO] - Import finished in 1.06771 seconds.
]  find   [Import finished in] (toolkits_wrapper.py:25)
2023-10-19 01:15:52 [    INFO] importor succeed (conftest.py:78)
2023-10-19 01:15:52 [    INFO] algo start (conftest.py:204)
2023-10-19 01:15:52 [    INFO] /bin/sh: algo/kcliques_embed: No such file or directory
 (toolkits_wrapper.py:36)
ERROR                                                                    [ 11%]
test_algo.py::TestExec::test_exec_kcliques_standalone[algo0] 
-------------------------------- live log setup --------------------------------
2023-10-19 01:15:52 [    INFO] algo start (conftest.py:204)
2023-10-19 01:15:52 [    INFO] /bin/sh: algo/kcliques_standalone: No such file or directory
 (toolkits_wrapper.py:36)
ERROR                                                                    [ 12%]
test_algo.py::TestExec::test_exec_kcore_embed[algo0-importor0] 
-------------------------------- live log setup --------------------------------
2023-10-19 01:15:52 [    INFO] importor start (conftest.py:73)
2023-10-19 01:15:56 [    INFO] from  [[2023-Oct-19 01:15:53.764478] [INFO] - Import finished in 1.13519 seconds.
]  find   [Import finished in] (toolkits_wrapper.py:25)
2023-10-19 01:15:56 [    INFO] importor succeed (conftest.py:78)
2023-10-19 01:15:56 [    INFO] algo start (conftest.py:204)
2023-10-19 01:15:56 [    INFO] from  [{"core_cost":0.006864309310913086,"num_edges":176468,"num_result_vertices":2987,"num_vertices":4039,"prepare_cost":0.07485222816467285,"total_cost":0.08171653747558594}
]  find   ["num_result_vertices":2987] (toolkits_wrapper.py:25)
2023-10-19 01:15:56 [    INFO] exportor succeed (conftest.py:209)
PASSED                                                                   [ 12%]
test_algo.py::TestExec::test_exec_kcore_standalone[algo0] 
-------------------------------- live log setup --------------------------------
2023-10-19 01:15:56 [    INFO] algo start (conftest.py:204)
2023-10-19 01:15:57 [    INFO] from  [number of 10-core vertices: 2987
]  find   [number of 10-core vertices: 2987] (toolkits_wrapper.py:25)
2023-10-19 01:15:57 [    INFO] exportor succeed (conftest.py:209)
PASSED                                                                   [ 13%]
test_algo.py::TestExec::test_exec_khopkth_embed[algo0-importor0] 
-------------------------------- live log setup --------------------------------
2023-10-19 01:15:57 [    INFO] importor start (conftest.py:73)
2023-10-19 01:16:01 [    INFO] from  [[2023-Oct-19 01:15:58.261462] [INFO] - Import finished in 1.09992 seconds.
]  find   [Import finished in] (toolkits_wrapper.py:25)
2023-10-19 01:16:01 [    INFO] importor succeed (conftest.py:78)
2023-10-19 01:16:01 [    INFO] algo start (conftest.py:204)
2023-10-19 01:16:01 [    INFO] from  [{"core_cost":0.007115602493286133,"prepare_cost":0.00044226646423339844,"size":3168,"total_cost":0.007557868957519531}
]  find   ["size":3168] (toolkits_wrapper.py:25)
2023-10-19 01:16:01 [    INFO] exportor succeed (conftest.py:209)
PASSED                                                                   [ 13%]
test_algo.py::TestExec::test_exec_khopwithin_embed[algo0-importor0] 
-------------------------------- live log setup --------------------------------
2023-10-19 01:16:01 [    INFO] importor start (conftest.py:73)
2023-10-19 01:16:05 [    INFO] from  [[2023-Oct-19 01:16:02.553504] [INFO] - Import finished in 1.12771 seconds.
]  find   [Import finished in] (toolkits_wrapper.py:25)
2023-10-19 01:16:05 [    INFO] importor succeed (conftest.py:78)
2023-10-19 01:16:05 [    INFO] algo start (conftest.py:204)
2023-10-19 01:16:05 [    INFO] from  [{"core_cost":0.006972551345825195,"prepare_cost":0.00033783912658691406,"size":3259,"total_cost":0.007310390472412109}
]  find   ["size":3259] (toolkits_wrapper.py:25)
2023-10-19 01:16:05 [    INFO] exportor succeed (conftest.py:209)
PASSED                                                                   [ 14%]
test_algo.py::TestExec::test_exec_ktruss_embed[algo0-importor0] 
-------------------------------- live log setup --------------------------------
2023-10-19 01:16:05 [    INFO] importor start (conftest.py:73)
2023-10-19 01:16:09 [    INFO] from  [[2023-Oct-19 01:16:06.805841] [INFO] - Import finished in 1.10714 seconds.
]  find   [Import finished in] (toolkits_wrapper.py:25)
2023-10-19 01:16:09 [    INFO] importor succeed (conftest.py:78)
2023-10-19 01:16:09 [    INFO] algo start (conftest.py:204)
2023-10-19 01:16:09 [    INFO] /bin/sh: algo/ktruss_embed: No such file or directory
 (toolkits_wrapper.py:36)
ERROR                                                                    [ 14%]
test_algo.py::TestExec::test_exec_ktruss_standalone[algo0] 
-------------------------------- live log setup --------------------------------
2023-10-19 01:16:09 [    INFO] algo start (conftest.py:204)
2023-10-19 01:16:09 [    INFO] /bin/sh: algo/ktruss_standalone: No such file or directory
 (toolkits_wrapper.py:36)
ERROR                                                                    [ 15%]
test_algo.py::TestExec::test_exec_lcc_embed[algo0-importor0] 
-------------------------------- live log setup --------------------------------
2023-10-19 01:16:09 [    INFO] importor start (conftest.py:73)
2023-10-19 01:16:14 [    INFO] from  [[2023-Oct-19 01:16:11.013464] [INFO] - Import finished in 1.11098 seconds.
]  find   [Import finished in] (toolkits_wrapper.py:25)
2023-10-19 01:16:14 [    INFO] importor succeed (conftest.py:78)
2023-10-19 01:16:14 [    INFO] algo start (conftest.py:204)
2023-10-19 01:16:14 [    INFO] from  [{"average_lcc":0.6055467186200857,"core_cost":0.033715009689331055,"num_edges":176468,"num_vertices":4039,"output_cost":0.0,"prepare_cost":0.035001516342163086,"total_cost":0.06871652603149414}
]  find   ["average_lcc":0.60554] (toolkits_wrapper.py:25)
2023-10-19 01:16:14 [    INFO] exportor succeed (conftest.py:209)
PASSED                                                                   [ 15%]
test_algo.py::TestExec::test_exec_lcc_standalone[algo0] 
-------------------------------- live log setup --------------------------------
2023-10-19 01:16:14 [    INFO] algo start (conftest.py:204)
2023-10-19 01:16:14 [    INFO] from  [average_lcc is: 0.605547
]  find   [average_lcc is: 0.60554] (toolkits_wrapper.py:25)
2023-10-19 01:16:14 [    INFO] exportor succeed (conftest.py:209)
PASSED                                                                   [ 16%]
test_algo.py::TestExec::test_exec_lcc_python_embed[algo0-importor0] 
-------------------------------- live log setup --------------------------------
2023-10-19 01:16:14 [    INFO] importor start (conftest.py:73)
2023-10-19 01:16:18 [    INFO] from  [[2023-Oct-19 01:16:15.512672] [INFO] - Import finished in 1.12702 seconds.
]  find   [Import finished in] (toolkits_wrapper.py:25)
2023-10-19 01:16:18 [    INFO] importor succeed (conftest.py:78)
2023-10-19 01:16:18 [    INFO] algo start (conftest.py:204)
2023-10-19 01:16:18 [    INFO] from  [(True, '{"average_lcc": 0.605546718620086, "num_vertices": 4039, "num_edges": 176468}')
]  find   ["average_lcc": 0.60554] (toolkits_wrapper.py:25)
2023-10-19 01:16:18 [    INFO] exportor succeed (conftest.py:209)
PASSED                                                                   [ 16%]
test_algo.py::TestExec::test_exec_lcc_python_standalone[algo0] 
-------------------------------- live log setup --------------------------------
2023-10-19 01:16:18 [    INFO] algo start (conftest.py:204)
2023-10-19 01:16:19 [    INFO] from  [average_lcc = 0.6055467186200862
]  find   [average_lcc = 0.60554] (toolkits_wrapper.py:25)
2023-10-19 01:16:19 [    INFO] exportor succeed (conftest.py:209)
PASSED                                                                   [ 17%]
test_algo.py::TestExec::test_exec_leiden_embed[algo0-importor0] 
-------------------------------- live log setup --------------------------------
2023-10-19 01:16:19 [    INFO] importor start (conftest.py:73)
2023-10-19 01:16:23 [    INFO] from  [[2023-Oct-19 01:16:20.185079] [INFO] - Import finished in 1.1231 seconds.
]  find   [Import finished in] (toolkits_wrapper.py:25)
2023-10-19 01:16:23 [    INFO] importor succeed (conftest.py:78)
2023-10-19 01:16:23 [    INFO] algo start (conftest.py:204)
2023-10-19 01:16:23 [    INFO] /bin/sh: algo/leiden_embed: No such file or directory
 (toolkits_wrapper.py:36)
ERROR                                                                    [ 17%]
test_algo.py::TestExec::test_exec_leiden_standalone[algo0] 
-------------------------------- live log setup --------------------------------
2023-10-19 01:16:23 [    INFO] algo start (conftest.py:204)
2023-10-19 01:16:23 [    INFO] /bin/sh: algo/leiden_standalone: No such file or directory
 (toolkits_wrapper.py:36)
ERROR                                                                    [ 18%]
test_algo.py::TestExec::test_exec_lc_embed[algo0-importor0] 
-------------------------------- live log setup --------------------------------
2023-10-19 01:16:23 [    INFO] importor start (conftest.py:73)
2023-10-19 01:16:26 [    INFO] from  [[2023-Oct-19 01:16:23.399618] [INFO] - Import finished in 0.101094 seconds.
]  find   [Import finished in] (toolkits_wrapper.py:25)
2023-10-19 01:16:26 [    INFO] importor succeed (conftest.py:78)
2023-10-19 01:16:26 [    INFO] algo start (conftest.py:204)
2023-10-19 01:16:26 [    INFO] /bin/sh: algo/locate_cycle_embed: No such file or directory
 (toolkits_wrapper.py:36)
ERROR                                                                    [ 18%]
test_algo.py::TestExec::test_exec_lc_standalone[algo0] 
-------------------------------- live log setup --------------------------------
2023-10-19 01:16:26 [    INFO] algo start (conftest.py:204)
2023-10-19 01:16:26 [    INFO] /bin/sh: algo/locate_cycle_standalone: No such file or directory
 (toolkits_wrapper.py:36)
ERROR                                                                    [ 19%]
test_algo.py::TestExec::test_exec_louvain_embed[algo0-importor0] 
-------------------------------- live log setup --------------------------------
2023-10-19 01:16:26 [    INFO] importor start (conftest.py:73)
2023-10-19 01:16:30 [    INFO] from  [[2023-Oct-19 01:16:27.669273] [INFO] - Import finished in 1.15857 seconds.
]  find   [Import finished in] (toolkits_wrapper.py:25)
2023-10-19 01:16:30 [    INFO] importor succeed (conftest.py:78)
2023-10-19 01:16:30 [    INFO] algo start (conftest.py:204)
2023-10-19 01:16:30 [    INFO] from  [{"core_cost":0.09268569946289063,"modularity":0.8349106746393008,"output_cost":0.0,"prepare_cost":0.02834320068359375,"total_cost":0.12102890014648438}
]  find   ["modularity":0.83] (toolkits_wrapper.py:25)
2023-10-19 01:16:30 [    INFO] exportor succeed (conftest.py:209)
PASSED                                                                   [ 19%]
test_algo.py::TestExec::test_exec_louvain_standalone[algo0] 
-------------------------------- live log setup --------------------------------
2023-10-19 01:16:30 [    INFO] algo start (conftest.py:204)
2023-10-19 01:16:31 [    INFO] from  [Q = 0.834601
]  find   [Q = 0.83] (toolkits_wrapper.py:25)
2023-10-19 01:16:31 [    INFO] exportor succeed (conftest.py:209)
PASSED                                                                   [ 20%]
test_algo.py::TestExec::test_exec_lpa_embed[algo0-importor0] 
-------------------------------- live log setup --------------------------------
2023-10-19 01:16:31 [    INFO] importor start (conftest.py:73)
2023-10-19 01:16:35 [    INFO] from  [[2023-Oct-19 01:16:32.776323] [INFO] - Import finished in 1.09923 seconds.
]  find   [Import finished in] (toolkits_wrapper.py:25)
2023-10-19 01:16:35 [    INFO] importor succeed (conftest.py:78)
2023-10-19 01:16:35 [    INFO] algo start (conftest.py:204)
2023-10-19 01:16:36 [    INFO] from  [{"core_cost":0.18906879425048828,"modularity":0.7707732802510859,"num_edges":176468,"num_vertices":4039,"output_cost":0.0,"prepare_cost":0.047393083572387695,"total_cost":0.23646187782287598}
]  find   ["modularity":0.770773] (toolkits_wrapper.py:25)
2023-10-19 01:16:36 [    INFO] exportor succeed (conftest.py:209)
PASSED                                                                   [ 20%]
test_algo.py::TestExec::test_exec_lpa_standalone[algo0] 
-------------------------------- live log setup --------------------------------
2023-10-19 01:16:36 [    INFO] algo start (conftest.py:204)
2023-10-19 01:16:36 [    INFO] from  [modularity: 0.770773
]  find   [modularity: 0.770773] (toolkits_wrapper.py:25)
2023-10-19 01:16:36 [    INFO] exportor succeed (conftest.py:209)
PASSED                                                                   [ 21%]
test_algo.py::TestExec::test_exec_lpa_python_embed[algo0-importor0] 
-------------------------------- live log setup --------------------------------
2023-10-19 01:16:36 [    INFO] importor start (conftest.py:73)
2023-10-19 01:16:40 [    INFO] from  [[2023-Oct-19 01:16:37.588207] [INFO] - Import finished in 1.09048 seconds.
]  find   [Import finished in] (toolkits_wrapper.py:25)
2023-10-19 01:16:40 [    INFO] importor succeed (conftest.py:78)
2023-10-19 01:16:40 [    INFO] algo start (conftest.py:204)
2023-10-19 01:16:41 [    INFO] from  [(True, '{"max_community": 1015, "num_communities": 16, "modularity": 0.0, "num_vertices": 4039, "num_edges": 176468}')
]  find   ["max_community": 1015] (toolkits_wrapper.py:25)
2023-10-19 01:16:41 [    INFO] exportor succeed (conftest.py:209)
PASSED                                                                   [ 21%]
test_algo.py::TestExec::test_exec_lpa_python_standalone[algo0] 
-------------------------------- live log setup --------------------------------
2023-10-19 01:16:41 [    INFO] algo start (conftest.py:204)
2023-10-19 01:16:41 [    INFO] from  [max_community = 1015
]  find   [max_community = 1015] (toolkits_wrapper.py:25)
2023-10-19 01:16:41 [    INFO] exportor succeed (conftest.py:209)
PASSED                                                                   [ 22%]
test_algo.py::TestExec::test_exec_mis_embed[algo0-importor0] 
-------------------------------- live log setup --------------------------------
2023-10-19 01:16:41 [    INFO] importor start (conftest.py:73)
2023-10-19 01:16:45 [    INFO] from  [[2023-Oct-19 01:16:42.664209] [INFO] - Import finished in 1.11837 seconds.
]  find   [Import finished in] (toolkits_wrapper.py:25)
2023-10-19 01:16:45 [    INFO] importor succeed (conftest.py:78)
2023-10-19 01:16:45 [    INFO] algo start (conftest.py:204)
2023-10-19 01:16:45 [    INFO] /bin/sh: algo/mis_embed: No such file or directory
 (toolkits_wrapper.py:36)
ERROR                                                                    [ 22%]
test_algo.py::TestExec::test_exec_mis_standalone[algo0] 
-------------------------------- live log setup --------------------------------
2023-10-19 01:16:45 [    INFO] algo start (conftest.py:204)
2023-10-19 01:16:45 [    INFO] /bin/sh: algo/mis_standalone: No such file or directory
 (toolkits_wrapper.py:36)
ERROR                                                                    [ 23%]
test_algo.py::TestExec::test_exec_motif_embed[algo0-importor0] 
-------------------------------- live log setup --------------------------------
2023-10-19 01:16:45 [    INFO] importor start (conftest.py:73)
2023-10-19 01:16:49 [    INFO] from  [[2023-Oct-19 01:16:46.869030] [INFO] - Import finished in 1.09901 seconds.
]  find   [Import finished in] (toolkits_wrapper.py:25)
2023-10-19 01:16:49 [    INFO] importor succeed (conftest.py:78)
2023-10-19 01:16:49 [    INFO] algo start (conftest.py:204)
2023-10-19 01:16:49 [    INFO] /bin/sh: algo/motif_embed: No such file or directory
 (toolkits_wrapper.py:36)
ERROR                                                                    [ 23%]
test_algo.py::TestExec::test_exec_motif_standalone[algo0] 
-------------------------------- live log setup --------------------------------
2023-10-19 01:16:49 [    INFO] algo start (conftest.py:204)
2023-10-19 01:16:49 [    INFO] /bin/sh: algo/motif_standalone: No such file or directory
 (toolkits_wrapper.py:36)
ERROR                                                                    [ 24%]
test_algo.py::TestExec::test_exec_mssp_embed[algo0-importor0] 
-------------------------------- live log setup --------------------------------
2023-10-19 01:16:49 [    INFO] importor start (conftest.py:73)
2023-10-19 01:16:54 [    INFO] from  [[2023-Oct-19 01:16:51.053954] [INFO] - Import finished in 1.08544 seconds.
]  find   [Import finished in] (toolkits_wrapper.py:25)
2023-10-19 01:16:54 [    INFO] importor succeed (conftest.py:78)
2023-10-19 01:16:54 [    INFO] algo start (conftest.py:204)
2023-10-19 01:16:54 [    INFO] /bin/sh: algo/mssp_embed: No such file or directory
 (toolkits_wrapper.py:36)
ERROR                                                                    [ 24%]
test_algo.py::TestExec::test_exec_mssp_standalone[algo0] 
-------------------------------- live log setup --------------------------------
2023-10-19 01:16:54 [    INFO] algo start (conftest.py:204)
2023-10-19 01:16:54 [    INFO] /bin/sh: algo/mssp_standalone: No such file or directory
 (toolkits_wrapper.py:36)
ERROR                                                                    [ 25%]
test_algo.py::TestExec::test_exec_pagerank_embed[algo0-importor0] 
-------------------------------- live log setup --------------------------------
2023-10-19 01:16:54 [    INFO] importor start (conftest.py:73)
2023-10-19 01:16:58 [    INFO] from  [[2023-Oct-19 01:16:55.231597] [INFO] - Import finished in 1.07856 seconds.
]  find   [Import finished in] (toolkits_wrapper.py:25)
2023-10-19 01:16:58 [    INFO] importor succeed (conftest.py:78)
2023-10-19 01:16:58 [    INFO] algo start (conftest.py:204)
2023-10-19 01:16:58 [    INFO] from  [max rank value is pr[1911] = 0.009418
]  find   [ pr[1911] = 0.009418] (toolkits_wrapper.py:25)
2023-10-19 01:16:58 [    INFO] exportor succeed (conftest.py:209)
PASSED                                                                   [ 25%]
test_algo.py::TestExec::test_exec_pagerank_standalone[algo0] 
-------------------------------- live log setup --------------------------------
2023-10-19 01:16:58 [    INFO] algo start (conftest.py:204)
2023-10-19 01:16:58 [    INFO] from  [max rank value is pr[1911] = 0.009418
]  find   [ pr[1911] = 0.009418] (toolkits_wrapper.py:25)
2023-10-19 01:16:58 [    INFO] exportor succeed (conftest.py:209)
PASSED                                                                   [ 26%]
test_algo.py::TestExec::test_exec_idmapping_pagerank_standalone[algo0] 
-------------------------------- live log setup --------------------------------
2023-10-19 01:16:58 [    INFO] algo start (conftest.py:204)
2023-10-19 01:16:59 [    INFO] from  [max rank value is pr[1911a] = 0.009418
]  find   [ pr[1911a] = 0.009418] (toolkits_wrapper.py:25)
2023-10-19 01:16:59 [    INFO] exportor succeed (conftest.py:209)
PASSED                                                                   [ 26%]
test_algo.py::TestExec::test_exec_without_idmapping_pagerank_standalone[algo0] 
-------------------------------- live log setup --------------------------------
2023-10-19 01:16:59 [    INFO] algo start (conftest.py:204)
2023-10-19 01:16:59 [    INFO]   start memory record...
 (toolkits_wrapper.py:36)
2023-10-19 01:16:59 [    INFO] parameter:
 (toolkits_wrapper.py:36)
2023-10-19 01:16:59 [    INFO]   name: pagerank
 (toolkits_wrapper.py:36)
2023-10-19 01:16:59 [    INFO]   num_iterations: 20
 (toolkits_wrapper.py:36)
2023-10-19 01:16:59 [    INFO]   text read cost: 0.09(s)
 (toolkits_wrapper.py:36)
2023-10-19 01:16:59 [    INFO]   single pass read cost: 0.11(s)
 (toolkits_wrapper.py:36)
2023-10-19 01:16:59 [    INFO] mem usage: 1 MB
 (toolkits_wrapper.py:36)
2023-10-19 01:16:59 [    INFO]   reset memory record...
 (toolkits_wrapper.py:36)
2023-10-19 01:16:59 [    INFO]   start memory record...
 (toolkits_wrapper.py:36)
2023-10-19 01:16:59 [    INFO] prepare_cost = 0.12(s)
 (toolkits_wrapper.py:36)
2023-10-19 01:16:59 [    INFO] delta(0)=1.000000
 (toolkits_wrapper.py:36)
2023-10-19 01:16:59 [    INFO] delta(1)=1.544037
 (toolkits_wrapper.py:36)
2023-10-19 01:16:59 [    INFO] delta(2)=0.120111
 (toolkits_wrapper.py:36)
2023-10-19 01:16:59 [    INFO] delta(3)=0.009343
 (toolkits_wrapper.py:36)
2023-10-19 01:16:59 [    INFO] delta(4)=0.000727
 (toolkits_wrapper.py:36)
2023-10-19 01:16:59 [    INFO] delta(5)=0.000057
 (toolkits_wrapper.py:36)
2023-10-19 01:16:59 [    INFO] delta(6)=0.000004
 (toolkits_wrapper.py:36)
2023-10-19 01:16:59 [    INFO] delta(7)=0.000000
 (toolkits_wrapper.py:36)
2023-10-19 01:16:59 [    INFO] delta(8)=0.000000
 (toolkits_wrapper.py:36)
2023-10-19 01:16:59 [    INFO] delta(9)=0.000000
 (toolkits_wrapper.py:36)
2023-10-19 01:16:59 [    INFO] delta(10)=0.000000
 (toolkits_wrapper.py:36)
2023-10-19 01:16:59 [    INFO] delta(11)=0.000000
 (toolkits_wrapper.py:36)
2023-10-19 01:16:59 [    INFO] delta(12)=0.000000
 (toolkits_wrapper.py:36)
2023-10-19 01:16:59 [    INFO] delta(13)=0.000000
 (toolkits_wrapper.py:36)
2023-10-19 01:16:59 [    INFO] delta(14)=0.000000
 (toolkits_wrapper.py:36)
2023-10-19 01:16:59 [    INFO] delta(15)=0.000000
 (toolkits_wrapper.py:36)
2023-10-19 01:16:59 [    INFO] delta(16)=0.000000
 (toolkits_wrapper.py:36)
2023-10-19 01:16:59 [    INFO] delta(17)=0.000000
 (toolkits_wrapper.py:36)
2023-10-19 01:16:59 [    INFO] delta(18)=0.000000
 (toolkits_wrapper.py:36)
2023-10-19 01:16:59 [    INFO] delta(19)=0.000000
 (toolkits_wrapper.py:36)
2023-10-19 01:16:59 [    INFO] mem usage: 20 MB
 (toolkits_wrapper.py:36)
2023-10-19 01:16:59 [    INFO]   reset memory record...
 (toolkits_wrapper.py:36)
2023-10-19 01:16:59 [    INFO]   start memory record...
 (toolkits_wrapper.py:36)
2023-10-19 01:16:59 [    INFO] core_cost = 0.02(s)
 (toolkits_wrapper.py:36)
2023-10-19 01:16:59 [    INFO] max rank value is pr[0] = 0.837388
 (toolkits_wrapper.py:36)
2023-10-19 01:16:59 [    INFO] output_cost = 0.00(s)
 (toolkits_wrapper.py:36)
2023-10-19 01:16:59 [    INFO] total_cost = 0.14(s)
 (toolkits_wrapper.py:36)
2023-10-19 01:16:59 [    INFO] DONE. (toolkits_wrapper.py:36)
XFAIL (need id mapping)                                                  [ 27%]
test_algo.py::TestExec::test_exec_pagerank_python_embed[algo0-importor0] 
-------------------------------- live log setup --------------------------------
2023-10-19 01:16:59 [    INFO] importor start (conftest.py:73)
2023-10-19 01:17:03 [    INFO] from  [[2023-Oct-19 01:17:00.497633] [INFO] - Import finished in 1.09575 seconds.
]  find   [Import finished in] (toolkits_wrapper.py:25)
2023-10-19 01:17:03 [    INFO] importor succeed (conftest.py:78)
2023-10-19 01:17:03 [    INFO] algo start (conftest.py:204)
2023-10-19 01:17:03 [    INFO] from  [(True, '{"max_pr_vi": 1911, "max_pr": 0.00941849205917199, "num_vertices": 4039, "num_edges": 88234}')
]  find   ["max_pr": 0.009418] (toolkits_wrapper.py:25)
2023-10-19 01:17:03 [    INFO] exportor succeed (conftest.py:209)
PASSED                                                                   [ 27%]
test_algo.py::TestExec::test_exec_pagerank_python_standalone[algo0] 
-------------------------------- live log setup --------------------------------
2023-10-19 01:17:03 [    INFO] algo start (conftest.py:204)
2023-10-19 01:17:03 [    INFO] from  [max rank value is pr[1911] = 0.009418
]  find   [pr[1911] = 0.009418] (toolkits_wrapper.py:25)
2023-10-19 01:17:03 [    INFO] exportor succeed (conftest.py:209)
PASSED                                                                   [ 28%]
test_algo.py::TestExec::test_exec_ppr_embed[algo0-importor0] 
-------------------------------- live log setup --------------------------------
2023-10-19 01:17:03 [    INFO] importor start (conftest.py:73)
2023-10-19 01:17:08 [    INFO] from  [[2023-Oct-19 01:17:05.119089] [INFO] - Import finished in 1.10778 seconds.
]  find   [Import finished in] (toolkits_wrapper.py:25)
2023-10-19 01:17:08 [    INFO] importor succeed (conftest.py:78)
2023-10-19 01:17:08 [    INFO] algo start (conftest.py:204)
2023-10-19 01:17:08 [    INFO] /bin/sh: algo/ppr_embed: No such file or directory
 (toolkits_wrapper.py:36)
ERROR                                                                    [ 28%]
test_algo.py::TestExec::test_exec_ppr_standalone[algo0] 
-------------------------------- live log setup --------------------------------
2023-10-19 01:17:08 [    INFO] algo start (conftest.py:204)
2023-10-19 01:17:08 [    INFO] /bin/sh: algo/ppr_standalone: No such file or directory
 (toolkits_wrapper.py:36)
ERROR                                                                    [ 29%]
test_algo.py::TestExec::test_exec_scc_embed[algo0-importor0] 
-------------------------------- live log setup --------------------------------
2023-10-19 01:17:08 [    INFO] importor start (conftest.py:73)
2023-10-19 01:17:12 [    INFO] from  [[2023-Oct-19 01:17:09.311312] [INFO] - Import finished in 1.09633 seconds.
]  find   [Import finished in] (toolkits_wrapper.py:25)
2023-10-19 01:17:12 [    INFO] importor succeed (conftest.py:78)
2023-10-19 01:17:12 [    INFO] algo start (conftest.py:204)
2023-10-19 01:17:12 [    INFO] /bin/sh: algo/scc_embed: No such file or directory
 (toolkits_wrapper.py:36)
ERROR                                                                    [ 29%]
test_algo.py::TestExec::test_exec_scc_standalone[algo0] 
-------------------------------- live log setup --------------------------------
2023-10-19 01:17:12 [    INFO] algo start (conftest.py:204)
2023-10-19 01:17:12 [    INFO] /bin/sh: algo/scc_standalone: No such file or directory
 (toolkits_wrapper.py:36)
ERROR                                                                    [ 30%]
test_algo.py::TestExec::test_exec_slpa_embed[algo0-importor0] 
-------------------------------- live log setup --------------------------------
2023-10-19 01:17:12 [    INFO] importor start (conftest.py:73)
2023-10-19 01:17:16 [    INFO] from  [[2023-Oct-19 01:17:13.505510] [INFO] - Import finished in 1.09331 seconds.
]  find   [Import finished in] (toolkits_wrapper.py:25)
2023-10-19 01:17:16 [    INFO] importor succeed (conftest.py:78)
2023-10-19 01:17:16 [    INFO] algo start (conftest.py:204)
2023-10-19 01:17:16 [    INFO] /bin/sh: algo/slpa_embed: No such file or directory
 (toolkits_wrapper.py:36)
ERROR                                                                    [ 30%]
test_algo.py::TestExec::test_exec_slpa_standalone[algo0] 
-------------------------------- live log setup --------------------------------
2023-10-19 01:17:16 [    INFO] algo start (conftest.py:204)
2023-10-19 01:17:16 [    INFO] /bin/sh: algo/slpa_standalone: No such file or directory
 (toolkits_wrapper.py:36)
ERROR                                                                    [ 31%]
test_algo.py::TestExec::test_exec_spsp_embed[algo0-importor0] 
-------------------------------- live log setup --------------------------------
2023-10-19 01:17:16 [    INFO] importor start (conftest.py:73)
2023-10-19 01:17:20 [    INFO] from  [[2023-Oct-19 01:17:17.707877] [INFO] - Import finished in 1.10423 seconds.
]  find   [Import finished in] (toolkits_wrapper.py:25)
2023-10-19 01:17:20 [    INFO] importor succeed (conftest.py:78)
2023-10-19 01:17:20 [    INFO] algo start (conftest.py:204)
2023-10-19 01:17:20 [    INFO] /bin/sh: algo/spsp_embed: No such file or directory
 (toolkits_wrapper.py:36)
ERROR                                                                    [ 31%]
test_algo.py::TestExec::test_exec_spsp_standalone[algo0] 
-------------------------------- live log setup --------------------------------
2023-10-19 01:17:20 [    INFO] algo start (conftest.py:204)
2023-10-19 01:17:20 [    INFO] /bin/sh: algo/spsp_standalone: No such file or directory
 (toolkits_wrapper.py:36)
ERROR                                                                    [ 32%]
test_algo.py::TestExec::test_exec_sssp_embed[algo0-importor0] 
-------------------------------- live log setup --------------------------------
2023-10-19 01:17:20 [    INFO] importor start (conftest.py:73)
2023-10-19 01:17:24 [    INFO] from  [[2023-Oct-19 01:17:21.937634] [INFO] - Import finished in 1.12735 seconds.
]  find   [Import finished in] (toolkits_wrapper.py:25)
2023-10-19 01:17:24 [    INFO] importor succeed (conftest.py:78)
2023-10-19 01:17:24 [    INFO] algo start (conftest.py:204)
2023-10-19 01:17:25 [    INFO] from  [max distance is: distance[3981]=5.000000
]  find   []=5] (toolkits_wrapper.py:25)
2023-10-19 01:17:25 [    INFO] exportor succeed (conftest.py:209)
PASSED                                                                   [ 32%]
test_algo.py::TestExec::test_exec_sssp_standalone[algo0] 
-------------------------------- live log setup --------------------------------
2023-10-19 01:17:25 [    INFO] algo start (conftest.py:204)
2023-10-19 01:17:25 [    INFO] from  [max distance is: distance[4030]=5.000000
]  find   []=5] (toolkits_wrapper.py:25)
2023-10-19 01:17:25 [    INFO] exportor succeed (conftest.py:209)
PASSED                                                                   [ 33%]
test_algo.py::TestExec::test_exec_sssp_idmapping_standalone[algo0] 
-------------------------------- live log setup --------------------------------
2023-10-19 01:17:25 [    INFO] algo start (conftest.py:204)
2023-10-19 01:17:25 [    INFO] from  [max distance is: distance[4038a]=5.000000
]  find   []=5] (toolkits_wrapper.py:25)
2023-10-19 01:17:25 [    INFO] exportor succeed (conftest.py:209)
PASSED                                                                   [ 33%]
test_algo.py::TestExec::test_exec_sssp_without_idmapping_standalone[algo0] 
-------------------------------- live log setup --------------------------------
2023-10-19 01:17:25 [    INFO] algo start (conftest.py:204)
2023-10-19 01:17:25 [    INFO]   start memory record...
 (toolkits_wrapper.py:36)
2023-10-19 01:17:25 [    INFO] parameter:
 (toolkits_wrapper.py:36)
2023-10-19 01:17:25 [    INFO]   name: sssp
 (toolkits_wrapper.py:36)
2023-10-19 01:17:25 [    INFO]   root: 0a
 (toolkits_wrapper.py:36)
2023-10-19 01:17:25 [    INFO]   text read cost: 0.09(s)
 (toolkits_wrapper.py:36)
2023-10-19 01:17:25 [    INFO]   single pass read cost: 0.10(s)
 (toolkits_wrapper.py:36)
2023-10-19 01:17:25 [    INFO] mem usage: 1 MB
 (toolkits_wrapper.py:36)
2023-10-19 01:17:25 [    INFO]   reset memory record...
 (toolkits_wrapper.py:36)
2023-10-19 01:17:25 [    INFO]   start memory record...
 (toolkits_wrapper.py:36)
2023-10-19 01:17:25 [    INFO] prepare_cost = 0.11(s)
 (toolkits_wrapper.py:36)
2023-10-19 01:17:25 [    INFO] root:0
 (toolkits_wrapper.py:36)
2023-10-19 01:17:25 [    INFO] activates(0) <= 1
 (toolkits_wrapper.py:36)
2023-10-19 01:17:25 [    INFO] mem usage: 21 MB
 (toolkits_wrapper.py:36)
2023-10-19 01:17:25 [    INFO]   reset memory record...
 (toolkits_wrapper.py:36)
2023-10-19 01:17:25 [    INFO]   start memory record...
 (toolkits_wrapper.py:36)
2023-10-19 01:17:25 [    INFO] core_cost = 0.00(s)
 (toolkits_wrapper.py:36)
2023-10-19 01:17:25 [    INFO] max distance is: distance[0]=0.000000
 (toolkits_wrapper.py:36)
2023-10-19 01:17:25 [    INFO] output_cost = 0.00(s)
 (toolkits_wrapper.py:36)
2023-10-19 01:17:25 [    INFO] total_cost = 0.11(s)
 (toolkits_wrapper.py:36)
2023-10-19 01:17:25 [    INFO] DONE. (toolkits_wrapper.py:36)
XFAIL (need id mapping)                                                  [ 34%]
test_algo.py::TestExec::test_exec_sssp_python_embed[algo0-importor0] 
-------------------------------- live log setup --------------------------------
2023-10-19 01:17:25 [    INFO] importor start (conftest.py:73)
2023-10-19 01:17:30 [    INFO] from  [[2023-Oct-19 01:17:27.122161] [INFO] - Import finished in 1.11547 seconds.
]  find   [Import finished in] (toolkits_wrapper.py:25)
2023-10-19 01:17:30 [    INFO] importor succeed (conftest.py:78)
2023-10-19 01:17:30 [    INFO] algo start (conftest.py:204)
2023-10-19 01:17:30 [    INFO] from  [(True, '{"max_distance": 5.0, "max_vi": 3981, "num_vertices": 4039, "num_edges": 88234}')
]  find   ["max_distance": 5] (toolkits_wrapper.py:25)
2023-10-19 01:17:30 [    INFO] exportor succeed (conftest.py:209)
PASSED                                                                   [ 34%]
test_algo.py::TestExec::test_exec_sssp_python_standalone[algo0] 
-------------------------------- live log setup --------------------------------
2023-10-19 01:17:30 [    INFO] algo start (conftest.py:204)
2023-10-19 01:17:30 [    INFO] from  [max distance value is distance[3981] = 5.000000
]  find   [] = 5] (toolkits_wrapper.py:25)
2023-10-19 01:17:30 [    INFO] exportor succeed (conftest.py:209)
PASSED                                                                   [ 35%]
test_algo.py::TestExec::test_exec_subgraph_isomorphism_embed[algo0-importor0] 
-------------------------------- live log setup --------------------------------
2023-10-19 01:17:30 [    INFO] importor start (conftest.py:73)
2023-10-19 01:17:34 [    INFO] from  [[2023-Oct-19 01:17:31.643994] [INFO] - Import finished in 1.07861 seconds.
]  find   [Import finished in] (toolkits_wrapper.py:25)
2023-10-19 01:17:34 [    INFO] importor succeed (conftest.py:78)
2023-10-19 01:17:34 [    INFO] algo start (conftest.py:204)
2023-10-19 01:17:34 [    INFO] /bin/sh: algo/subgraph_isomorphism_embed: No such file or directory
 (toolkits_wrapper.py:36)
ERROR                                                                    [ 35%]
test_algo.py::TestExec::test_exec_subgraph_isomorphism_standalone[algo0] 
-------------------------------- live log setup --------------------------------
2023-10-19 01:17:34 [    INFO] algo start (conftest.py:204)
2023-10-19 01:17:34 [    INFO] /bin/sh: algo/subgraph_isomorphism_standalone: No such file or directory
 (toolkits_wrapper.py:36)
ERROR                                                                    [ 36%]
test_algo.py::TestExec::test_exec_sybilrank_embed[algo0-importor0] 
-------------------------------- live log setup --------------------------------
2023-10-19 01:17:34 [    INFO] importor start (conftest.py:73)
2023-10-19 01:17:38 [    INFO] from  [[2023-Oct-19 01:17:35.873147] [INFO] - Import finished in 1.09862 seconds.
]  find   [Import finished in] (toolkits_wrapper.py:25)
2023-10-19 01:17:38 [    INFO] importor succeed (conftest.py:78)
2023-10-19 01:17:38 [    INFO] algo start (conftest.py:204)
2023-10-19 01:17:38 [    INFO] /bin/sh: algo/sybilrank_embed: No such file or directory
 (toolkits_wrapper.py:36)
ERROR                                                                    [ 36%]
test_algo.py::TestExec::test_exec_sybilrank_standalone[algo0] 
-------------------------------- live log setup --------------------------------
2023-10-19 01:17:38 [    INFO] algo start (conftest.py:204)
2023-10-19 01:17:38 [    INFO] /bin/sh: algo/sybilrank_standalone: No such file or directory
 (toolkits_wrapper.py:36)
ERROR                                                                    [ 37%]
test_algo.py::TestExec::test_exec_triangle_embed[algo0-importor0] 
-------------------------------- live log setup --------------------------------
2023-10-19 01:17:38 [    INFO] importor start (conftest.py:73)
2023-10-19 01:17:43 [    INFO] from  [[2023-Oct-19 01:17:40.074367] [INFO] - Import finished in 1.10443 seconds.
]  find   [Import finished in] (toolkits_wrapper.py:25)
2023-10-19 01:17:43 [    INFO] importor succeed (conftest.py:78)
2023-10-19 01:17:43 [    INFO] algo start (conftest.py:204)
2023-10-19 01:17:43 [    INFO] from  [{"core_cost":0.03379511833190918,"discovered_triangles":1612010,"num_edges":176468,"num_vertices":4039,"output_cost":0.0,"prepare_cost":0.04035139083862305,"total_cost":0.07414650917053223}
]  find   ["discovered_triangles":1612010] (toolkits_wrapper.py:25)
2023-10-19 01:17:43 [    INFO] exportor succeed (conftest.py:209)
PASSED                                                                   [ 37%]
test_algo.py::TestExec::test_exec_triangle_standalone[algo0] 
-------------------------------- live log setup --------------------------------
2023-10-19 01:17:43 [    INFO] algo start (conftest.py:204)
2023-10-19 01:17:43 [    INFO] from  [discovered 1612010 triangles
]  find   [discovered 1612010 triangles] (toolkits_wrapper.py:25)
2023-10-19 01:17:43 [    INFO] exportor succeed (conftest.py:209)
PASSED                                                                   [ 38%]
test_algo.py::TestExec::test_exec_trustrank_embed[algo0-importor0] 
-------------------------------- live log setup --------------------------------
2023-10-19 01:17:43 [    INFO] importor start (conftest.py:73)
2023-10-19 01:17:47 [    INFO] from  [[2023-Oct-19 01:17:44.533028] [INFO] - Import finished in 1.07775 seconds.
]  find   [Import finished in] (toolkits_wrapper.py:25)
2023-10-19 01:17:47 [    INFO] importor succeed (conftest.py:78)
2023-10-19 01:17:47 [    INFO] algo start (conftest.py:204)
2023-10-19 01:17:47 [    INFO] /bin/sh: algo/trustrank_embed: No such file or directory
 (toolkits_wrapper.py:36)
ERROR                                                                    [ 38%]
test_algo.py::TestExec::test_exec_trustrank_standalone[algo0] 
-------------------------------- live log setup --------------------------------
2023-10-19 01:17:47 [    INFO] algo start (conftest.py:204)
2023-10-19 01:17:47 [    INFO] /bin/sh: algo/trustrank_standalone: No such file or directory
 (toolkits_wrapper.py:36)
ERROR                                                                    [ 39%]
test_algo.py::TestExec::test_exec_wcc_embed[algo0-importor0] 
-------------------------------- live log setup --------------------------------
2023-10-19 01:17:47 [    INFO] importor start (conftest.py:73)
2023-10-19 01:17:51 [    INFO] from  [[2023-Oct-19 01:17:48.728836] [INFO] - Import finished in 1.09286 seconds.
]  find   [Import finished in] (toolkits_wrapper.py:25)
2023-10-19 01:17:51 [    INFO] importor succeed (conftest.py:78)
2023-10-19 01:17:51 [    INFO] algo start (conftest.py:204)
2023-10-19 01:17:51 [    INFO] from  [{"core_cost":0.004664182662963867,"max_component":4039,"num_components":1,"num_edges":176468,"num_vertices":4039,"output_cost":0.0007386207580566406,"prepare_cost":0.045693159103393555,"total_cost":0.05109596252441406}
]  find   ["max_component":4039,"num_components":1] (toolkits_wrapper.py:25)
2023-10-19 01:17:51 [    INFO] exportor succeed (conftest.py:209)
PASSED                                                                   [ 39%]
test_algo.py::TestExec::test_exec_wcc_standalone[algo0] 
-------------------------------- live log setup --------------------------------
2023-10-19 01:17:51 [    INFO] algo start (conftest.py:204)
2023-10-19 01:17:52 [    INFO] from  [max_component = 4039
]  find   [max_component = 4039] (toolkits_wrapper.py:25)
2023-10-19 01:17:52 [    INFO] from  [num_components = 1
]  find   [num_components = 1] (toolkits_wrapper.py:25)
2023-10-19 01:17:52 [    INFO] exportor succeed (conftest.py:209)
PASSED                                                                   [ 40%]
test_algo.py::TestExec::test_exec_wcc_python_embed[algo0-importor0] 
-------------------------------- live log setup --------------------------------
2023-10-19 01:17:52 [    INFO] importor start (conftest.py:73)
2023-10-19 01:17:56 [    INFO] from  [[2023-Oct-19 01:17:53.143791] [INFO] - Import finished in 1.07592 seconds.
]  find   [Import finished in] (toolkits_wrapper.py:25)
2023-10-19 01:17:56 [    INFO] importor succeed (conftest.py:78)
2023-10-19 01:17:56 [    INFO] algo start (conftest.py:204)
2023-10-19 01:17:56 [    INFO] from  [(True, '{"max_component": 4039, "num_components": 1, "num_vertices": 4039, "num_edges": 176468}')
]  find   ["max_component": 4039] (toolkits_wrapper.py:25)
2023-10-19 01:17:56 [    INFO] exportor succeed (conftest.py:209)
PASSED                                                                   [ 40%]
test_algo.py::TestExec::test_exec_wcc_python_standalone[algo0] 
-------------------------------- live log setup --------------------------------
2023-10-19 01:17:56 [    INFO] algo start (conftest.py:204)
2023-10-19 01:17:56 [    INFO] from  [max_component = 4039
]  find   [max_component = 4039] (toolkits_wrapper.py:25)
2023-10-19 01:17:56 [    INFO] from  [num_components = 1
]  find   [num_components = 1] (toolkits_wrapper.py:25)
2023-10-19 01:17:56 [    INFO] exportor succeed (conftest.py:209)
PASSED                                                                   [ 41%]
test_algo.py::TestExec::test_exec_wlpa_embed[algo0-importor0] 
-------------------------------- live log setup --------------------------------
2023-10-19 01:17:56 [    INFO] importor start (conftest.py:73)
2023-10-19 01:18:00 [    INFO] from  [[2023-Oct-19 01:17:57.737236] [INFO] - Import finished in 1.12911 seconds.
]  find   [Import finished in] (toolkits_wrapper.py:25)
2023-10-19 01:18:00 [    INFO] importor succeed (conftest.py:78)
2023-10-19 01:18:00 [    INFO] algo start (conftest.py:204)
2023-10-19 01:18:00 [    INFO] /bin/sh: algo/wlpa_embed: No such file or directory
 (toolkits_wrapper.py:36)
ERROR                                                                    [ 41%]
test_algo.py::TestExec::test_exec_wlpa_standalone[algo0] 
-------------------------------- live log setup --------------------------------
2023-10-19 01:18:00 [    INFO] algo start (conftest.py:204)
2023-10-19 01:18:00 [    INFO] /bin/sh: algo/wlpa_standalone: No such file or directory
 (toolkits_wrapper.py:36)
ERROR                                                                    [ 42%]
test_algo.py::TestExec::test_exec_wpagerank__embed[algo0-importor0] 
-------------------------------- live log setup --------------------------------
2023-10-19 01:18:00 [    INFO] importor start (conftest.py:73)
2023-10-19 01:18:04 [    INFO] from  [[2023-Oct-19 01:18:01.968149] [INFO] - Import finished in 1.1307 seconds.
]  find   [Import finished in] (toolkits_wrapper.py:25)
2023-10-19 01:18:04 [    INFO] importor succeed (conftest.py:78)
2023-10-19 01:18:04 [    INFO] algo start (conftest.py:204)
2023-10-19 01:18:04 [    INFO] /bin/sh: algo/wpagerank_embed: No such file or directory
 (toolkits_wrapper.py:36)
ERROR                                                                    [ 42%]
test_algo.py::TestExec::test_exec_wpagerank__standalone[algo0] 
-------------------------------- live log setup --------------------------------
2023-10-19 01:18:05 [    INFO] algo start (conftest.py:204)
2023-10-19 01:18:05 [    INFO] /bin/sh: algo/wpagerank_standalone: No such file or directory
 (toolkits_wrapper.py:36)
ERROR                                                                    [ 43%]
test_backup.py::TestBackup::test_backup_data[client_10-server_10-backup_copy_dir0-server0-importor0] 
-------------------------------- live log setup --------------------------------
2023-10-19 01:18:05 [    INFO] importor start (conftest.py:73)
2023-10-19 01:18:08 [    INFO] from  [[2023-Oct-19 01:18:05.359482] [INFO] - Import finished in 0.241222 seconds.
]  find   [Import finished in] (toolkits_wrapper.py:25)
2023-10-19 01:18:08 [    INFO] importor succeed (conftest.py:78)
2023-10-19 01:18:08 [    INFO] server start (conftest.py:18)
2023-10-19 01:18:09 [    INFO] Server started (conftest.py:23)
2023-10-19 01:18:09 [    INFO] backup_binlog start (conftest.py:109)
2023-10-19 01:18:09 [    INFO] from  [Backing up data from [./testdb] to [./testdb1]
]  find   [Backing up data from] (toolkits_wrapper.py:25)
2023-10-19 01:18:09 [    INFO] backup_binlog succeed (conftest.py:114)
2023-10-19 01:18:09 [    INFO] server start (conftest.py:18)
2023-10-19 01:18:10 [    INFO] Server started (conftest.py:23)
2023-10-19 01:18:10 [    INFO] client start (conftest.py:34)
2023-10-19 01:18:10 [    INFO] client succeed (conftest.py:38)
PASSED                                                                   [ 43%]
------------------------------ live log teardown -------------------------------
2023-10-19 01:18:10 [    INFO] Client stoped (conftest.py:47)
2023-10-19 01:18:10 [    INFO] Server stoped (conftest.py:26)
2023-10-19 01:18:10 [    INFO] Server stoped (conftest.py:26)

test_backup.py::TestBackup::test_unbackup_data[client_10-server_10-server0-importor0] 
-------------------------------- live log setup --------------------------------
2023-10-19 01:18:10 [    INFO] importor start (conftest.py:73)
2023-10-19 01:18:13 [    INFO] from  [[2023-Oct-19 01:18:10.793665] [INFO] - Import finished in 0.237237 seconds.
]  find   [Import finished in] (toolkits_wrapper.py:25)
2023-10-19 01:18:13 [    INFO] importor succeed (conftest.py:78)
2023-10-19 01:18:13 [    INFO] server start (conftest.py:18)
2023-10-19 01:18:14 [    INFO] Server started (conftest.py:23)
2023-10-19 01:18:14 [    INFO] server start (conftest.py:18)
2023-10-19 01:18:15 [    INFO] Server started (conftest.py:23)
2023-10-19 01:18:15 [    INFO] client start (conftest.py:34)
2023-10-19 01:18:15 [    INFO] client succeed (conftest.py:38)
PASSED                                                                   [ 44%]
------------------------------ live log teardown -------------------------------
2023-10-19 01:18:15 [    INFO] Client stoped (conftest.py:47)
2023-10-19 01:18:15 [    INFO] Server stoped (conftest.py:26)
2023-10-19 01:18:15 [    INFO] Server stoped (conftest.py:26)

test_backup.py::TestBackup::test_backup_plugin[client_10-server_10-backup_copy_dir0-client0-server0-build_so0] 
-------------------------------- live log setup --------------------------------
2023-10-19 01:18:25 [    INFO] server start (conftest.py:18)
2023-10-19 01:18:26 [    INFO] Server started (conftest.py:23)
2023-10-19 01:18:26 [    INFO] client start (conftest.py:34)
2023-10-19 01:18:26 [    INFO] client succeed (conftest.py:38)
2023-10-19 01:18:26 [    INFO] backup_binlog start (conftest.py:109)
2023-10-19 01:18:26 [    INFO] from  [Backing up data from [./testdb] to [./testdb1]
]  find   [Backing up data from] (toolkits_wrapper.py:25)
2023-10-19 01:18:26 [    INFO] backup_binlog succeed (conftest.py:114)
2023-10-19 01:18:26 [    INFO] server start (conftest.py:18)
2023-10-19 01:18:27 [    INFO] Server started (conftest.py:23)
2023-10-19 01:18:27 [    INFO] client start (conftest.py:34)
2023-10-19 01:18:27 [    INFO] client succeed (conftest.py:38)
PASSED                                                                   [ 44%]
------------------------------ live log teardown -------------------------------
2023-10-19 01:18:27 [    INFO] Client stoped (conftest.py:47)
2023-10-19 01:18:27 [    INFO] Server stoped (conftest.py:26)
2023-10-19 01:18:27 [    INFO] Client stoped (conftest.py:47)
2023-10-19 01:18:27 [    INFO] Server stoped (conftest.py:26)

test_backup.py::TestBackup::test_unbackup_plugin[client_10-server_10-client0-server0-build_so0] 
-------------------------------- live log setup --------------------------------
2023-10-19 01:18:36 [    INFO] server start (conftest.py:18)
2023-10-19 01:18:37 [    INFO] Server started (conftest.py:23)
2023-10-19 01:18:37 [    INFO] client start (conftest.py:34)
2023-10-19 01:18:37 [    INFO] client succeed (conftest.py:38)
2023-10-19 01:18:37 [    INFO] server start (conftest.py:18)
2023-10-19 01:18:38 [    INFO] Server started (conftest.py:23)
2023-10-19 01:18:38 [    INFO] client start (conftest.py:34)
2023-10-19 01:18:38 [    INFO] client succeed (conftest.py:38)
PASSED                                                                   [ 45%]
------------------------------ live log teardown -------------------------------
2023-10-19 01:18:38 [    INFO] Client stoped (conftest.py:47)
2023-10-19 01:18:38 [    INFO] Server stoped (conftest.py:26)
2023-10-19 01:18:38 [    INFO] Client stoped (conftest.py:47)
2023-10-19 01:18:38 [    INFO] Server stoped (conftest.py:26)

test_bin_log.py::TestBinLog::test_remote_backup_none_binlog[client0-server_10-copy_snapshot0-importor0-server0] 
-------------------------------- live log setup --------------------------------
2023-10-19 01:18:38 [    INFO] server start (conftest.py:18)
2023-10-19 01:18:39 [    INFO] Server started (conftest.py:23)
2023-10-19 01:18:39 [    INFO] importor start (conftest.py:73)
2023-10-19 01:18:42 [    INFO] from  [[2023-Oct-19 01:18:39.809276] [INFO] - Import finished in 0.15121 seconds.
]  find   [Import finished in] (toolkits_wrapper.py:25)
2023-10-19 01:18:42 [    INFO] importor succeed (conftest.py:78)
2023-10-19 01:18:42 [    INFO] src : ./testdb/snapshot/2023-10-19_01.18.38.713249 (conftest.py:151)
2023-10-19 01:18:42 [    INFO] src_res : ['total 16', 'drwxr-xr-x 4 root root 4096 10 19 01:18 .', 'drwxr-xr-x 3 root root 4096 10 19 01:18 ..', 'drwxr-xr-x 2 root root 4096 10 19 01:18 03DB71C4B6DA91F09BAB8DA96F5D8F17', 'drwxr-xr-x 2 root root 4096 10 19 01:18 .meta', ''] (conftest.py:157)
2023-10-19 01:18:42 [    INFO] dst_res : ['total 16', 'drwxr-xr-x  4 root root 4096 10 19 01:18 .', 'drwxr-xr-x 22 root root 4096 10 19 01:18 ..', 'drwxr-xr-x  2 root root 4096 10 19 01:18 03DB71C4B6DA91F09BAB8DA96F5D8F17', 'drwxr-xr-x  2 root root 4096 10 19 01:18 .meta', ''] (conftest.py:160)
2023-10-19 01:18:46 [    INFO] server start (conftest.py:18)
2023-10-19 01:18:47 [    INFO] Server started (conftest.py:23)
2023-10-19 01:18:47 [    INFO] client start (conftest.py:34)
2023-10-19 01:18:47 [    INFO] client succeed (conftest.py:38)
PASSED                                                                   [ 45%]
------------------------------ live log teardown -------------------------------
2023-10-19 01:18:47 [    INFO] Client stoped (conftest.py:47)
2023-10-19 01:18:47 [    INFO] Server stoped (conftest.py:26)
2023-10-19 01:18:47 [    INFO] Server stoped (conftest.py:26)

test_bin_log.py::TestBinLog::test_remote_backup_with_binlog[client0-backup_binlog0-server_10-copy_snapshot0-importor0-server0] 
-------------------------------- live log setup --------------------------------
2023-10-19 01:18:47 [    INFO] server start (conftest.py:18)
2023-10-19 01:18:48 [    INFO] Server started (conftest.py:23)
2023-10-19 01:18:48 [    INFO] importor start (conftest.py:73)
2023-10-19 01:18:52 [    INFO] from  [[2023-Oct-19 01:18:49.079201] [INFO] - Import finished in 0.149301 seconds.
]  find   [Import finished in] (toolkits_wrapper.py:25)
2023-10-19 01:18:52 [    INFO] importor succeed (conftest.py:78)
2023-10-19 01:18:52 [    INFO] src : ./testdb/snapshot/2023-10-19_01.18.47.973719 (conftest.py:151)
2023-10-19 01:18:52 [    INFO] src_res : ['total 16', 'drwxr-xr-x 4 root root 4096 10 19 01:18 .', 'drwxr-xr-x 3 root root 4096 10 19 01:18 ..', 'drwxr-xr-x 2 root root 4096 10 19 01:18 970036E5CF8692E16B5085D1715D8F17', 'drwxr-xr-x 2 root root 4096 10 19 01:18 .meta', ''] (conftest.py:157)
2023-10-19 01:18:52 [    INFO] dst_res : ['total 16', 'drwxr-xr-x  4 root root 4096 10 19 01:18 .', 'drwxr-xr-x 22 root root 4096 10 19 01:18 ..', 'drwxr-xr-x  2 root root 4096 10 19 01:18 970036E5CF8692E16B5085D1715D8F17', 'drwxr-xr-x  2 root root 4096 10 19 01:18 .meta', ''] (conftest.py:160)
2023-10-19 01:18:56 [    INFO] server start (conftest.py:18)
2023-10-19 01:18:57 [    INFO] Server started (conftest.py:23)
2023-10-19 01:18:57 [    INFO] backup_binlog start (conftest.py:98)
2023-10-19 01:18:57 [    INFO] from  [Processed 10 log items at 282.648 tps
]  find   [Processed] (toolkits_wrapper.py:25)
2023-10-19 01:18:57 [    INFO] backup_binlog succeed (conftest.py:103)
2023-10-19 01:18:57 [    INFO] client start (conftest.py:34)
2023-10-19 01:18:57 [    INFO] client succeed (conftest.py:38)
PASSED                                                                   [ 46%]
------------------------------ live log teardown -------------------------------
2023-10-19 01:18:57 [    INFO] Client stoped (conftest.py:47)
2023-10-19 01:18:57 [    INFO] Server stoped (conftest.py:26)
2023-10-19 01:18:57 [    INFO] Server stoped (conftest.py:26)

test_bin_log.py::TestBinLog::test_local_backup_none_binlog[client0-server_10-copy_snapshot0-importor0-server0] 
-------------------------------- live log setup --------------------------------
2023-10-19 01:18:57 [    INFO] server start (conftest.py:18)
2023-10-19 01:18:58 [    INFO] Server started (conftest.py:23)
2023-10-19 01:18:58 [    INFO] importor start (conftest.py:73)
2023-10-19 01:19:01 [    INFO] from  [[2023-Oct-19 01:18:58.583438] [INFO] - Import finished in 0.149775 seconds.
]  find   [Import finished in] (toolkits_wrapper.py:25)
2023-10-19 01:19:01 [    INFO] importor succeed (conftest.py:78)
2023-10-19 01:19:01 [    INFO] src : ./testdb/snapshot/2023-10-19_01.18.57.482893 (conftest.py:151)
2023-10-19 01:19:01 [    INFO] src_res : ['total 16', 'drwxr-xr-x 4 root root 4096 10 19 01:18 .', 'drwxr-xr-x 3 root root 4096 10 19 01:18 ..', 'drwxr-xr-x 2 root root 4096 10 19 01:18 89CF1F20A84902F8F90C4B08745D8F17', 'drwxr-xr-x 2 root root 4096 10 19 01:18 .meta', ''] (conftest.py:157)
2023-10-19 01:19:01 [    INFO] dst_res : ['total 16', 'drwxr-xr-x  4 root root 4096 10 19 01:19 .', 'drwxr-xr-x 22 root root 4096 10 19 01:19 ..', 'drwxr-xr-x  2 root root 4096 10 19 01:19 89CF1F20A84902F8F90C4B08745D8F17', 'drwxr-xr-x  2 root root 4096 10 19 01:19 .meta', ''] (conftest.py:160)
2023-10-19 01:19:05 [    INFO] server start (conftest.py:18)
2023-10-19 01:19:06 [    INFO] Server started (conftest.py:23)
2023-10-19 01:19:06 [    INFO] client start (conftest.py:34)
2023-10-19 01:19:06 [    INFO] client succeed (conftest.py:38)
PASSED                                                                   [ 46%]
------------------------------ live log teardown -------------------------------
2023-10-19 01:19:06 [    INFO] Client stoped (conftest.py:47)
2023-10-19 01:19:06 [    INFO] Server stoped (conftest.py:26)
2023-10-19 01:19:06 [    INFO] Server stoped (conftest.py:26)

test_bin_log.py::TestBinLog::test_local_backup_with_binlog[client0-server_10-backup_binlog0-copy_snapshot0-importor0-server0] 
-------------------------------- live log setup --------------------------------
2023-10-19 01:19:06 [    INFO] server start (conftest.py:18)
2023-10-19 01:19:07 [    INFO] Server started (conftest.py:23)
2023-10-19 01:19:07 [    INFO] importor start (conftest.py:73)
2023-10-19 01:19:10 [    INFO] from  [[2023-Oct-19 01:19:07.868660] [INFO] - Import finished in 0.14582 seconds.
]  find   [Import finished in] (toolkits_wrapper.py:25)
2023-10-19 01:19:10 [    INFO] importor succeed (conftest.py:78)
2023-10-19 01:19:10 [    INFO] src : ./testdb/snapshot/2023-10-19_01.19.06.769711 (conftest.py:151)
2023-10-19 01:19:10 [    INFO] src_res : ['total 16', 'drwxr-xr-x 4 root root 4096 10 19 01:19 .', 'drwxr-xr-x 3 root root 4096 10 19 01:19 ..', 'drwxr-xr-x 2 root root 4096 10 19 01:19 A2995C2117BE4E460816D931765D8F17', 'drwxr-xr-x 2 root root 4096 10 19 01:19 .meta', ''] (conftest.py:157)
2023-10-19 01:19:10 [    INFO] dst_res : ['total 16', 'drwxr-xr-x  4 root root 4096 10 19 01:19 .', 'drwxr-xr-x 22 root root 4096 10 19 01:19 ..', 'drwxr-xr-x  2 root root 4096 10 19 01:19 A2995C2117BE4E460816D931765D8F17', 'drwxr-xr-x  2 root root 4096 10 19 01:19 .meta', ''] (conftest.py:160)
2023-10-19 01:19:14 [    INFO] backup_binlog start (conftest.py:98)
2023-10-19 01:19:14 [    INFO] from  [Processed 10 log items at 244.092 tps
]  find   [Processed] (toolkits_wrapper.py:25)
2023-10-19 01:19:14 [    INFO] backup_binlog succeed (conftest.py:103)
2023-10-19 01:19:14 [    INFO] server start (conftest.py:18)
2023-10-19 01:19:15 [    INFO] Server started (conftest.py:23)
2023-10-19 01:19:15 [    INFO] client start (conftest.py:34)
2023-10-19 01:19:15 [    INFO] client succeed (conftest.py:38)
PASSED                                                                   [ 47%]
------------------------------ live log teardown -------------------------------
2023-10-19 01:19:16 [    INFO] Client stoped (conftest.py:47)
2023-10-19 01:19:16 [    INFO] Server stoped (conftest.py:26)
2023-10-19 01:19:16 [    INFO] Server stoped (conftest.py:26)

test_cpp_client.py::TestCppClient::test_cpp_client[exec0-server0-build_so0] 
-------------------------------- live log setup --------------------------------
2023-10-19 01:19:29 [    INFO] server start (conftest.py:18)
2023-10-19 01:19:30 [    INFO] Server started (conftest.py:23)
2023-10-19 01:19:30 [    INFO] exec start (conftest.py:188)
2023-10-19 01:19:30 [    INFO] cmd : ./clienttest (executable_wrapper.py:11)
2023-10-19 01:19:30 [    INFO] log : fdVhp64b.log (executable_wrapper.py:25)
2023-10-19 01:19:30 [    INFO] log : fdVhp64b.log (executable_wrapper.py:25)
2023-10-19 01:19:30 [    INFO] open fdVhp64b.log (conftest.py:194)
2023-10-19 01:19:30 [    INFO] /bin/sh: ./clienttest: No such file or directory
 (conftest.py:196)
ERROR                                                                    [ 47%]
------------------------------ live log teardown -------------------------------
2023-10-19 01:19:30 [    INFO] Server stoped (conftest.py:26)

test_cypher.py::TestCypher::test_config_update_one[client0-server0] 
-------------------------------- live log setup --------------------------------
2023-10-19 01:19:30 [    INFO] server start (conftest.py:18)
2023-10-19 01:19:31 [    INFO] Server started (conftest.py:23)
2023-10-19 01:19:31 [    INFO] client start (conftest.py:34)
2023-10-19 01:19:31 [    INFO] client succeed (conftest.py:38)
PASSED                                                                   [ 48%]
------------------------------ live log teardown -------------------------------
2023-10-19 01:19:31 [    INFO] Client stoped (conftest.py:47)
2023-10-19 01:19:31 [    INFO] Server stoped (conftest.py:26)

test_cypher.py::TestCypher::test_config_list_one[client0-server0] 
-------------------------------- live log setup --------------------------------
2023-10-19 01:19:31 [    INFO] server start (conftest.py:18)
2023-10-19 01:19:32 [    INFO] Server started (conftest.py:23)
2023-10-19 01:19:32 [    INFO] client start (conftest.py:34)
2023-10-19 01:19:32 [    INFO] client succeed (conftest.py:38)
PASSED                                                                   [ 48%]
------------------------------ live log teardown -------------------------------
2023-10-19 01:19:32 [    INFO] Client stoped (conftest.py:47)
2023-10-19 01:19:32 [    INFO] Server stoped (conftest.py:26)

test_cypher.py::TestCypher::test_config_update_two[client0-server0] 
-------------------------------- live log setup --------------------------------
2023-10-19 01:19:32 [    INFO] server start (conftest.py:18)
2023-10-19 01:19:33 [    INFO] Server started (conftest.py:23)
2023-10-19 01:19:33 [    INFO] client start (conftest.py:34)
2023-10-19 01:19:33 [    INFO] client succeed (conftest.py:38)
PASSED                                                                   [ 49%]
------------------------------ live log teardown -------------------------------
2023-10-19 01:19:33 [    INFO] Client stoped (conftest.py:47)
2023-10-19 01:19:33 [    INFO] Server stoped (conftest.py:26)

test_cypher.py::TestCypher::test_config_list_two[client0-server0] 
-------------------------------- live log setup --------------------------------
2023-10-19 01:19:33 [    INFO] server start (conftest.py:18)
2023-10-19 01:19:34 [    INFO] Server started (conftest.py:23)
2023-10-19 01:19:34 [    INFO] client start (conftest.py:34)
2023-10-19 01:19:34 [    INFO] client succeed (conftest.py:38)
PASSED                                                                   [ 49%]
------------------------------ live log teardown -------------------------------
2023-10-19 01:19:34 [    INFO] Client stoped (conftest.py:47)
2023-10-19 01:19:34 [    INFO] Server stoped (conftest.py:26)

test_cypher.py::TestCypher::test_persisted_after_reboot[client0-server0] 
-------------------------------- live log setup --------------------------------
2023-10-19 01:19:34 [    INFO] server start (conftest.py:18)
2023-10-19 01:19:35 [    INFO] Server started (conftest.py:23)
2023-10-19 01:19:35 [    INFO] client start (conftest.py:34)
2023-10-19 01:19:35 [    INFO] client succeed (conftest.py:38)
PASSED                                                                   [ 50%]
------------------------------ live log teardown -------------------------------
2023-10-19 01:19:35 [    INFO] Client stoped (conftest.py:47)
2023-10-19 01:19:35 [    INFO] Server stoped (conftest.py:26)

test_cypher.py::TestCypher::test_issue406[client0-server0] 
-------------------------------- live log setup --------------------------------
2023-10-19 01:19:35 [    INFO] server start (conftest.py:18)
2023-10-19 01:19:36 [    INFO] Server started (conftest.py:23)
2023-10-19 01:19:36 [    INFO] client start (conftest.py:34)
2023-10-19 01:19:36 [    INFO] client succeed (conftest.py:38)
PASSED                                                                   [ 50%]
------------------------------ live log teardown -------------------------------
2023-10-19 01:19:36 [    INFO] Client stoped (conftest.py:47)
2023-10-19 01:19:36 [    INFO] Server stoped (conftest.py:26)

test_embedded_api.py::TestEmbeddedApi::test_embedded_api[exec0] 
-------------------------------- live log setup --------------------------------
2023-10-19 01:19:36 [    INFO] exec start (conftest.py:188)
2023-10-19 01:19:36 [    INFO] cmd : python3 embedded_api_unittest.py (executable_wrapper.py:11)
PASSED                                                                   [ 51%]
test_export.py::TestExport::test_export_default[client0-server0-importor_10-exportor0-importor0] 
-------------------------------- live log setup --------------------------------
2023-10-19 01:19:37 [    INFO] importor start (conftest.py:73)
2023-10-19 01:19:40 [    INFO] from  [[2023-Oct-19 01:19:37.414532] [INFO] - Import finished in 0.236314 seconds.
]  find   [Import finished in] (toolkits_wrapper.py:25)
2023-10-19 01:19:40 [    INFO] importor succeed (conftest.py:78)
2023-10-19 01:19:40 [    INFO] exportor start (conftest.py:87)
2023-10-19 01:19:40 [    INFO] from  [Export successful in 0.348359 seconds.
]  find   [Export successful in] (toolkits_wrapper.py:25)
2023-10-19 01:19:40 [    INFO] exportor succeed (conftest.py:92)
2023-10-19 01:19:40 [    INFO] importor start (conftest.py:73)
2023-10-19 01:19:44 [    INFO] from  [[2023-Oct-19 01:19:41.097711] [INFO] - Import finished in 0.24056 seconds.
]  find   [Import finished in] (toolkits_wrapper.py:25)
2023-10-19 01:19:44 [    INFO] importor succeed (conftest.py:78)
2023-10-19 01:19:44 [    INFO] server start (conftest.py:18)
2023-10-19 01:19:45 [    INFO] Server started (conftest.py:23)
2023-10-19 01:19:45 [    INFO] client start (conftest.py:34)
2023-10-19 01:19:45 [    INFO] client succeed (conftest.py:38)
-------------------------------- live log call ---------------------------------
2023-10-19 01:19:45 [    INFO] res : [{'n': {'identity': 0, 'label': 'Film', 'properties': {'title': 'Goodbye, Mr. Chips'}}}, {'n': {'identity': 1, 'label': 'Film', 'properties': {'title': 'Batman Begins'}}}, {'n': {'identity': 2, 'label': 'Film', 'properties': {'title': "Harry Potter and the Sorcerer's Stone"}}}, {'n': {'identity': 3, 'label': 'Film', 'properties': {'title': 'The Parent Trap'}}}, {'n': {'identity': 4, 'label': 'Film', 'properties': {'title': 'Camelot'}}}, {'n': {'identity': 5, 'label': 'Person', 'properties': {'birthyear': 1910, 'name': 'Rachel Kempson', 'phone': 10086}}}, {'n': {'identity': 6, 'label': 'Person', 'properties': {'birthyear': 1908, 'name': 'Michael Redgrave', 'phone': 10087}}}, {'n': {'identity': 7, 'label': 'Person', 'properties': {'birthyear': 1937, 'name': 'Vanessa Redgrave', 'phone': 10088}}}, {'n': {'identity': 8, 'label': 'Person', 'properties': {'birthyear': 1939, 'name': 'Corin Redgrave', 'phone': 10089}}}, {'n': {'identity': 9, 'label': 'Person', 'properties': {'birthyear': 1952, 'name': 'Liam Neeson', 'phone': 10090}}}, {'n': {'identity': 10, 'label': 'Person', 'properties': {'birthyear': 1963, 'name': 'Natasha Richardson', 'phone': 10091}}}, {'n': {'identity': 11, 'label': 'Person', 'properties': {'birthyear': 1930, 'name': 'Richard Harris', 'phone': 10092}}}, {'n': {'identity': 12, 'label': 'Person', 'properties': {'birthyear': 1954, 'name': 'Dennis Quaid', 'phone': 10093}}}, {'n': {'identity': 13, 'label': 'Person', 'properties': {'birthyear': 1986, 'name': 'Lindsay Lohan', 'phone': 10094}}}, {'n': {'identity': 14, 'label': 'Person', 'properties': {'birthyear': 1965, 'name': 'Jemma Redgrave', 'phone': 10095}}}, {'n': {'identity': 15, 'label': 'Person', 'properties': {'birthyear': 1873, 'name': 'Roy Redgrave', 'phone': 10096}}}, {'n': {'identity': 16, 'label': 'Person', 'properties': {'birthyear': 1932, 'name': 'John Williams', 'phone': 10097}}}, {'n': {'identity': 17, 'label': 'Person', 'properties': {'birthyear': 1970, 'name': 'Christopher Nolan', 'phone': 10098}}}, {'n': {'identity': 18, 'label': 'City', 'properties': {'name': 'New York'}}}, {'n': {'identity': 19, 'label': 'City', 'properties': {'name': 'London'}}}, {'n': {'identity': 20, 'label': 'City', 'properties': {'name': 'Houston'}}}] (test_export.py:45)
PASSED                                                                   [ 51%]
------------------------------ live log teardown -------------------------------
2023-10-19 01:19:45 [    INFO] Client stoped (conftest.py:47)
2023-10-19 01:19:45 [    INFO] Server stoped (conftest.py:26)

test_export.py::TestExport::test_export_json[client0-server0-importor_10-exportor0-importor0] 
-------------------------------- live log setup --------------------------------
2023-10-19 01:19:45 [    INFO] importor start (conftest.py:73)
2023-10-19 01:19:48 [    INFO] from  [[2023-Oct-19 01:19:45.433463] [INFO] - Import finished in 0.231889 seconds.
]  find   [Import finished in] (toolkits_wrapper.py:25)
2023-10-19 01:19:48 [    INFO] importor succeed (conftest.py:78)
2023-10-19 01:19:48 [    INFO] exportor start (conftest.py:87)
2023-10-19 01:19:48 [    INFO] from  [Export successful in 0.326933 seconds.
]  find   [Export successful in] (toolkits_wrapper.py:25)
2023-10-19 01:19:48 [    INFO] exportor succeed (conftest.py:92)
2023-10-19 01:19:48 [    INFO] importor start (conftest.py:73)
2023-10-19 01:19:52 [    INFO] from  [[2023-Oct-19 01:19:49.079867] [INFO] - Import finished in 0.233979 seconds.
]  find   [Import finished in] (toolkits_wrapper.py:25)
2023-10-19 01:19:52 [    INFO] importor succeed (conftest.py:78)
2023-10-19 01:19:52 [    INFO] server start (conftest.py:18)
2023-10-19 01:19:53 [    INFO] Server started (conftest.py:23)
2023-10-19 01:19:53 [    INFO] client start (conftest.py:34)
2023-10-19 01:19:53 [    INFO] client succeed (conftest.py:38)
-------------------------------- live log call ---------------------------------
2023-10-19 01:19:53 [    INFO] res : [{'n': {'identity': 0, 'label': 'Film', 'properties': {'title': 'Goodbye, Mr. Chips'}}}, {'n': {'identity': 1, 'label': 'Film', 'properties': {'title': 'Batman Begins'}}}, {'n': {'identity': 2, 'label': 'Film', 'properties': {'title': "Harry Potter and the Sorcerer's Stone"}}}, {'n': {'identity': 3, 'label': 'Film', 'properties': {'title': 'The Parent Trap'}}}, {'n': {'identity': 4, 'label': 'Film', 'properties': {'title': 'Camelot'}}}, {'n': {'identity': 5, 'label': 'Person', 'properties': {'birthyear': 1910, 'name': 'Rachel Kempson', 'phone': 10086}}}, {'n': {'identity': 6, 'label': 'Person', 'properties': {'birthyear': 1908, 'name': 'Michael Redgrave', 'phone': 10087}}}, {'n': {'identity': 7, 'label': 'Person', 'properties': {'birthyear': 1937, 'name': 'Vanessa Redgrave', 'phone': 10088}}}, {'n': {'identity': 8, 'label': 'Person', 'properties': {'birthyear': 1939, 'name': 'Corin Redgrave', 'phone': 10089}}}, {'n': {'identity': 9, 'label': 'Person', 'properties': {'birthyear': 1952, 'name': 'Liam Neeson', 'phone': 10090}}}, {'n': {'identity': 10, 'label': 'Person', 'properties': {'birthyear': 1963, 'name': 'Natasha Richardson', 'phone': 10091}}}, {'n': {'identity': 11, 'label': 'Person', 'properties': {'birthyear': 1930, 'name': 'Richard Harris', 'phone': 10092}}}, {'n': {'identity': 12, 'label': 'Person', 'properties': {'birthyear': 1954, 'name': 'Dennis Quaid', 'phone': 10093}}}, {'n': {'identity': 13, 'label': 'Person', 'properties': {'birthyear': 1986, 'name': 'Lindsay Lohan', 'phone': 10094}}}, {'n': {'identity': 14, 'label': 'Person', 'properties': {'birthyear': 1965, 'name': 'Jemma Redgrave', 'phone': 10095}}}, {'n': {'identity': 15, 'label': 'Person', 'properties': {'birthyear': 1873, 'name': 'Roy Redgrave', 'phone': 10096}}}, {'n': {'identity': 16, 'label': 'Person', 'properties': {'birthyear': 1932, 'name': 'John Williams', 'phone': 10097}}}, {'n': {'identity': 17, 'label': 'Person', 'properties': {'birthyear': 1970, 'name': 'Christopher Nolan', 'phone': 10098}}}, {'n': {'identity': 18, 'label': 'City', 'properties': {'name': 'New York'}}}, {'n': {'identity': 19, 'label': 'City', 'properties': {'name': 'London'}}}, {'n': {'identity': 20, 'label': 'City', 'properties': {'name': 'Houston'}}}] (test_export.py:58)
PASSED                                                                   [ 52%]
------------------------------ live log teardown -------------------------------
2023-10-19 01:19:53 [    INFO] Client stoped (conftest.py:47)
2023-10-19 01:19:53 [    INFO] Server stoped (conftest.py:26)

test_export.py::TestExport::test_export_csv[client0-server0-importor_10-exportor0-importor0] 
-------------------------------- live log setup --------------------------------
2023-10-19 01:19:53 [    INFO] importor start (conftest.py:73)
2023-10-19 01:19:56 [    INFO] from  [[2023-Oct-19 01:19:53.417343] [INFO] - Import finished in 0.234191 seconds.
]  find   [Import finished in] (toolkits_wrapper.py:25)
2023-10-19 01:19:56 [    INFO] importor succeed (conftest.py:78)
2023-10-19 01:19:56 [    INFO] exportor start (conftest.py:87)
2023-10-19 01:19:56 [    INFO] from  [Export successful in 0.329842 seconds.
]  find   [Export successful in] (toolkits_wrapper.py:25)
2023-10-19 01:19:56 [    INFO] exportor succeed (conftest.py:92)
2023-10-19 01:19:56 [    INFO] importor start (conftest.py:73)
2023-10-19 01:20:00 [    INFO] from  [[2023-Oct-19 01:19:57.079599] [INFO] - Import finished in 0.245618 seconds.
]  find   [Import finished in] (toolkits_wrapper.py:25)
2023-10-19 01:20:00 [    INFO] importor succeed (conftest.py:78)
2023-10-19 01:20:00 [    INFO] server start (conftest.py:18)
2023-10-19 01:20:01 [    INFO] Server started (conftest.py:23)
2023-10-19 01:20:01 [    INFO] client start (conftest.py:34)
2023-10-19 01:20:01 [    INFO] client succeed (conftest.py:38)
-------------------------------- live log call ---------------------------------
2023-10-19 01:20:01 [    INFO] res : [{'n': {'identity': 0, 'label': 'Film', 'properties': {'title': 'Goodbye, Mr. Chips'}}}, {'n': {'identity': 1, 'label': 'Film', 'properties': {'title': 'Batman Begins'}}}, {'n': {'identity': 2, 'label': 'Film', 'properties': {'title': "Harry Potter and the Sorcerer's Stone"}}}, {'n': {'identity': 3, 'label': 'Film', 'properties': {'title': 'The Parent Trap'}}}, {'n': {'identity': 4, 'label': 'Film', 'properties': {'title': 'Camelot'}}}, {'n': {'identity': 5, 'label': 'Person', 'properties': {'birthyear': 1910, 'name': 'Rachel Kempson', 'phone': 10086}}}, {'n': {'identity': 6, 'label': 'Person', 'properties': {'birthyear': 1908, 'name': 'Michael Redgrave', 'phone': 10087}}}, {'n': {'identity': 7, 'label': 'Person', 'properties': {'birthyear': 1937, 'name': 'Vanessa Redgrave', 'phone': 10088}}}, {'n': {'identity': 8, 'label': 'Person', 'properties': {'birthyear': 1939, 'name': 'Corin Redgrave', 'phone': 10089}}}, {'n': {'identity': 9, 'label': 'Person', 'properties': {'birthyear': 1952, 'name': 'Liam Neeson', 'phone': 10090}}}, {'n': {'identity': 10, 'label': 'Person', 'properties': {'birthyear': 1963, 'name': 'Natasha Richardson', 'phone': 10091}}}, {'n': {'identity': 11, 'label': 'Person', 'properties': {'birthyear': 1930, 'name': 'Richard Harris', 'phone': 10092}}}, {'n': {'identity': 12, 'label': 'Person', 'properties': {'birthyear': 1954, 'name': 'Dennis Quaid', 'phone': 10093}}}, {'n': {'identity': 13, 'label': 'Person', 'properties': {'birthyear': 1986, 'name': 'Lindsay Lohan', 'phone': 10094}}}, {'n': {'identity': 14, 'label': 'Person', 'properties': {'birthyear': 1965, 'name': 'Jemma Redgrave', 'phone': 10095}}}, {'n': {'identity': 15, 'label': 'Person', 'properties': {'birthyear': 1873, 'name': 'Roy Redgrave', 'phone': 10096}}}, {'n': {'identity': 16, 'label': 'Person', 'properties': {'birthyear': 1932, 'name': 'John Williams', 'phone': 10097}}}, {'n': {'identity': 17, 'label': 'Person', 'properties': {'birthyear': 1970, 'name': 'Christopher Nolan', 'phone': 10098}}}, {'n': {'identity': 18, 'label': 'City', 'properties': {'name': 'New York'}}}, {'n': {'identity': 19, 'label': 'City', 'properties': {'name': 'London'}}}, {'n': {'identity': 20, 'label': 'City', 'properties': {'name': 'Houston'}}}] (test_export.py:71)
PASSED                                                                   [ 52%]
------------------------------ live log teardown -------------------------------
2023-10-19 01:20:01 [    INFO] Client stoped (conftest.py:47)
2023-10-19 01:20:01 [    INFO] Server stoped (conftest.py:26)

test_fulltext_index.py::TestCypher::test_fulltext_on_bthread[client0-server0] SKIPPED [ 53%]
test_fulltext_index.py::TestCypher::test_fulltext_on_pthread[client0-server0] SKIPPED [ 53%]
test_ha_backup.py::TestHABackup::test_import_export 
-------------------------------- live log call ---------------------------------
2023-10-19 01:20:19 [    INFO] ----------------start_ha_client-------------------- (ha_client_python_util.py:121)
2023-10-19 01:20:28 [    INFO] ----------------start_ha_client-------------------- (ha_client_python_util.py:121)
2023-10-19 01:20:54 [    INFO] ----------------start_ha_client-------------------- (ha_client_python_util.py:121)
PASSED                                                                   [ 54%]
test_ha_backup.py::TestHABackup::test_backup 
-------------------------------- live log call ---------------------------------
2023-10-19 01:21:11 [    INFO] ----------------start_ha_client-------------------- (ha_client_python_util.py:121)
2023-10-19 01:21:20 [    INFO] ----------------start_ha_client-------------------- (ha_client_python_util.py:121)
2023-10-19 01:21:33 [    INFO] ----------------start_ha_client-------------------- (ha_client_python_util.py:121)
2023-10-19 01:21:38 [    INFO] ----------------start_ha_client-------------------- (ha_client_python_util.py:121)
2023-10-19 01:21:55 [    INFO] ----------------start_ha_client-------------------- (ha_client_python_util.py:121)
2023-10-19 01:21:55 [    INFO] ----------------start_ha_client-------------------- (ha_client_python_util.py:121)
PASSED                                                                   [ 54%]
test_ha_import.py::TestHAImport::test_online_import 
-------------------------------- live log call ---------------------------------
2023-10-19 01:22:12 [    INFO] ----------------start_ha_client-------------------- (ha_client_python_util.py:121)
2023-10-19 01:22:12 [    INFO] ----------------start_ha_client-------------------- (ha_client_python_util.py:121)
PASSED                                                                   [ 55%]
test_ha_procedure.py::TestHAProcedure::test_flush_db[ha_import_file0] 
-------------------------------- live log setup --------------------------------
2023-10-19 01:22:38 [    INFO] ----------------start_ha_client-------------------- (ha_client_python_util.py:121)
2023-10-19 01:22:41 [    INFO] ----------------start_ha_client-------------------- (ha_client_python_util.py:121)
-------------------------------- live log call ---------------------------------
2023-10-19 01:22:44 [    INFO] ----------------start_ha_client-------------------- (ha_client_python_util.py:121)
PASSED                                                                   [ 55%]
test_ha_procedure.py::TestHAProcedure::test_subgraph 
-------------------------------- live log setup --------------------------------
2023-10-19 01:22:44 [    INFO] ----------------start_ha_client-------------------- (ha_client_python_util.py:121)
-------------------------------- live log call ---------------------------------
2023-10-19 01:22:47 [    INFO] ----------------start_ha_client-------------------- (ha_client_python_util.py:121)
PASSED                                                                   [ 56%]
test_ha_procedure.py::TestHAProcedure::test_vertex_label 
-------------------------------- live log setup --------------------------------
2023-10-19 01:22:47 [    INFO] ----------------start_ha_client-------------------- (ha_client_python_util.py:121)
-------------------------------- live log call ---------------------------------
2023-10-19 01:22:50 [    INFO] ----------------start_ha_client-------------------- (ha_client_python_util.py:121)
PASSED                                                                   [ 56%]
test_ha_procedure.py::TestHAProcedure::test_edge_label 
-------------------------------- live log setup --------------------------------
2023-10-19 01:22:56 [    INFO] ----------------start_ha_client-------------------- (ha_client_python_util.py:121)
-------------------------------- live log call ---------------------------------
2023-10-19 01:22:59 [    INFO] ----------------start_ha_client-------------------- (ha_client_python_util.py:121)
PASSED                                                                   [ 57%]
test_ha_procedure.py::TestHAProcedure::test_index 
-------------------------------- live log setup --------------------------------
2023-10-19 01:23:05 [    INFO] ----------------start_ha_client-------------------- (ha_client_python_util.py:121)
-------------------------------- live log call ---------------------------------
2023-10-19 01:23:09 [    INFO] ----------------start_ha_client-------------------- (ha_client_python_util.py:121)
PASSED                                                                   [ 57%]
test_ha_procedure.py::TestHAProcedure::test_warmup 
-------------------------------- live log setup --------------------------------
2023-10-19 01:23:18 [    INFO] ----------------start_ha_client-------------------- (ha_client_python_util.py:121)
-------------------------------- live log call ---------------------------------
2023-10-19 01:23:21 [    INFO] ----------------start_ha_client-------------------- (ha_client_python_util.py:121)
PASSED                                                                   [ 58%]
test_ha_procedure.py::TestHAProcedure::test_create_label 
-------------------------------- live log setup --------------------------------
2023-10-19 01:23:21 [    INFO] ----------------start_ha_client-------------------- (ha_client_python_util.py:121)
-------------------------------- live log call ---------------------------------
2023-10-19 01:23:24 [    INFO] ----------------start_ha_client-------------------- (ha_client_python_util.py:121)
PASSED                                                                   [ 58%]
test_ha_procedure.py::TestHAProcedure::test_label_field 
-------------------------------- live log setup --------------------------------
2023-10-19 01:23:27 [    INFO] ----------------start_ha_client-------------------- (ha_client_python_util.py:121)
-------------------------------- live log call ---------------------------------
2023-10-19 01:23:30 [    INFO] ----------------start_ha_client-------------------- (ha_client_python_util.py:121)
PASSED                                                                   [ 59%]
test_ha_procedure.py::TestHAProcedure::test_procedure 
-------------------------------- live log setup --------------------------------
2023-10-19 01:23:39 [    INFO] ----------------start_ha_client-------------------- (ha_client_python_util.py:121)
-------------------------------- live log call ---------------------------------
2023-10-19 01:23:42 [    INFO] ----------------start_ha_client-------------------- (ha_client_python_util.py:121)
2023-10-19 01:23:42 [    INFO] procedures count : 100 (test_ha_procedure.py:505)
PASSED                                                                   [ 59%]
test_ha_procedure.py::TestHAProcedure::test_graph 
-------------------------------- live log setup --------------------------------
2023-10-19 01:23:42 [    INFO] ----------------start_ha_client-------------------- (ha_client_python_util.py:121)
-------------------------------- live log call ---------------------------------
2023-10-19 01:23:45 [    INFO] ----------------start_ha_client-------------------- (ha_client_python_util.py:121)
PASSED                                                                   [ 60%]
test_ha_procedure.py::TestHAProcedure::test_allow_list 
-------------------------------- live log setup --------------------------------
2023-10-19 01:23:54 [    INFO] ----------------start_ha_client-------------------- (ha_client_python_util.py:121)
-------------------------------- live log call ---------------------------------
2023-10-19 01:23:57 [    INFO] ----------------start_ha_client-------------------- (ha_client_python_util.py:121)
PASSED                                                                   [ 60%]
test_ha_procedure.py::TestHAProcedure::test_configuration 
-------------------------------- live log setup --------------------------------
2023-10-19 01:24:03 [    INFO] ----------------start_ha_client-------------------- (ha_client_python_util.py:121)
-------------------------------- live log call ---------------------------------
2023-10-19 01:24:06 [    INFO] ----------------start_ha_client-------------------- (ha_client_python_util.py:121)
2023-10-19 01:24:09 [    INFO] ----------------start_ha_client-------------------- (ha_client_python_util.py:121)
PASSED                                                                   [ 61%]
test_ha_procedure.py::TestHAProcedure::test_system_info 
-------------------------------- live log setup --------------------------------
2023-10-19 01:24:09 [    INFO] ----------------start_ha_client-------------------- (ha_client_python_util.py:121)
-------------------------------- live log call ---------------------------------
2023-10-19 01:24:12 [    INFO] ----------------start_ha_client-------------------- (ha_client_python_util.py:121)
PASSED                                                                   [ 61%]
test_ha_procedure.py::TestHAProcedure::test_rule 
-------------------------------- live log setup --------------------------------
2023-10-19 01:24:12 [    INFO] ----------------start_ha_client-------------------- (ha_client_python_util.py:121)
-------------------------------- live log call ---------------------------------
2023-10-19 01:24:15 [    INFO] ----------------start_ha_client-------------------- (ha_client_python_util.py:121)
PASSED                                                                   [ 62%]
test_ha_procedure.py::TestHAProcedure::test_user 
-------------------------------- live log setup --------------------------------
2023-10-19 01:24:33 [    INFO] ----------------start_ha_client-------------------- (ha_client_python_util.py:121)
-------------------------------- live log call ---------------------------------
2023-10-19 01:24:37 [    INFO] ----------------start_ha_client-------------------- (ha_client_python_util.py:121)
PASSED                                                                   [ 62%]
test_ha_procedure.py::TestHAProcedure::test_plugin[build_so0-ha_import_file0] 
-------------------------------- live log setup --------------------------------
2023-10-19 01:24:55 [    INFO] ----------------start_ha_client-------------------- (ha_client_python_util.py:121)
2023-10-19 01:24:58 [    INFO] ----------------start_ha_client-------------------- (ha_client_python_util.py:121)
-------------------------------- live log call ---------------------------------
2023-10-19 01:25:14 [    INFO] ----------------start_ha_client-------------------- (ha_client_python_util.py:121)
PASSED                                                                   [ 63%]
test_ha_procedure.py::TestHAProcedure::test_password[ha_import_file0] 
-------------------------------- live log setup --------------------------------
2023-10-19 01:25:21 [    INFO] ----------------start_ha_client-------------------- (ha_client_python_util.py:121)
2023-10-19 01:25:24 [    INFO] ----------------start_ha_client-------------------- (ha_client_python_util.py:121)
-------------------------------- live log call ---------------------------------
2023-10-19 01:25:27 [    INFO] ----------------start_ha_client-------------------- (ha_client_python_util.py:121)
2023-10-19 01:25:30 [    INFO] ----------------start_ha_client-------------------- (ha_client_python_util.py:121)
2023-10-19 01:25:33 [    INFO] ----------------start_ha_client-------------------- (ha_client_python_util.py:121)
2023-10-19 01:25:36 [    INFO] ----------------start_ha_client-------------------- (ha_client_python_util.py:121)
2023-10-19 01:25:36 [    INFO] ----------------start_ha_client-------------------- (ha_client_python_util.py:121)
PASSED                                                                   [ 63%]
test_ha_procedure.py::TestHAProcedure::test_import_file 
-------------------------------- live log setup --------------------------------
2023-10-19 01:25:36 [    INFO] ----------------start_ha_client-------------------- (ha_client_python_util.py:121)
-------------------------------- live log call ---------------------------------
2023-10-19 01:25:39 [    INFO] ----------------start_ha_client-------------------- (ha_client_python_util.py:121)
PASSED                                                                   [ 64%]
test_ha_procedure.py::TestHAProcedure::test_import_content 
-------------------------------- live log setup --------------------------------
2023-10-19 01:25:45 [    INFO] ----------------start_ha_client-------------------- (ha_client_python_util.py:121)
-------------------------------- live log call ---------------------------------
2023-10-19 01:25:48 [    INFO] ----------------start_ha_client-------------------- (ha_client_python_util.py:121)
PASSED                                                                   [ 64%]
test_ha_python_client.py::TestHAPythonClient::test_cypher_before_import 
-------------------------------- live log setup --------------------------------
2023-10-19 01:26:36 [    INFO] ----------------start_ha_client-------------------- (ha_client_python_util.py:121)
PASSED                                                                   [ 65%]
test_ha_python_client.py::TestHAPythonClient::test_import_schema_from_content 
-------------------------------- live log call ---------------------------------
2023-10-19 01:26:36 [    INFO] ----------------testImportSchemaFromContent-------------------- (test_ha_python_client.py:46)
2023-10-19 01:26:36 [    INFO] importSchemaFromContent : [] (test_ha_python_client.py:49)
2023-10-19 01:26:41 [    INFO] db.vertexLabels() : [{"label":"Person"},{"label":"Film"}] (test_ha_python_client.py:36)
2023-10-19 01:26:41 [    INFO] get_all_rest_ports[{"cluster_info":[{"rest_address":"172.17.0.2:27072","rpc_address":"172.17.0.2:29092","state":"MASTER"},{"rest_address":"172.17.0.2:27073","rpc_address":"172.17.0.2:29093","state":"FOLLOW"},{"rest_address":"172.17.0.2:27074","rpc_address":"172.17.0.2:29094","state":"FOLLOW"}],"is_master":false}] (ha_client_python_util.py:165)
2023-10-19 01:26:41 [    INFO] db.vertexLabels() : [{"label":"Person"},{"label":"Film"}] (test_ha_python_client.py:36)
2023-10-19 01:26:41 [    INFO] db.vertexLabels() : [{"label":"Person"},{"label":"Film"}] (test_ha_python_client.py:36)
2023-10-19 01:26:41 [    INFO] db.vertexLabels() : [{"label":"Person"},{"label":"Film"}] (test_ha_python_client.py:36)
2023-10-19 01:26:41 [    INFO] db.edgeLabels() : [{"label":"PLAY_IN"}] (test_ha_python_client.py:42)
2023-10-19 01:26:41 [    INFO] db.edgeLabels() : [{"label":"PLAY_IN"}] (test_ha_python_client.py:42)
2023-10-19 01:26:41 [    INFO] db.edgeLabels() : [{"label":"PLAY_IN"}] (test_ha_python_client.py:42)
2023-10-19 01:26:41 [    INFO] db.edgeLabels() : [{"label":"PLAY_IN"}] (test_ha_python_client.py:42)
PASSED                                                                   [ 65%]
test_ha_python_client.py::TestHAPythonClient::test_import_data_from_content 
-------------------------------- live log call ---------------------------------
2023-10-19 01:26:41 [    INFO] ----------------test_import_data_from_content-------------------- (test_ha_python_client.py:72)
2023-10-19 01:26:41 [    INFO] importDataFromContent : [] (test_ha_python_client.py:74)
2023-10-19 01:26:46 [    INFO] MATCH (n) RETURN COUNT(n) : [{"COUNT(n)":13}] (test_ha_python_client.py:68)
2023-10-19 01:26:46 [    INFO] get_all_rest_ports[{"cluster_info":[{"rest_address":"172.17.0.2:27072","rpc_address":"172.17.0.2:29092","state":"MASTER"},{"rest_address":"172.17.0.2:27073","rpc_address":"172.17.0.2:29093","state":"FOLLOW"},{"rest_address":"172.17.0.2:27074","rpc_address":"172.17.0.2:29094","state":"FOLLOW"}],"is_master":false}] (ha_client_python_util.py:165)
2023-10-19 01:26:46 [    INFO] MATCH (n) RETURN COUNT(n) : [{"COUNT(n)":13}] (test_ha_python_client.py:68)
2023-10-19 01:26:46 [    INFO] MATCH (n) RETURN COUNT(n) : [{"COUNT(n)":13}] (test_ha_python_client.py:68)
2023-10-19 01:26:46 [    INFO] MATCH (n) RETURN COUNT(n) : [{"COUNT(n)":13}] (test_ha_python_client.py:68)
PASSED                                                                   [ 66%]
test_ha_python_client.py::TestHAPythonClient::test_load_procedure 
-------------------------------- live log call ---------------------------------
2023-10-19 01:26:46 [    INFO] ----------------test_load_procedure-------------------- (test_ha_python_client.py:90)
2023-10-19 01:26:46 [    INFO] ----------------test_build_procedure-------------------- (ha_client_python_util.py:129)
2023-10-19 01:26:51 [    INFO] loadProcedure :  (test_ha_python_client.py:95)
2023-10-19 01:26:51 [    INFO] ----------------test_build_procedure-------------------- (ha_client_python_util.py:129)
2023-10-19 01:27:05 [    INFO] listProcedure : [{"plugin_description":{"description":"test scan_graph","name":"scan_graph","read_only":true,"signature":"","type":"cpp","version":"v1"}},{"plugin_description":{"description":"test sortstr","name":"sortstr","read_only":true,"signature":"","type":"cpp","version":"v1"}}] (test_ha_python_client.py:87)
2023-10-19 01:27:05 [    INFO] get_all_rest_ports[{"cluster_info":[{"rest_address":"172.17.0.2:27072","rpc_address":"172.17.0.2:29092","state":"MASTER"},{"rest_address":"172.17.0.2:27073","rpc_address":"172.17.0.2:29093","state":"FOLLOW"},{"rest_address":"172.17.0.2:27074","rpc_address":"172.17.0.2:29094","state":"FOLLOW"}],"is_master":false}] (ha_client_python_util.py:165)
PASSED                                                                   [ 66%]
test_ha_python_client.py::TestHAPythonClient::test_call_delete_procedure 
-------------------------------- live log call ---------------------------------
2023-10-19 01:27:05 [    INFO] ----------------test_call_procedure-------------------- (test_ha_python_client.py:117)
2023-10-19 01:27:05 [    INFO] test_call_procedure : [{"result":"bcefg"}] (test_ha_python_client.py:109)
2023-10-19 01:27:05 [    INFO] get_all_rest_ports[{"cluster_info":[{"rest_address":"172.17.0.2:27072","rpc_address":"172.17.0.2:29092","state":"MASTER"},{"rest_address":"172.17.0.2:27073","rpc_address":"172.17.0.2:29093","state":"FOLLOW"},{"rest_address":"172.17.0.2:27074","rpc_address":"172.17.0.2:29094","state":"FOLLOW"}],"is_master":false}] (ha_client_python_util.py:165)
2023-10-19 01:27:05 [    INFO] test_call_procedure : [{"result":"bcefg"}] (test_ha_python_client.py:109)
2023-10-19 01:27:05 [    INFO] test_call_procedure : [{"result":"bcefg"}] (test_ha_python_client.py:109)
2023-10-19 01:27:05 [    INFO] test_call_procedure : [{"result":"bcefg"}] (test_ha_python_client.py:109)
2023-10-19 01:27:10 [    INFO] listProcedure : [{"plugin_description":{"description":"test scan_graph","name":"scan_graph","read_only":true,"signature":"","type":"cpp","version":"v1"}}] (test_ha_python_client.py:114)
2023-10-19 01:27:10 [    INFO] get_all_rest_ports[{"cluster_info":[{"rest_address":"172.17.0.2:27072","rpc_address":"172.17.0.2:29092","state":"MASTER"},{"rest_address":"172.17.0.2:27073","rpc_address":"172.17.0.2:29093","state":"FOLLOW"},{"rest_address":"172.17.0.2:27074","rpc_address":"172.17.0.2:29094","state":"FOLLOW"}],"is_master":true}] (ha_client_python_util.py:165)
2023-10-19 01:27:10 [    INFO] listProcedure : [{"plugin_description":{"description":"test scan_graph","name":"scan_graph","read_only":true,"signature":"","type":"cpp","version":"v1"}}] (test_ha_python_client.py:114)
2023-10-19 01:27:10 [    INFO] listProcedure : [{"plugin_description":{"description":"test scan_graph","name":"scan_graph","read_only":true,"signature":"","type":"cpp","version":"v1"}}] (test_ha_python_client.py:114)
2023-10-19 01:27:10 [    INFO] listProcedure : [{"plugin_description":{"description":"test scan_graph","name":"scan_graph","read_only":true,"signature":"","type":"cpp","version":"v1"}}] (test_ha_python_client.py:114)
PASSED                                                                   [ 67%]
test_ha_python_client.py::TestHAPythonClient::test_query_to_leader 
-------------------------------- live log call ---------------------------------
2023-10-19 01:27:10 [    INFO] ----------------test_query_to_leader-------------------- (test_ha_python_client.py:138)
FAILED                                                                   [ 67%]
test_ha_python_client.py::TestHAPythonClient::test_import_schema_from_file 
-------------------------------- live log call ---------------------------------
2023-10-19 01:27:10 [    INFO] ----------------test_import_schema_from_file-------------------- (test_ha_python_client.py:170)
2023-10-19 01:27:10 [    INFO] importSchemaFromFile : [] (test_ha_python_client.py:173)
2023-10-19 01:27:15 [    INFO] db.vertexLabels() : [{"label":"Person"},{"label":"City"},{"label":"Film"}] (test_ha_python_client.py:157)
2023-10-19 01:27:15 [    INFO] get_all_rest_ports[{"cluster_info":[{"rest_address":"172.17.0.2:27072","rpc_address":"172.17.0.2:29092","state":"MASTER"},{"rest_address":"172.17.0.2:27073","rpc_address":"172.17.0.2:29093","state":"FOLLOW"},{"rest_address":"172.17.0.2:27074","rpc_address":"172.17.0.2:29094","state":"FOLLOW"}],"is_master":false}] (ha_client_python_util.py:165)
2023-10-19 01:27:15 [    INFO] db.vertexLabels() : [{"label":"Person"},{"label":"City"},{"label":"Film"}] (test_ha_python_client.py:157)
2023-10-19 01:27:15 [    INFO] db.vertexLabels() : [{"label":"Person"},{"label":"City"},{"label":"Film"}] (test_ha_python_client.py:157)
2023-10-19 01:27:15 [    INFO] db.vertexLabels() : [{"label":"Person"},{"label":"City"},{"label":"Film"}] (test_ha_python_client.py:157)
2023-10-19 01:27:15 [    INFO] db.edgeLabels() : [{"label":"HAS_CHILD"},{"label":"MARRIED"},{"label":"BORN_IN"},{"label":"DIRECTED"},{"label":"WROTE_MUSIC_FOR"},{"label":"ACTED_IN"}] (test_ha_python_client.py:163)
2023-10-19 01:27:15 [    INFO] db.edgeLabels() : [{"label":"HAS_CHILD"},{"label":"MARRIED"},{"label":"BORN_IN"},{"label":"DIRECTED"},{"label":"WROTE_MUSIC_FOR"},{"label":"ACTED_IN"}] (test_ha_python_client.py:163)
2023-10-19 01:27:15 [    INFO] db.edgeLabels() : [{"label":"HAS_CHILD"},{"label":"MARRIED"},{"label":"BORN_IN"},{"label":"DIRECTED"},{"label":"WROTE_MUSIC_FOR"},{"label":"ACTED_IN"}] (test_ha_python_client.py:163)
2023-10-19 01:27:15 [    INFO] db.edgeLabels() : [{"label":"HAS_CHILD"},{"label":"MARRIED"},{"label":"BORN_IN"},{"label":"DIRECTED"},{"label":"WROTE_MUSIC_FOR"},{"label":"ACTED_IN"}] (test_ha_python_client.py:163)
PASSED                                                                   [ 68%]
test_ha_python_client.py::TestHAPythonClient::test_import_data_from_file 
-------------------------------- live log call ---------------------------------
2023-10-19 01:27:15 [    INFO] ----------------test_import_data_from_file-------------------- (test_ha_python_client.py:202)
2023-10-19 01:27:15 [    INFO] importDataFromFile : [] (test_ha_python_client.py:204)
2023-10-19 01:27:20 [    INFO] MATCH (n) RETURN COUNT(n) : [{"COUNT(n)":13}] (test_ha_python_client.py:193)
2023-10-19 01:27:20 [    INFO] get_all_rest_ports[{"cluster_info":[{"rest_address":"172.17.0.2:27072","rpc_address":"172.17.0.2:29092","state":"MASTER"},{"rest_address":"172.17.0.2:27073","rpc_address":"172.17.0.2:29093","state":"FOLLOW"},{"rest_address":"172.17.0.2:27074","rpc_address":"172.17.0.2:29094","state":"FOLLOW"}],"is_master":false}] (ha_client_python_util.py:165)
2023-10-19 01:27:20 [    INFO] MATCH (n) RETURN COUNT(n) : [{"COUNT(n)":13}] (test_ha_python_client.py:193)
2023-10-19 01:27:20 [    INFO] MATCH (n) RETURN COUNT(n) : [{"COUNT(n)":13}] (test_ha_python_client.py:193)
2023-10-19 01:27:20 [    INFO] MATCH (n) RETURN COUNT(n) : [{"COUNT(n)":13}] (test_ha_python_client.py:193)
2023-10-19 01:27:20 [    INFO] match(n)-[r]->(m) return count(r) : [{"count(r)":28}] (test_ha_python_client.py:198)
2023-10-19 01:27:20 [    INFO] match(n)-[r]->(m) return count(r) : [{"count(r)":28}] (test_ha_python_client.py:198)
2023-10-19 01:27:20 [    INFO] match(n)-[r]->(m) return count(r) : [{"count(r)":28}] (test_ha_python_client.py:198)
2023-10-19 01:27:20 [    INFO] match(n)-[r]->(m) return count(r) : [{"count(r)":28}] (test_ha_python_client.py:198)
PASSED                                                                   [ 68%]
test_ha_python_client.py::TestHAPythonClient::test_cypher_after_import 
-------------------------------- live log call ---------------------------------
2023-10-19 01:27:20 [    INFO] (True, '[{"<SUMMARY>":"created 1 vertices, created 0 edges."}]') (test_ha_python_client.py:223)
2023-10-19 01:27:25 [    INFO] execute_cypher_and_assert[{"n":{"identity":21,"label":"Person","properties":{"birthyear":1988,"name":"Test1","phone":10000}}}] (ha_client_python_util.py:140)
2023-10-19 01:27:25 [    INFO] get_all_rest_ports[{"cluster_info":[{"rest_address":"172.17.0.2:27072","rpc_address":"172.17.0.2:29092","state":"MASTER"},{"rest_address":"172.17.0.2:27073","rpc_address":"172.17.0.2:29093","state":"FOLLOW"},{"rest_address":"172.17.0.2:27074","rpc_address":"172.17.0.2:29094","state":"FOLLOW"}],"is_master":false}] (ha_client_python_util.py:165)
2023-10-19 01:27:25 [    INFO] execute_cypher_and_assert[{"n":{"identity":21,"label":"Person","properties":{"birthyear":1988,"name":"Test1","phone":10000}}}] (ha_client_python_util.py:140)
2023-10-19 01:27:25 [    INFO] execute_cypher_and_assert[{"n":{"identity":21,"label":"Person","properties":{"birthyear":1988,"name":"Test1","phone":10000}}}] (ha_client_python_util.py:140)
2023-10-19 01:27:25 [    INFO] execute_cypher_and_assert[{"n":{"identity":21,"label":"Person","properties":{"birthyear":1988,"name":"Test1","phone":10000}}}] (ha_client_python_util.py:140)
PASSED                                                                   [ 69%]
test_ha_python_client.py::TestHAPythonClient::test_follower_restart 
-------------------------------- live log call ---------------------------------
2023-10-19 01:27:25 [    INFO] -------------------------stopping follower------------------------- (test_ha_python_client.py:229)
2023-10-19 01:27:38 [    INFO] ----------------start_ha_client-------------------- (ha_client_python_util.py:121)
2023-10-19 01:27:45 [    INFO] get_all_rest_ports[{"cluster_info":[{"rest_address":"172.17.0.2:27072","rpc_address":"172.17.0.2:29092","state":"MASTER"},{"rest_address":"172.17.0.2:27074","rpc_address":"172.17.0.2:29094","state":"FOLLOW"}],"is_master":true}] (ha_client_python_util.py:156)
2023-10-19 01:27:45 [    INFO] -------------------------stop follower successfully------------------------- (test_ha_python_client.py:237)
2023-10-19 01:27:45 [    INFO] (True, '[{"<SUMMARY>":"created 1 vertices, created 0 edges."}]') (test_ha_python_client.py:239)
2023-10-19 01:27:45 [    INFO] -------------------------starting follower------------------------- (test_ha_python_client.py:241)
2023-10-19 01:27:58 [    INFO] ----------------start_ha_client-------------------- (ha_client_python_util.py:121)
2023-10-19 01:28:05 [    INFO] get_all_rest_ports[{"cluster_info":[{"rest_address":"172.17.0.2:27072","rpc_address":"172.17.0.2:29092","state":"MASTER"},{"rest_address":"172.17.0.2:27073","rpc_address":"172.17.0.2:29093","state":"FOLLOW"},{"rest_address":"172.17.0.2:27074","rpc_address":"172.17.0.2:29094","state":"FOLLOW"}],"is_master":false}] (ha_client_python_util.py:156)
2023-10-19 01:28:05 [    INFO] -------------------------start follower successfully------------------------- (test_ha_python_client.py:252)
2023-10-19 01:28:05 [    INFO] execute_cypher_and_assert[{"n":{"identity":22,"label":"Person","properties":{"birthyear":1988,"name":"Test2","phone":20000}}}] (ha_client_python_util.py:140)
2023-10-19 01:28:05 [    INFO] get_all_rest_ports[{"cluster_info":[{"rest_address":"172.17.0.2:27072","rpc_address":"172.17.0.2:29092","state":"MASTER"},{"rest_address":"172.17.0.2:27073","rpc_address":"172.17.0.2:29093","state":"FOLLOW"},{"rest_address":"172.17.0.2:27074","rpc_address":"172.17.0.2:29094","state":"FOLLOW"}],"is_master":false}] (ha_client_python_util.py:165)
2023-10-19 01:28:05 [    INFO] execute_cypher_and_assert[{"n":{"identity":22,"label":"Person","properties":{"birthyear":1988,"name":"Test2","phone":20000}}}] (ha_client_python_util.py:140)
2023-10-19 01:28:05 [    INFO] execute_cypher_and_assert[{"n":{"identity":22,"label":"Person","properties":{"birthyear":1988,"name":"Test2","phone":20000}}}] (ha_client_python_util.py:140)
2023-10-19 01:28:05 [    INFO] execute_cypher_and_assert[{"n":{"identity":22,"label":"Person","properties":{"birthyear":1988,"name":"Test2","phone":20000}}}] (ha_client_python_util.py:140)
PASSED                                                                   [ 69%]
test_ha_python_client.py::TestHAPythonClient::test_leader_restart 
-------------------------------- live log call ---------------------------------
2023-10-19 01:28:05 [    INFO] -------------------------stopping leader------------------------- (test_ha_python_client.py:258)
2023-10-19 01:28:18 [    INFO] ----------------start_ha_client-------------------- (ha_client_python_util.py:121)
2023-10-19 01:28:25 [    INFO] get_all_rest_ports[{"cluster_info":[{"rest_address":"172.17.0.2:27073","rpc_address":"172.17.0.2:29093","state":"MASTER"},{"rest_address":"172.17.0.2:27074","rpc_address":"172.17.0.2:29094","state":"FOLLOW"}],"is_master":true}] (ha_client_python_util.py:156)
2023-10-19 01:28:25 [    INFO] -------------------------stop leader successfully------------------------- (test_ha_python_client.py:265)
2023-10-19 01:28:25 [    INFO] (True, '[{"<SUMMARY>":"created 1 vertices, created 0 edges."}]') (test_ha_python_client.py:267)
2023-10-19 01:28:25 [    INFO] -------------------------starting leader------------------------- (test_ha_python_client.py:269)
2023-10-19 01:28:38 [    INFO] ----------------start_ha_client-------------------- (ha_client_python_util.py:121)
2023-10-19 01:28:45 [    INFO] get_all_rest_ports[{"cluster_info":[{"rest_address":"172.17.0.2:27073","rpc_address":"172.17.0.2:29093","state":"MASTER"},{"rest_address":"172.17.0.2:27072","rpc_address":"172.17.0.2:29092","state":"FOLLOW"},{"rest_address":"172.17.0.2:27074","rpc_address":"172.17.0.2:29094","state":"FOLLOW"}],"is_master":false}] (ha_client_python_util.py:156)
2023-10-19 01:28:45 [    INFO] -------------------------start leader successfully------------------------- (test_ha_python_client.py:280)
2023-10-19 01:28:45 [    INFO] execute_cypher_and_assert[{"n":{"identity":23,"label":"Person","properties":{"birthyear":1988,"name":"Test3","phone":30000}}}] (ha_client_python_util.py:140)
2023-10-19 01:28:45 [    INFO] get_all_rest_ports[{"cluster_info":[{"rest_address":"172.17.0.2:27073","rpc_address":"172.17.0.2:29093","state":"MASTER"},{"rest_address":"172.17.0.2:27072","rpc_address":"172.17.0.2:29092","state":"FOLLOW"},{"rest_address":"172.17.0.2:27074","rpc_address":"172.17.0.2:29094","state":"FOLLOW"}],"is_master":false}] (ha_client_python_util.py:165)
2023-10-19 01:28:45 [    INFO] execute_cypher_and_assert[{"n":{"identity":23,"label":"Person","properties":{"birthyear":1988,"name":"Test3","phone":30000}}}] (ha_client_python_util.py:140)
2023-10-19 01:28:45 [    INFO] execute_cypher_and_assert[{"n":{"identity":23,"label":"Person","properties":{"birthyear":1988,"name":"Test3","phone":30000}}}] (ha_client_python_util.py:140)
2023-10-19 01:28:45 [    INFO] execute_cypher_and_assert[{"n":{"identity":23,"label":"Person","properties":{"birthyear":1988,"name":"Test3","phone":30000}}}] (ha_client_python_util.py:140)
PASSED                                                                   [ 70%]
test_ha_start.py::TestHAStart::test_conf_start 
-------------------------------- live log call ---------------------------------
2023-10-19 01:29:06 [    INFO] ----------------start_ha_client-------------------- (ha_client_python_util.py:121)
2023-10-19 01:29:06 [    INFO] MATCH (n) RETURN COUNT(n) : [{"COUNT(n)":13}] (test_ha_start.py:11)
2023-10-19 01:29:06 [    INFO] match(n)-[r]->(m) return count(r) : [{"count(r)":28}] (test_ha_start.py:16)
2023-10-19 01:29:06 [    INFO] ----------------start_ha_client-------------------- (ha_client_python_util.py:121)
2023-10-19 01:29:06 [    INFO] MATCH (n) RETURN COUNT(n) : [{"COUNT(n)":13}] (test_ha_start.py:11)
2023-10-19 01:29:06 [    INFO] match(n)-[r]->(m) return count(r) : [{"count(r)":28}] (test_ha_start.py:16)
2023-10-19 01:29:28 [    INFO] ----------------start_ha_client-------------------- (ha_client_python_util.py:121)
2023-10-19 01:29:28 [    INFO] ----------------test_conf_restart-------------------- (test_ha_start.py:91)
2023-10-19 01:29:28 [    INFO] MATCH (n) RETURN COUNT(n) : [{"COUNT(n)":13}] (test_ha_start.py:11)
2023-10-19 01:29:28 [    INFO] match(n)-[r]->(m) return count(r) : [{"count(r)":28}] (test_ha_start.py:16)
PASSED                                                                   [ 70%]
test_ha_start.py::TestHAStart::test_bootstrap_start 
-------------------------------- live log call ---------------------------------
2023-10-19 01:29:49 [    INFO] ----------------start_ha_client-------------------- (ha_client_python_util.py:121)
2023-10-19 01:29:49 [    INFO] ----------------test_bootstrap_start-------------------- (test_ha_start.py:122)
2023-10-19 01:29:49 [    INFO] MATCH (n) RETURN COUNT(n) : [{"COUNT(n)":13}] (test_ha_start.py:11)
2023-10-19 01:29:49 [    INFO] match(n)-[r]->(m) return count(r) : [{"count(r)":28}] (test_ha_start.py:16)
2023-10-19 01:30:11 [    INFO] ----------------start_ha_client-------------------- (ha_client_python_util.py:121)
2023-10-19 01:30:11 [    INFO] ----------------test_bootstrap_restart-------------------- (test_ha_start.py:129)
2023-10-19 01:30:12 [    INFO] MATCH (n) RETURN COUNT(n) : [{"COUNT(n)":13}] (test_ha_start.py:11)
2023-10-19 01:30:12 [    INFO] match(n)-[r]->(m) return count(r) : [{"count(r)":28}] (test_ha_start.py:16)
PASSED                                                                   [ 71%]
test_http_server.py::TestHttpServer::test_import_movie[rest_client0-server0] 
-------------------------------- live log setup --------------------------------
2023-10-19 01:30:12 [    INFO] server start (conftest.py:18)
2023-10-19 01:30:13 [    INFO] Server started (conftest.py:23)
2023-10-19 01:30:13 [    INFO] rest client start (conftest.py:55)
2023-10-19 01:30:13 [    INFO] rest client succeed (conftest.py:59)
-------------------------------- live log call ---------------------------------
2023-10-19 01:30:13 [    INFO] {'schema': [{'label': 'person', 'type': 'VERTEX', 'primary': 'id', 'properties': [{'name': 'id', 'type': 'INT32'}, {'name': 'name', 'type': 'STRING'}, {'name': 'born', 'type': 'INT32', 'optional': True}, {'name': 'poster_image', 'type': 'STRING', 'optional': True}]}, {'label': 'genre', 'type': 'VERTEX', 'primary': 'id', 'properties': [{'name': 'id', 'type': 'INT32'}, {'name': 'name', 'type': 'STRING'}]}, {'label': 'keyword', 'primary': 'id', 'type': 'VERTEX', 'properties': [{'name': 'id', 'type': 'INT32'}, {'name': 'name', 'type': 'STRING'}]}, {'label': 'movie', 'primary': 'id', 'type': 'VERTEX', 'properties': [{'name': 'id', 'type': 'INT32'}, {'name': 'title', 'type': 'STRING', 'index': True}, {'name': 'tagline', 'type': 'STRING'}, {'name': 'summary', 'type': 'STRING', 'optional': True}, {'name': 'poster_image', 'type': 'STRING', 'optional': True}, {'name': 'duration', 'type': 'INT32'}, {'name': 'rated', 'type': 'STRING', 'optional': True}]}, {'label': 'user', 'primary': 'id', 'type': 'VERTEX', 'properties': [{'name': 'id', 'type': 'INT32'}, {'name': 'login', 'type': 'STRING', 'index': True}]}, {'label': 'acted_in', 'type': 'EDGE', 'properties': [{'name': 'role', 'type': 'STRING'}]}, {'label': 'rate', 'type': 'EDGE', 'properties': [{'name': 'stars', 'type': 'INT8'}]}, {'label': 'directed', 'type': 'EDGE'}, {'label': 'is_friend', 'type': 'EDGE'}, {'label': 'has_genre', 'type': 'EDGE'}, {'label': 'has_keyword', 'type': 'EDGE'}, {'label': 'produce', 'type': 'EDGE'}, {'label': 'write', 'type': 'EDGE'}], 'files': [{'path': 'movie/raw_data/vertex_person.csv', 'format': 'CSV', 'label': 'person', 'header': 2, 'columns': ['id', 'name', 'born', 'poster_image']}, {'path': 'movie/raw_data/vertex_genre.csv', 'format': 'CSV', 'label': 'genre', 'header': 2, 'columns': ['id', 'name']}, {'path': 'movie/raw_data/vertex_keyword.csv', 'format': 'CSV', 'label': 'keyword', 'header': 2, 'columns': ['id', 'name']}, {'path': 'movie/raw_data/vertex_movie.csv', 'format': 'CSV', 'label': 'movie', 'header': 2, 'columns': ['id', 'title', 'tagline', 'summary', 'poster_image', 'duration', 'rated']}, {'path': 'movie/raw_data/vertex_user.csv', 'format': 'CSV', 'label': 'user', 'header': 2, 'columns': ['id', 'login']}, {'path': 'movie/raw_data/edge_acted_in.csv', 'format': 'CSV', 'label': 'acted_in', 'header': 2, 'SRC_ID': 'person', 'DST_ID': 'movie', 'columns': ['SRC_ID', 'DST_ID', 'role']}, {'path': 'movie/raw_data/edge_rate.csv', 'format': 'CSV', 'label': 'rate', 'header': 2, 'SRC_ID': 'user', 'DST_ID': 'movie', 'columns': ['SRC_ID', 'SKIP', 'DST_ID', 'stars']}, {'path': 'movie/raw_data/edge_directed.csv', 'format': 'CSV', 'label': 'directed', 'header': 2, 'SRC_ID': 'person', 'DST_ID': 'movie', 'columns': ['SRC_ID', 'DST_ID']}, {'path': 'movie/raw_data/edge_is_friend.csv', 'format': 'CSV', 'label': 'is_friend', 'header': 2, 'SRC_ID': 'user', 'DST_ID': 'user', 'columns': ['SRC_ID', 'DST_ID']}, {'path': 'movie/raw_data/edge_has_genre.csv', 'format': 'CSV', 'label': 'has_genre', 'header': 2, 'SRC_ID': 'movie', 'DST_ID': 'genre', 'columns': ['SRC_ID', 'DST_ID']}, {'path': 'movie/raw_data/edge_has_keyword.csv', 'format': 'CSV', 'label': 'has_keyword', 'header': 2, 'SRC_ID': 'movie', 'DST_ID': 'keyword', 'columns': ['SRC_ID', 'DST_ID']}, {'path': 'movie/raw_data/edge_produce.csv', 'format': 'CSV', 'label': 'produce', 'header': 2, 'SRC_ID': 'person', 'DST_ID': 'movie', 'columns': ['SRC_ID', 'DST_ID']}, {'path': 'movie/raw_data/edge_write.csv', 'format': 'CSV', 'label': 'write', 'header': 2, 'SRC_ID': 'person', 'DST_ID': 'movie', 'columns': ['SRC_ID', 'DST_ID']}]} (test_http_server.py:140)
2023-10-19 01:30:19 [    INFO] {'state': '2'} (test_http_server.py:146)
PASSED                                                                   [ 71%]
------------------------------ live log teardown -------------------------------
2023-10-19 01:30:19 [    INFO] rest Client stoped (conftest.py:68)
2023-10-19 01:30:19 [    INFO] Server stoped (conftest.py:26)

test_http_server.py::TestHttpServer::test_upload_file[rest_client0-server0] 
-------------------------------- live log setup --------------------------------
2023-10-19 01:30:19 [    INFO] server start (conftest.py:18)
2023-10-19 01:30:20 [    INFO] Server started (conftest.py:23)
2023-10-19 01:30:20 [    INFO] rest client start (conftest.py:55)
2023-10-19 01:30:20 [    INFO] rest client succeed (conftest.py:59)
PASSED                                                                   [ 72%]
------------------------------ live log teardown -------------------------------
2023-10-19 01:30:29 [    INFO] rest Client stoped (conftest.py:68)
2023-10-19 01:30:29 [    INFO] Server stoped (conftest.py:26)

test_http_server.py::TestHttpServer::test_specified_files[rest_client0-server0] 
-------------------------------- live log setup --------------------------------
2023-10-19 01:30:29 [    INFO] server start (conftest.py:18)
2023-10-19 01:30:31 [    INFO] Server started (conftest.py:23)
2023-10-19 01:30:31 [    INFO] rest client start (conftest.py:55)
2023-10-19 01:30:31 [    INFO] rest client succeed (conftest.py:59)
PASSED                                                                   [ 72%]
------------------------------ live log teardown -------------------------------
2023-10-19 01:30:39 [    INFO] rest Client stoped (conftest.py:68)
2023-10-19 01:30:39 [    INFO] Server stoped (conftest.py:26)

test_http_server.py::TestHttpServer::test_delete_specified_user_files[rest_client0-server0] 
-------------------------------- live log setup --------------------------------
2023-10-19 01:30:39 [    INFO] server start (conftest.py:18)
2023-10-19 01:30:40 [    INFO] Server started (conftest.py:23)
2023-10-19 01:30:40 [    INFO] rest client start (conftest.py:55)
2023-10-19 01:30:41 [    INFO] rest client succeed (conftest.py:59)
PASSED                                                                   [ 73%]
------------------------------ live log teardown -------------------------------
2023-10-19 01:30:50 [    INFO] rest Client stoped (conftest.py:68)
2023-10-19 01:30:50 [    INFO] Server stoped (conftest.py:26)

test_http_server.py::TestHttpServer::test_delete_all_user_files[rest_client0-server0] 
-------------------------------- live log setup --------------------------------
2023-10-19 01:30:50 [    INFO] server start (conftest.py:18)
2023-10-19 01:30:51 [    INFO] Server started (conftest.py:23)
2023-10-19 01:30:51 [    INFO] rest client start (conftest.py:55)
2023-10-19 01:30:51 [    INFO] rest client succeed (conftest.py:59)
PASSED                                                                   [ 73%]
------------------------------ live log teardown -------------------------------
2023-10-19 01:31:00 [    INFO] rest Client stoped (conftest.py:68)
2023-10-19 01:31:00 [    INFO] Server stoped (conftest.py:26)

test_http_server.py::TestHttpServer::test_refresh_token[rest_client0-server0] 
-------------------------------- live log setup --------------------------------
2023-10-19 01:31:00 [    INFO] server start (conftest.py:18)
2023-10-19 01:31:01 [    INFO] Server started (conftest.py:23)
2023-10-19 01:31:01 [    INFO] rest client start (conftest.py:55)
2023-10-19 01:31:01 [    INFO] rest client succeed (conftest.py:59)
PASSED                                                                   [ 74%]
------------------------------ live log teardown -------------------------------
2023-10-19 01:31:01 [    INFO] rest Client stoped (conftest.py:68)
2023-10-19 01:31:01 [    INFO] Server stoped (conftest.py:26)

test_http_server.py::TestHttpServer::test_import_correct_data[rest_client0-server0] 
-------------------------------- live log setup --------------------------------
2023-10-19 01:31:01 [    INFO] server start (conftest.py:18)
2023-10-19 01:31:02 [    INFO] Server started (conftest.py:23)
2023-10-19 01:31:02 [    INFO] rest client start (conftest.py:55)
2023-10-19 01:31:02 [    INFO] rest client succeed (conftest.py:59)
PASSED                                                                   [ 74%]
------------------------------ live log teardown -------------------------------
2023-10-19 01:31:32 [    INFO] rest Client stoped (conftest.py:68)
2023-10-19 01:31:32 [    INFO] Server stoped (conftest.py:26)

test_http_server.py::TestHttpServer::test_import_incorrect_data_with_continue_on_error[rest_client0-server0] 
-------------------------------- live log setup --------------------------------
2023-10-19 01:31:32 [    INFO] server start (conftest.py:18)
2023-10-19 01:31:33 [    INFO] Server started (conftest.py:23)
2023-10-19 01:31:33 [    INFO] rest client start (conftest.py:55)
2023-10-19 01:31:33 [    INFO] rest client succeed (conftest.py:59)
PASSED                                                                   [ 75%]
------------------------------ live log teardown -------------------------------
2023-10-19 01:33:12 [    INFO] rest Client stoped (conftest.py:68)
2023-10-19 01:33:12 [    INFO] Server stoped (conftest.py:26)

test_http_server.py::TestHttpServer::test_import_incorrect_data[rest_client0-server0] 
-------------------------------- live log setup --------------------------------
2023-10-19 01:33:12 [    INFO] server start (conftest.py:18)
2023-10-19 01:33:13 [    INFO] Server started (conftest.py:23)
2023-10-19 01:33:13 [    INFO] rest client start (conftest.py:55)
2023-10-19 01:33:13 [    INFO] rest client succeed (conftest.py:59)
PASSED                                                                   [ 75%]
------------------------------ live log teardown -------------------------------
2023-10-19 01:33:53 [    INFO] rest Client stoped (conftest.py:68)
2023-10-19 01:33:53 [    INFO] Server stoped (conftest.py:26)

test_issues.py::TestIssues::test_issues_59_1[client0-server0-importor0-file_builder0] 
-------------------------------- live log setup --------------------------------
2023-10-19 01:33:53 [    INFO] importor start (conftest.py:73)
2023-10-19 01:33:56 [    INFO] from  [[2023-Oct-19 01:33:53.339615] [INFO] - Import finished in 0.0905704 seconds.
]  find   [Import finished in] (toolkits_wrapper.py:25)
2023-10-19 01:33:56 [    INFO] importor succeed (conftest.py:78)
2023-10-19 01:33:56 [    INFO] server start (conftest.py:18)
2023-10-19 01:33:57 [    INFO] Server started (conftest.py:23)
2023-10-19 01:33:57 [    INFO] client start (conftest.py:34)
2023-10-19 01:33:57 [    INFO] client succeed (conftest.py:38)
PASSED                                                                   [ 76%]
------------------------------ live log teardown -------------------------------
2023-10-19 01:33:57 [    INFO] Client stoped (conftest.py:47)
2023-10-19 01:33:57 [    INFO] Server stoped (conftest.py:26)

test_issues.py::TestIssues::test_issues_59_2[client0-server0-importor0-file_builder0] 
-------------------------------- live log setup --------------------------------
2023-10-19 01:33:57 [    INFO] importor start (conftest.py:73)
2023-10-19 01:34:00 [    INFO] from  [[2023-Oct-19 01:33:57.538027] [INFO] - Import finished in 0.0981121 seconds.
]  find   [Import finished in] (toolkits_wrapper.py:25)
2023-10-19 01:34:00 [    INFO] importor succeed (conftest.py:78)
2023-10-19 01:34:00 [    INFO] server start (conftest.py:18)
2023-10-19 01:34:01 [    INFO] Server started (conftest.py:23)
2023-10-19 01:34:01 [    INFO] client start (conftest.py:34)
2023-10-19 01:34:01 [    INFO] client succeed (conftest.py:38)
PASSED                                                                   [ 76%]
------------------------------ live log teardown -------------------------------
2023-10-19 01:34:01 [    INFO] Client stoped (conftest.py:47)
2023-10-19 01:34:01 [    INFO] Server stoped (conftest.py:26)

test_issues.py::TestIssues::test_issues_59_3[client0-server0-importor0-file_builder0] 
-------------------------------- live log setup --------------------------------
2023-10-19 01:34:01 [    INFO] importor start (conftest.py:73)
2023-10-19 01:34:04 [    INFO] from  [[2023-Oct-19 01:34:01.738107] [INFO] - Import finished in 0.0982382 seconds.
]  find   [Import finished in] (toolkits_wrapper.py:25)
2023-10-19 01:34:04 [    INFO] importor succeed (conftest.py:78)
2023-10-19 01:34:04 [    INFO] server start (conftest.py:18)
2023-10-19 01:34:05 [    INFO] Server started (conftest.py:23)
2023-10-19 01:34:05 [    INFO] client start (conftest.py:34)
2023-10-19 01:34:05 [    INFO] client succeed (conftest.py:38)
PASSED                                                                   [ 77%]
------------------------------ live log teardown -------------------------------
2023-10-19 01:34:05 [    INFO] Client stoped (conftest.py:47)
2023-10-19 01:34:05 [    INFO] Server stoped (conftest.py:26)

test_issues.py::TestIssues::test_issues_59_4[client0-server0-importor0-file_builder0] 
-------------------------------- live log setup --------------------------------
2023-10-19 01:34:05 [    INFO] importor start (conftest.py:73)
2023-10-19 01:34:08 [    INFO] from  [[2023-Oct-19 01:34:05.931859] [INFO] - Import finished in 0.0908747 seconds.
]  find   [Import finished in] (toolkits_wrapper.py:25)
2023-10-19 01:34:08 [    INFO] importor succeed (conftest.py:78)
2023-10-19 01:34:08 [    INFO] server start (conftest.py:18)
2023-10-19 01:34:09 [    INFO] Server started (conftest.py:23)
2023-10-19 01:34:09 [    INFO] client start (conftest.py:34)
2023-10-19 01:34:09 [    INFO] client succeed (conftest.py:38)
PASSED                                                                   [ 77%]
------------------------------ live log teardown -------------------------------
2023-10-19 01:34:09 [    INFO] Client stoped (conftest.py:47)
2023-10-19 01:34:09 [    INFO] Server stoped (conftest.py:26)

test_issues.py::TestIssues::test_issues_59_5[client0-server0-importor0-file_builder0] 
-------------------------------- live log setup --------------------------------
2023-10-19 01:34:09 [    INFO] importor start (conftest.py:73)
2023-10-19 01:34:13 [    INFO] from  [[2023-Oct-19 01:34:10.131154] [INFO] - Import finished in 0.0953858 seconds.
]  find   [Import finished in] (toolkits_wrapper.py:25)
2023-10-19 01:34:13 [    INFO] importor succeed (conftest.py:78)
2023-10-19 01:34:13 [    INFO] server start (conftest.py:18)
2023-10-19 01:34:14 [    INFO] Server started (conftest.py:23)
2023-10-19 01:34:14 [    INFO] client start (conftest.py:34)
2023-10-19 01:34:14 [    INFO] client succeed (conftest.py:38)
PASSED                                                                   [ 78%]
------------------------------ live log teardown -------------------------------
2023-10-19 01:34:14 [    INFO] Client stoped (conftest.py:47)
2023-10-19 01:34:14 [    INFO] Server stoped (conftest.py:26)

test_issues.py::TestIssues::test_issues_59_6[client0-server0-importor0] 
-------------------------------- live log setup --------------------------------
2023-10-19 01:34:14 [    INFO] importor start (conftest.py:73)
2023-10-19 01:34:17 [    INFO] from  [[2023-Oct-19 01:34:14.333852] [INFO] - Import finished in 0.0995739 seconds.
]  find   [Import finished in] (toolkits_wrapper.py:25)
2023-10-19 01:34:17 [    INFO] importor succeed (conftest.py:78)
2023-10-19 01:34:17 [    INFO] server start (conftest.py:18)
2023-10-19 01:34:18 [    INFO] Server started (conftest.py:23)
2023-10-19 01:34:18 [    INFO] client start (conftest.py:34)
2023-10-19 01:34:18 [    INFO] client succeed (conftest.py:38)
PASSED                                                                   [ 78%]
------------------------------ live log teardown -------------------------------
2023-10-19 01:34:18 [    INFO] Client stoped (conftest.py:47)
2023-10-19 01:34:18 [    INFO] Server stoped (conftest.py:26)

test_issues.py::TestIssues::test_issues_199[client0-server0-importor0] 
-------------------------------- live log setup --------------------------------
2023-10-19 01:34:18 [    INFO] importor start (conftest.py:73)
2023-10-19 01:34:21 [    INFO] from  [[2023-Oct-19 01:34:18.538826] [INFO] - Import finished in 0.101183 seconds.
]  find   [Import finished in] (toolkits_wrapper.py:25)
2023-10-19 01:34:21 [    INFO] importor succeed (conftest.py:78)
2023-10-19 01:34:21 [    INFO] server start (conftest.py:18)
2023-10-19 01:34:22 [    INFO] Server started (conftest.py:23)
2023-10-19 01:34:22 [    INFO] client start (conftest.py:34)
2023-10-19 01:34:22 [    INFO] client succeed (conftest.py:38)
PASSED                                                                   [ 79%]
------------------------------ live log teardown -------------------------------
2023-10-19 01:34:22 [    INFO] Client stoped (conftest.py:47)
2023-10-19 01:34:22 [    INFO] Server stoped (conftest.py:26)

test_java_client_and_ogm.py::TestJavaClientAndOGM::test_java_client[exec0-server0-bash0-build_so0] 
-------------------------------- live log setup --------------------------------
2023-10-19 01:34:22 [    INFO] cmd : echo run TestJavaClientAndOGM (executable_wrapper.py:11)
2023-10-19 01:34:36 [    INFO] server start (conftest.py:18)
2023-10-19 01:34:37 [    INFO] Server started (conftest.py:23)
2023-10-19 01:34:37 [    INFO] exec start (conftest.py:188)
2023-10-19 01:34:37 [    INFO] cmd : ls | grep jar | grep rpc-client-test | egrep -v 'javadoc|sources' | xargs -I{} java -jar -ea {} 127.0.0.1:9092 admin 73@TuGraph (executable_wrapper.py:11)
PASSED                                                                   [ 79%]
------------------------------ live log teardown -------------------------------
2023-10-19 01:34:37 [    INFO] Server stoped (conftest.py:26)

test_java_client_and_ogm.py::TestJavaClientAndOGM::test_ha_java_client[exec0-bash0] 
-------------------------------- live log setup --------------------------------
2023-10-19 01:34:37 [    INFO] cmd : echo run TestJavaClientAndOGM (executable_wrapper.py:11)
2023-10-19 01:34:37 [    INFO] exec start (conftest.py:188)
2023-10-19 01:34:37 [    INFO] cmd : ls | grep jar | grep rpc-client-test | egrep -v 'javadoc|sources' | xargs -I{} java -jar -ea {} (executable_wrapper.py:11)
PASSED                                                                   [ 80%]
test_java_client_and_ogm.py::TestJavaClientAndOGM::test_java_ogm[exec0-server0-bash0] 
-------------------------------- live log setup --------------------------------
2023-10-19 01:34:37 [    INFO] cmd : echo run TestJavaClientAndOGM (executable_wrapper.py:11)
2023-10-19 01:34:37 [    INFO] server start (conftest.py:18)
2023-10-19 01:34:38 [    INFO] Server started (conftest.py:23)
2023-10-19 01:34:38 [    INFO] exec start (conftest.py:188)
2023-10-19 01:34:38 [    INFO] cmd : ls | grep jar | grep ogm-test | egrep -v 'javadoc|sources' | xargs -I{} java -jar {} 127.0.0.1:9092 admin 73@TuGraph (executable_wrapper.py:11)
PASSED                                                                   [ 80%]
------------------------------ live log teardown -------------------------------
2023-10-19 01:34:38 [    INFO] Server stoped (conftest.py:26)

test_java_client_and_ogm.py::TestJavaClientAndOGM::test_ha_java_ogm[exec0-bash0] 
-------------------------------- live log setup --------------------------------
2023-10-19 01:34:38 [    INFO] cmd : echo run TestJavaClientAndOGM (executable_wrapper.py:11)
2023-10-19 01:34:38 [    INFO] exec start (conftest.py:188)
2023-10-19 01:34:38 [    INFO] cmd : ls | grep jar | grep ogm-test | egrep -v 'javadoc|sources' | xargs -I{} java -jar {} (executable_wrapper.py:11)
PASSED                                                                   [ 81%]
test_procedure.py::TestProcedure::test_flushdb[client0-server0-importor0] 
-------------------------------- live log setup --------------------------------
2023-10-19 01:34:38 [    INFO] importor start (conftest.py:73)
2023-10-19 01:34:41 [    INFO] from  [[2023-Oct-19 01:34:38.488262] [INFO] - Import finished in 0.234258 seconds.
]  find   [Import finished in] (toolkits_wrapper.py:25)
2023-10-19 01:34:41 [    INFO] importor succeed (conftest.py:78)
2023-10-19 01:34:41 [    INFO] server start (conftest.py:18)
2023-10-19 01:34:42 [    INFO] Server started (conftest.py:23)
2023-10-19 01:34:42 [    INFO] client start (conftest.py:34)
2023-10-19 01:34:42 [    INFO] client succeed (conftest.py:38)
PASSED                                                                   [ 81%]
------------------------------ live log teardown -------------------------------
2023-10-19 01:34:42 [    INFO] Client stoped (conftest.py:47)
2023-10-19 01:34:42 [    INFO] Server stoped (conftest.py:26)

test_procedure.py::TestProcedure::test_subgraph[client0-server0] 
-------------------------------- live log setup --------------------------------
2023-10-19 01:34:42 [    INFO] server start (conftest.py:18)
2023-10-19 01:34:43 [    INFO] Server started (conftest.py:23)
2023-10-19 01:34:43 [    INFO] client start (conftest.py:34)
2023-10-19 01:34:43 [    INFO] client succeed (conftest.py:38)
PASSED                                                                   [ 82%]
------------------------------ live log teardown -------------------------------
2023-10-19 01:34:43 [    INFO] Client stoped (conftest.py:47)
2023-10-19 01:34:43 [    INFO] Server stoped (conftest.py:26)

test_procedure.py::TestProcedure::test_vertex_label[client0-server0] 
-------------------------------- live log setup --------------------------------
2023-10-19 01:34:43 [    INFO] server start (conftest.py:18)
2023-10-19 01:34:44 [    INFO] Server started (conftest.py:23)
2023-10-19 01:34:44 [    INFO] client start (conftest.py:34)
2023-10-19 01:34:44 [    INFO] client succeed (conftest.py:38)
PASSED                                                                   [ 82%]
------------------------------ live log teardown -------------------------------
2023-10-19 01:34:44 [    INFO] Client stoped (conftest.py:47)
2023-10-19 01:34:44 [    INFO] Server stoped (conftest.py:26)

test_procedure.py::TestProcedure::test_edge_label[client0-server0] 
-------------------------------- live log setup --------------------------------
2023-10-19 01:34:44 [    INFO] server start (conftest.py:18)
2023-10-19 01:34:45 [    INFO] Server started (conftest.py:23)
2023-10-19 01:34:45 [    INFO] client start (conftest.py:34)
2023-10-19 01:34:45 [    INFO] client succeed (conftest.py:38)
PASSED                                                                   [ 83%]
------------------------------ live log teardown -------------------------------
2023-10-19 01:34:45 [    INFO] Client stoped (conftest.py:47)
2023-10-19 01:34:45 [    INFO] Server stoped (conftest.py:26)

test_procedure.py::TestProcedure::test_index[client0-server0] 
-------------------------------- live log setup --------------------------------
2023-10-19 01:34:45 [    INFO] server start (conftest.py:18)
2023-10-19 01:34:46 [    INFO] Server started (conftest.py:23)
2023-10-19 01:34:46 [    INFO] client start (conftest.py:34)
2023-10-19 01:34:46 [    INFO] client succeed (conftest.py:38)
PASSED                                                                   [ 83%]
------------------------------ live log teardown -------------------------------
2023-10-19 01:34:46 [    INFO] Client stoped (conftest.py:47)
2023-10-19 01:34:46 [    INFO] Server stoped (conftest.py:26)

test_procedure.py::TestProcedure::test_warmup[client0-server0] 
-------------------------------- live log setup --------------------------------
2023-10-19 01:34:46 [    INFO] server start (conftest.py:18)
2023-10-19 01:34:47 [    INFO] Server started (conftest.py:23)
2023-10-19 01:34:47 [    INFO] client start (conftest.py:34)
2023-10-19 01:34:47 [    INFO] client succeed (conftest.py:38)
PASSED                                                                   [ 84%]
------------------------------ live log teardown -------------------------------
2023-10-19 01:34:47 [    INFO] Client stoped (conftest.py:47)
2023-10-19 01:34:47 [    INFO] Server stoped (conftest.py:26)

test_procedure.py::TestProcedure::test_create_label[client0-server0] 
-------------------------------- live log setup --------------------------------
2023-10-19 01:34:47 [    INFO] server start (conftest.py:18)
2023-10-19 01:34:48 [    INFO] Server started (conftest.py:23)
2023-10-19 01:34:48 [    INFO] client start (conftest.py:34)
2023-10-19 01:34:48 [    INFO] client succeed (conftest.py:38)
PASSED                                                                   [ 84%]
------------------------------ live log teardown -------------------------------
2023-10-19 01:34:48 [    INFO] Client stoped (conftest.py:47)
2023-10-19 01:34:48 [    INFO] Server stoped (conftest.py:26)

test_procedure.py::TestProcedure::test_label_field[client0-server0] 
-------------------------------- live log setup --------------------------------
2023-10-19 01:34:48 [    INFO] server start (conftest.py:18)
2023-10-19 01:34:49 [    INFO] Server started (conftest.py:23)
2023-10-19 01:34:49 [    INFO] client start (conftest.py:34)
2023-10-19 01:34:49 [    INFO] client succeed (conftest.py:38)
PASSED                                                                   [ 85%]
------------------------------ live log teardown -------------------------------
2023-10-19 01:34:49 [    INFO] Client stoped (conftest.py:47)
2023-10-19 01:34:49 [    INFO] Server stoped (conftest.py:26)

test_procedure.py::TestProcedure::test_procedure[client0-server0] 
-------------------------------- live log setup --------------------------------
2023-10-19 01:34:49 [    INFO] server start (conftest.py:18)
2023-10-19 01:34:50 [    INFO] Server started (conftest.py:23)
2023-10-19 01:34:50 [    INFO] client start (conftest.py:34)
2023-10-19 01:34:50 [    INFO] client succeed (conftest.py:38)
-------------------------------- live log call ---------------------------------
2023-10-19 01:34:50 [    INFO] procedures count : 100 (test_procedure.py:469)
PASSED                                                                   [ 85%]
------------------------------ live log teardown -------------------------------
2023-10-19 01:34:50 [    INFO] Client stoped (conftest.py:47)
2023-10-19 01:34:50 [    INFO] Server stoped (conftest.py:26)

test_procedure.py::TestProcedure::test_graph[client0-server0] 
-------------------------------- live log setup --------------------------------
2023-10-19 01:34:50 [    INFO] server start (conftest.py:18)
2023-10-19 01:34:51 [    INFO] Server started (conftest.py:23)
2023-10-19 01:34:51 [    INFO] client start (conftest.py:34)
2023-10-19 01:34:51 [    INFO] client succeed (conftest.py:38)
PASSED                                                                   [ 86%]
------------------------------ live log teardown -------------------------------
2023-10-19 01:34:51 [    INFO] Client stoped (conftest.py:47)
2023-10-19 01:34:51 [    INFO] Server stoped (conftest.py:26)

test_procedure.py::TestProcedure::test_allow_list[client0-server0] 
-------------------------------- live log setup --------------------------------
2023-10-19 01:34:51 [    INFO] server start (conftest.py:18)
2023-10-19 01:34:52 [    INFO] Server started (conftest.py:23)
2023-10-19 01:34:52 [    INFO] client start (conftest.py:34)
2023-10-19 01:34:52 [    INFO] client succeed (conftest.py:38)
PASSED                                                                   [ 86%]
------------------------------ live log teardown -------------------------------
2023-10-19 01:34:52 [    INFO] Client stoped (conftest.py:47)
2023-10-19 01:34:52 [    INFO] Server stoped (conftest.py:26)

test_procedure.py::TestProcedure::test_configration[client0-server0] 
-------------------------------- live log setup --------------------------------
2023-10-19 01:34:52 [    INFO] server start (conftest.py:18)
2023-10-19 01:34:54 [    INFO] Server started (conftest.py:23)
2023-10-19 01:34:54 [    INFO] client start (conftest.py:34)
2023-10-19 01:34:54 [    INFO] client succeed (conftest.py:38)
PASSED                                                                   [ 87%]
------------------------------ live log teardown -------------------------------
2023-10-19 01:34:54 [    INFO] Client stoped (conftest.py:47)
2023-10-19 01:34:54 [    INFO] Server stoped (conftest.py:26)

test_procedure.py::TestProcedure::test_configration_two[client0-server0] 
-------------------------------- live log setup --------------------------------
2023-10-19 01:34:54 [    INFO] server start (conftest.py:18)
2023-10-19 01:34:55 [    INFO] Server started (conftest.py:23)
2023-10-19 01:34:55 [    INFO] client start (conftest.py:34)
2023-10-19 01:34:55 [    INFO] client succeed (conftest.py:38)
PASSED                                                                   [ 87%]
------------------------------ live log teardown -------------------------------
2023-10-19 01:34:55 [    INFO] Client stoped (conftest.py:47)
2023-10-19 01:34:55 [    INFO] Server stoped (conftest.py:26)

test_procedure.py::TestProcedure::test_system_info[client0-server0] 
-------------------------------- live log setup --------------------------------
2023-10-19 01:34:55 [    INFO] server start (conftest.py:18)
2023-10-19 01:34:56 [    INFO] Server started (conftest.py:23)
2023-10-19 01:34:56 [    INFO] client start (conftest.py:34)
2023-10-19 01:34:56 [    INFO] client succeed (conftest.py:38)
PASSED                                                                   [ 88%]
------------------------------ live log teardown -------------------------------
2023-10-19 01:34:56 [    INFO] Client stoped (conftest.py:47)
2023-10-19 01:34:56 [    INFO] Server stoped (conftest.py:26)

test_procedure.py::TestProcedure::test_rule[client0-server0] 
-------------------------------- live log setup --------------------------------
2023-10-19 01:34:56 [    INFO] server start (conftest.py:18)
2023-10-19 01:34:57 [    INFO] Server started (conftest.py:23)
2023-10-19 01:34:57 [    INFO] client start (conftest.py:34)
2023-10-19 01:34:57 [    INFO] client succeed (conftest.py:38)
PASSED                                                                   [ 88%]
------------------------------ live log teardown -------------------------------
2023-10-19 01:34:57 [    INFO] Client stoped (conftest.py:47)
2023-10-19 01:34:57 [    INFO] Server stoped (conftest.py:26)

test_procedure.py::TestProcedure::test_user[client0-server0] 
-------------------------------- live log setup --------------------------------
2023-10-19 01:34:57 [    INFO] server start (conftest.py:18)
2023-10-19 01:34:58 [    INFO] Server started (conftest.py:23)
2023-10-19 01:34:58 [    INFO] client start (conftest.py:34)
2023-10-19 01:34:58 [    INFO] client succeed (conftest.py:38)
PASSED                                                                   [ 89%]
------------------------------ live log teardown -------------------------------
2023-10-19 01:34:58 [    INFO] Client stoped (conftest.py:47)
2023-10-19 01:34:58 [    INFO] Server stoped (conftest.py:26)

test_procedure.py::TestProcedure::test_plugin[client0-server0-importor0-build_so0] 
-------------------------------- live log setup --------------------------------
2023-10-19 01:35:12 [    INFO] importor start (conftest.py:73)
2023-10-19 01:35:15 [    INFO] from  [[2023-Oct-19 01:35:12.550569] [INFO] - Import finished in 0.343122 seconds.
]  find   [Import finished in] (toolkits_wrapper.py:25)
2023-10-19 01:35:15 [    INFO] importor succeed (conftest.py:78)
2023-10-19 01:35:15 [    INFO] server start (conftest.py:18)
2023-10-19 01:35:16 [    INFO] Server started (conftest.py:23)
2023-10-19 01:35:16 [    INFO] client start (conftest.py:34)
2023-10-19 01:35:16 [    INFO] client succeed (conftest.py:38)
PASSED                                                                   [ 89%]
------------------------------ live log teardown -------------------------------
2023-10-19 01:35:16 [    INFO] Client stoped (conftest.py:47)
2023-10-19 01:35:16 [    INFO] Server stoped (conftest.py:26)

test_procedure.py::TestProcedure::test_password[client0-server0-importor0] 
-------------------------------- live log setup --------------------------------
2023-10-19 01:35:16 [    INFO] importor start (conftest.py:73)
2023-10-19 01:35:19 [    INFO] from  [[2023-Oct-19 01:35:16.986972] [INFO] - Import finished in 0.234735 seconds.
]  find   [Import finished in] (toolkits_wrapper.py:25)
2023-10-19 01:35:20 [    INFO] importor succeed (conftest.py:78)
2023-10-19 01:35:20 [    INFO] server start (conftest.py:18)
2023-10-19 01:35:21 [    INFO] Server started (conftest.py:23)
2023-10-19 01:35:21 [    INFO] client start (conftest.py:34)
2023-10-19 01:35:21 [    INFO] client succeed (conftest.py:38)
PASSED                                                                   [ 90%]
------------------------------ live log teardown -------------------------------
2023-10-19 01:35:21 [    INFO] Client stoped (conftest.py:47)
2023-10-19 01:35:21 [    INFO] Server stoped (conftest.py:26)

test_procedure.py::TestProcedure::test_import_file[client0-server0] 
-------------------------------- live log setup --------------------------------
2023-10-19 01:35:21 [    INFO] server start (conftest.py:18)
2023-10-19 01:35:22 [    INFO] Server started (conftest.py:23)
2023-10-19 01:35:22 [    INFO] client start (conftest.py:34)
2023-10-19 01:35:22 [    INFO] client succeed (conftest.py:38)
PASSED                                                                   [ 90%]
------------------------------ live log teardown -------------------------------
2023-10-19 01:35:22 [    INFO] Client stoped (conftest.py:47)
2023-10-19 01:35:22 [    INFO] Server stoped (conftest.py:26)

test_procedure.py::TestProcedure::test_import_content[client0-server0] 
-------------------------------- live log setup --------------------------------
2023-10-19 01:35:22 [    INFO] server start (conftest.py:18)
2023-10-19 01:35:23 [    INFO] Server started (conftest.py:23)
2023-10-19 01:35:23 [    INFO] client start (conftest.py:34)
2023-10-19 01:35:23 [    INFO] client succeed (conftest.py:38)
PASSED                                                                   [ 91%]
------------------------------ live log teardown -------------------------------
2023-10-19 01:35:23 [    INFO] Client stoped (conftest.py:47)
2023-10-19 01:35:23 [    INFO] Server stoped (conftest.py:26)

test_python_client.py::TestAsyncTuGraphClient::test_async_list_graph PASSED [ 91%]
test_python_client.py::TestAsyncTuGraphClient::test_list_graph PASSED    [ 92%]
test_python_client.py::TestAsyncTuGraphClient::test_async_list_plugins PASSED [ 92%]
test_python_client.py::TestAsyncTuGraphClient::test_list_plugins PASSED  [ 93%]
test_python_client.py::TestAsyncTuGraphClient::test_async_get_server_info PASSED [ 93%]
test_python_client.py::TestAsyncTuGraphClient::test_get_server_info PASSED [ 94%]
test_python_client.py::TestAsyncTuGraphClient::test_get_server_list PASSED [ 94%]
test_python_client.py::TestAsyncTuGraphClient::test_async_cypher PASSED  [ 95%]
test_python_client.py::TestAsyncTuGraphClient::test_cypher PASSED        [ 95%]
test_rest.py::TestRest::test_get_info[rest0-server0] 
-------------------------------- live log setup --------------------------------
2023-10-19 01:35:26 [    INFO] server start (conftest.py:18)
2023-10-19 01:35:27 [    INFO] Server started (conftest.py:23)
2023-10-19 01:35:27 [    INFO] client start (conftest.py:230)
2023-10-19 01:35:27 [    INFO] client succeed (conftest.py:232)
-------------------------------- live log call ---------------------------------
2023-10-19 01:35:27 [    INFO] res : {'cpp_id': '"GNU"', 'cpp_version': '"8.4.0"', 'cpu': {'self': 0, 'server': 2, 'unit': '%'}, 'db_config': {'bind_host': '0.0.0.0', 'disable_auth': False, 'durable': False, 'enable_audit_log': False, 'enable_backup_log': False, 'enable_fulltext_index': False, 'enable_ha': False, 'enable_ip_check': False, 'enable_rpc': True, 'enable_ssl': False, 'optimistic_txn': False, 'port': 7073, 'rpc_port': 9093, 'subprocess_max_idle_seconds': 600, 'thread_limit': 0, 'verbose': 2}, 'db_space': {'disk_avail': 54301794304, 'disk_total': 105419542528, 'space': 243968, 'unit': 'B'}, 'disk': {'read': 0, 'unit': 'B/s', 'write': 0}, 'git_branch': '"dev"', 'git_commit': '"ea46fe1"', 'lgraph_version': '4.0.1', 'memory': {'self': 130384, 'server_avail': 5304276, 'server_total': 8147816, 'unit': 'KB'}, 'node': '/node', 'python_version': '"3.6.9"', 'relationship': '/relationship', 'up_time': 1, 'web_commit': '"8253763"'} (test_rest.py:24)
PASSED                                                                   [ 96%]
------------------------------ live log teardown -------------------------------
2023-10-19 01:35:27 [    INFO] Server stoped (conftest.py:26)

test_rest.py::TestRest::test_plugin_load_unload[rest0-server0] 
-------------------------------- live log setup --------------------------------
2023-10-19 01:35:27 [    INFO] server start (conftest.py:18)
2023-10-19 01:35:28 [    INFO] Server started (conftest.py:23)
2023-10-19 01:35:28 [    INFO] client start (conftest.py:230)
2023-10-19 01:35:28 [    INFO] client succeed (conftest.py:232)
PASSED                                                                   [ 96%]
------------------------------ live log teardown -------------------------------
2023-10-19 01:35:31 [    INFO] Server stoped (conftest.py:26)

test_sampling.py::TestExec::test_exec_getdb_python_embed[algo0-importor0] 
-------------------------------- live log setup --------------------------------
2023-10-19 01:35:31 [    INFO] importor start (conftest.py:73)
2023-10-19 01:35:35 [    INFO] from  [[2023-Oct-19 01:35:32.204983] [INFO] - Import finished in 0.655561 seconds.
]  find   [Import finished in] (toolkits_wrapper.py:25)
2023-10-19 01:35:35 [    INFO] importor succeed (conftest.py:78)
2023-10-19 01:35:35 [    INFO] algo start (conftest.py:204)
2023-10-19 01:35:36 [    INFO] from  [the num of NodeInfo = 2708
]  find   [the num of NodeInfo = 2708] (toolkits_wrapper.py:25)
2023-10-19 01:35:36 [    INFO] exportor succeed (conftest.py:209)
PASSED                                                                   [ 97%]
test_sampling.py::TestExec::test_exec_edgesampling_python_embed[algo0-importor0] 
-------------------------------- live log setup --------------------------------
2023-10-19 01:35:36 [    INFO] importor start (conftest.py:73)
2023-10-19 01:35:40 [    INFO] from  [[2023-Oct-19 01:35:37.082520] [INFO] - Import finished in 0.645308 seconds.
]  find   [Import finished in] (toolkits_wrapper.py:25)
2023-10-19 01:35:40 [    INFO] importor succeed (conftest.py:78)
2023-10-19 01:35:40 [    INFO] algo start (conftest.py:204)
2023-10-19 01:35:41 [    INFO] from  [the num of NodeInfo = 2708
]  find   [the num of NodeInfo = 2708] (toolkits_wrapper.py:25)
2023-10-19 01:35:41 [    INFO] exportor succeed (conftest.py:209)
PASSED                                                                   [ 97%]
test_sampling.py::TestExec::test_exec_negativesampling_python_embed[algo0-importor0] 
-------------------------------- live log setup --------------------------------
2023-10-19 01:35:41 [    INFO] importor start (conftest.py:73)
2023-10-19 01:35:45 [    INFO] from  [[2023-Oct-19 01:35:41.760528] [INFO] - Import finished in 0.63553 seconds.
]  find   [Import finished in] (toolkits_wrapper.py:25)
2023-10-19 01:35:45 [    INFO] importor succeed (conftest.py:78)
2023-10-19 01:35:45 [    INFO] algo start (conftest.py:204)
2023-10-19 01:35:45 [    INFO] from  [the num of NodeInfo =
]  find   [the num of NodeInfo =] (toolkits_wrapper.py:25)
2023-10-19 01:35:45 [    INFO] exportor succeed (conftest.py:209)
PASSED                                                                   [ 98%]
test_sampling.py::TestExec::test_exec_neighborsampling_python_embed[algo0-importor0] 
-------------------------------- live log setup --------------------------------
2023-10-19 01:35:45 [    INFO] importor start (conftest.py:73)
2023-10-19 01:35:50 [    INFO] from  [[2023-Oct-19 01:35:46.435728] [INFO] - Import finished in 0.654382 seconds.
]  find   [Import finished in] (toolkits_wrapper.py:25)
2023-10-19 01:35:50 [    INFO] importor succeed (conftest.py:78)
2023-10-19 01:35:50 [    INFO] algo start (conftest.py:204)
2023-10-19 01:35:50 [    INFO] from  [the label of 35 is: 6
]  find   [the label of 35 is: 6] (toolkits_wrapper.py:25)
2023-10-19 01:35:50 [    INFO] exportor succeed (conftest.py:209)
PASSED                                                                   [ 98%]
test_sampling.py::TestExec::test_exec_randomwalk_python_embed[algo0-importor0] 
-------------------------------- live log setup --------------------------------
2023-10-19 01:35:50 [    INFO] importor start (conftest.py:73)
2023-10-19 01:35:54 [    INFO] from  [[2023-Oct-19 01:35:51.123906] [INFO] - Import finished in 0.615519 seconds.
]  find   [Import finished in] (toolkits_wrapper.py:25)
2023-10-19 01:35:54 [    INFO] importor succeed (conftest.py:78)
2023-10-19 01:35:54 [    INFO] algo start (conftest.py:204)
2023-10-19 01:35:55 [    INFO] from  [the label of 35 is: 6
]  find   [the label of 35 is: 6] (toolkits_wrapper.py:25)
2023-10-19 01:35:55 [    INFO] exportor succeed (conftest.py:209)
PASSED                                                                   [ 99%]
test_train.py::TestExec::test_exec_train_cora_python_embed[algo0-importor0] 
-------------------------------- live log setup --------------------------------
2023-10-19 01:35:55 [    INFO] importor start (conftest.py:73)
2023-10-19 01:35:59 [    INFO] from  [[2023-Oct-19 01:35:55.746113] [INFO] - Import finished in 0.647688 seconds.
]  find   [Import finished in] (toolkits_wrapper.py:25)
2023-10-19 01:35:59 [    INFO] importor succeed (conftest.py:78)
2023-10-19 01:35:59 [    INFO] algo start (conftest.py:204)
2023-10-19 01:36:02 [    INFO] Error: signal 11:
 (toolkits_wrapper.py:36)
2023-10-19 01:36:02 [    INFO] Error: signal 11:
 (toolkits_wrapper.py:36)
2023-10-19 01:36:02 [    INFO] /root/tugraph-db/build/output/liblgraph.so(+0x1227207)[0x7fc802fb0207]
 (toolkits_wrapper.py:36)
2023-10-19 01:36:02 [    INFO] /root/tugraph-db/build/output/liblgraph.so(+0x1227207)[0x7fc802fb0207]
 (toolkits_wrapper.py:36)
2023-10-19 01:36:02 [    INFO] /lib64/libpthread.so.0(+0xf630)[0x7fc899020630]
 (toolkits_wrapper.py:36)
2023-10-19 01:36:02 [    INFO] /lib64/libpthread.so.0(+0xf630)[0x7fc899020630]
 (toolkits_wrapper.py:36)
2023-10-19 01:36:02 [    INFO] /lib64/libc.so.6(+0x155fde)[0x7fc89868ffde]
 (toolkits_wrapper.py:36)
2023-10-19 01:36:02 [    INFO] ../../build/output/algo/neighbors_sampling.cpython-36m-x86_64-linux-gnu.so(+0x5fbb9)[0x7fc80185ebb9]
 (toolkits_wrapper.py:36)
2023-10-19 01:36:02 [    INFO] /usr/local/lib/python3.6/site-packages/torch/lib/libgomp-a34b3233.so.1(+0x16405)[0x7fc8932a4405]
 (toolkits_wrapper.py:36)
2023-10-19 01:36:02 [    INFO] /lib64/libpthread.so.0(+0x7ea5)[0x7fc899018ea5]
 (toolkits_wrapper.py:36)
2023-10-19 01:36:02 [    INFO] /lib64/libc.so.6(clone+0x6d)[0x7fc898638b0d]
 (toolkits_wrapper.py:36)
2023-10-19 01:36:02 [    INFO] [2023-10-19 01:36:02.711689] [0x00007fc899442740] [info]    Loading DB state from disk
 (toolkits_wrapper.py:36)
ERROR                                                                    [ 99%]
test_train.py::TestExec::test_exec_train_full_cora_python_embed[algo0-importor0] 
-------------------------------- live log setup --------------------------------
2023-10-19 01:36:02 [    INFO] importor start (conftest.py:73)
2023-10-19 01:36:07 [    INFO] from  [[2023-Oct-19 01:36:03.617139] [INFO] - Import finished in 0.623928 seconds.
]  find   [Import finished in] (toolkits_wrapper.py:25)
2023-10-19 01:36:07 [    INFO] importor succeed (conftest.py:78)
2023-10-19 01:36:07 [    INFO] algo start (conftest.py:204)
2023-10-19 01:36:10 [    INFO] Namespace(db_path='./coradb', graph_name='default', model_save_path='', password='73@TuGraph', username='admin')
 (toolkits_wrapper.py:36)
2023-10-19 01:36:10 [    INFO] Error: signal 11:
 (toolkits_wrapper.py:36)
2023-10-19 01:36:10 [    INFO] Error: signal 11:
 (toolkits_wrapper.py:36)
2023-10-19 01:36:10 [    INFO] /root/tugraph-db/build/output/liblgraph.so(+0x1227207)[0x7fbc48374207]
 (toolkits_wrapper.py:36)
2023-10-19 01:36:10 [    INFO] /root/tugraph-db/build/output/liblgraph.so(+0x1227207)[0x7fbc48374207]
 (toolkits_wrapper.py:36)
2023-10-19 01:36:10 [    INFO] /lib64/libpthread.so.0(+0xf630)[0x7fbcde3e4630]
 (toolkits_wrapper.py:36)
2023-10-19 01:36:10 [    INFO] /lib64/libpthread.so.0(+0xf630)[0x7fbcde3e4630]
 (toolkits_wrapper.py:36)
2023-10-19 01:36:10 [    INFO] ../../build/output/algo/getdb.cpython-36m-x86_64-linux-gnu.so(+0x66e65)[0x7fbc46c11e65]
 (toolkits_wrapper.py:36)
2023-10-19 01:36:10 [    INFO] /usr/local/lib/python3.6/site-packages/torch/lib/libgomp-a34b3233.so.1(+0x16405)[0x7fbcd7ffc405]
 (toolkits_wrapper.py:36)
2023-10-19 01:36:10 [    INFO] ../../build/output/algo/getdb.cpython-36m-x86_64-linux-gnu.so(+0x66e65)[0x7fbc46c11e65]
 (toolkits_wrapper.py:36)
2023-10-19 01:36:10 [    INFO] /usr/local/lib/python3.6/site-packages/torch/lib/libgomp-a34b3233.so.1(+0x16405)[0x7fbcd7ffc405]
 (toolkits_wrapper.py:36)
2023-10-19 01:36:10 [    INFO] /lib64/libpthread.so.0(+0x7ea5)[0x7fbcde3dcea5]
 (toolkits_wrapper.py:36)
2023-10-19 01:36:10 [    INFO] /lib64/libc.so.6(clone+0x6d)[0x7fbcdd9fcb0d]
 (toolkits_wrapper.py:36)
2023-10-19 01:36:10 [    INFO] [2023-10-19 01:36:09.962906] [0x00007fbcde806740] [info]    Loading DB state from disk
 (toolkits_wrapper.py:36)
2023-10-19 01:36:10 [    INFO] Traceback (most recent call last):
 (toolkits_wrapper.py:36)
2023-10-19 01:36:10 [    INFO]   File "train_full_cora.py", line 169, in <module>
 (toolkits_wrapper.py:36)
2023-10-19 01:36:10 [    INFO]     main(args)
 (toolkits_wrapper.py:36)
2023-10-19 01:36:10 [    INFO]   File "train_full_cora.py", line 152, in main
 (toolkits_wrapper.py:36)
2023-10-19 01:36:10 [    INFO]     mp.spawn(run, args=(n_gpus, args, devices), nprocs=n_gpus)
 (toolkits_wrapper.py:36)
2023-10-19 01:36:10 [    INFO]   File "/usr/local/lib/python3.6/site-packages/torch/multiprocessing/spawn.py", line 230, in spawn
 (toolkits_wrapper.py:36)
2023-10-19 01:36:10 [    INFO]     return start_processes(fn, args, nprocs, join, daemon, start_method='spawn')
 (toolkits_wrapper.py:36)
2023-10-19 01:36:10 [    INFO]   File "/usr/local/lib/python3.6/site-packages/torch/multiprocessing/spawn.py", line 188, in start_processes
 (toolkits_wrapper.py:36)
2023-10-19 01:36:10 [    INFO]     while not context.join():
 (toolkits_wrapper.py:36)
2023-10-19 01:36:10 [    INFO]   File "/usr/local/lib/python3.6/site-packages/torch/multiprocessing/spawn.py", line 136, in join
 (toolkits_wrapper.py:36)
2023-10-19 01:36:10 [    INFO]     signal_name=name
 (toolkits_wrapper.py:36)
2023-10-19 01:36:10 [    INFO] torch.multiprocessing.spawn.ProcessExitedException: process 0 terminated with signal SIGABRT
 (toolkits_wrapper.py:36)
ERROR                                                                    [100%]

==================================== ERRORS ====================================
_______ ERROR at setup of TestExec.test_exec_clce_embed[algo0-importor0] _______

request = <SubRequest 'algo' for <Function test_exec_clce_embed[algo0-importor0]>>

    @pytest.fixture(scope="function")
    def algo(request):
        log.info("algo start")
        cmd = request.param.get("cmd")
        result = request.param.get("result")
        exportor = ToolkitsWrapper(cmd, result)
>       exportor.run()

conftest.py:208: 
_ _ _ _ _ _ _ _ _ _ _ _ _ _ _ _ _ _ _ _ _ _ _ _ _ _ _ _ _ _ _ _ _ _ _ _ _ _ _ _ 

self = <toolkits_wrapper.ToolkitsWrapper object at 0x7efeda023128>, dir = []

    def run(self, dir = []):
        with open(self.log_file, 'w+') as file:
            self.process = subprocess.Popen(self.cmd, shell=True, stdout=file, stderr=file, close_fds=True)
            self.process.wait()
            if self.check_status():
                return
            file.seek(0, 0)
            for line in file:
                log.info(line)
>           raise Exception('Failed to exec command')
E           Exception: Failed to exec command

toolkits_wrapper.py:37: Exception
------------------------------ Captured log setup ------------------------------
INFO     conftest:conftest.py:73 importor start
INFO     toolkits_wrapper:toolkits_wrapper.py:25 from  [[2023-Oct-19 01:15:18.073344] [INFO] - Import finished in 1.12354 seconds.
]  find   [Import finished in]
INFO     conftest:conftest.py:78 importor succeed
INFO     conftest:conftest.py:204 algo start
INFO     toolkits_wrapper:toolkits_wrapper.py:36 /bin/sh: algo/clce_embed: No such file or directory
_________ ERROR at setup of TestExec.test_exec_clce_standalone[algo0] __________

request = <SubRequest 'algo' for <Function test_exec_clce_standalone[algo0]>>

    @pytest.fixture(scope="function")
    def algo(request):
        log.info("algo start")
        cmd = request.param.get("cmd")
        result = request.param.get("result")
        exportor = ToolkitsWrapper(cmd, result)
>       exportor.run()

conftest.py:208: 
_ _ _ _ _ _ _ _ _ _ _ _ _ _ _ _ _ _ _ _ _ _ _ _ _ _ _ _ _ _ _ _ _ _ _ _ _ _ _ _ 

self = <toolkits_wrapper.ToolkitsWrapper object at 0x7efeda31bf98>, dir = []

    def run(self, dir = []):
        with open(self.log_file, 'w+') as file:
            self.process = subprocess.Popen(self.cmd, shell=True, stdout=file, stderr=file, close_fds=True)
            self.process.wait()
            if self.check_status():
                return
            file.seek(0, 0)
            for line in file:
                log.info(line)
>           raise Exception('Failed to exec command')
E           Exception: Failed to exec command

toolkits_wrapper.py:37: Exception
------------------------------ Captured log setup ------------------------------
INFO     conftest:conftest.py:204 algo start
INFO     toolkits_wrapper:toolkits_wrapper.py:36 /bin/sh: algo/clce_standalone: No such file or directory
________ ERROR at setup of TestExec.test_exec_cn_embed[algo0-importor0] ________

request = <SubRequest 'algo' for <Function test_exec_cn_embed[algo0-importor0]>>

    @pytest.fixture(scope="function")
    def algo(request):
        log.info("algo start")
        cmd = request.param.get("cmd")
        result = request.param.get("result")
        exportor = ToolkitsWrapper(cmd, result)
>       exportor.run()

conftest.py:208: 
_ _ _ _ _ _ _ _ _ _ _ _ _ _ _ _ _ _ _ _ _ _ _ _ _ _ _ _ _ _ _ _ _ _ _ _ _ _ _ _ 

self = <toolkits_wrapper.ToolkitsWrapper object at 0x7efeda023e10>, dir = []

    def run(self, dir = []):
        with open(self.log_file, 'w+') as file:
            self.process = subprocess.Popen(self.cmd, shell=True, stdout=file, stderr=file, close_fds=True)
            self.process.wait()
            if self.check_status():
                return
            file.seek(0, 0)
            for line in file:
                log.info(line)
>           raise Exception('Failed to exec command')
E           Exception: Failed to exec command

toolkits_wrapper.py:37: Exception
------------------------------ Captured log setup ------------------------------
INFO     conftest:conftest.py:73 importor start
INFO     toolkits_wrapper:toolkits_wrapper.py:25 from  [[2023-Oct-19 01:15:22.284438] [INFO] - Import finished in 1.11232 seconds.
]  find   [Import finished in]
INFO     conftest:conftest.py:78 importor succeed
INFO     conftest:conftest.py:204 algo start
INFO     toolkits_wrapper:toolkits_wrapper.py:36 [2023-10-19 01:15:25.374407] [0x00007fa3bee99800] [info]    Loading DB state from disk

INFO     toolkits_wrapper:toolkits_wrapper.py:36 1

INFO     toolkits_wrapper:toolkits_wrapper.py:36 {"cn_list":[[0,1,16.0],[1,2,1.0]],"core_cost":0.00010657310485839844,"num_edges":176468,"num_vertices":4039,"prepare_cost":0.03668093681335449,"total_cost":0.03678750991821289}
________ ERROR at setup of TestExec.test_exec_ji_embed[algo0-importor0] ________

request = <SubRequest 'algo' for <Function test_exec_ji_embed[algo0-importor0]>>

    @pytest.fixture(scope="function")
    def algo(request):
        log.info("algo start")
        cmd = request.param.get("cmd")
        result = request.param.get("result")
        exportor = ToolkitsWrapper(cmd, result)
>       exportor.run()

conftest.py:208: 
_ _ _ _ _ _ _ _ _ _ _ _ _ _ _ _ _ _ _ _ _ _ _ _ _ _ _ _ _ _ _ _ _ _ _ _ _ _ _ _ 

self = <toolkits_wrapper.ToolkitsWrapper object at 0x7efeda35f6a0>, dir = []

    def run(self, dir = []):
        with open(self.log_file, 'w+') as file:
            self.process = subprocess.Popen(self.cmd, shell=True, stdout=file, stderr=file, close_fds=True)
            self.process.wait()
            if self.check_status():
                return
            file.seek(0, 0)
            for line in file:
                log.info(line)
>           raise Exception('Failed to exec command')
E           Exception: Failed to exec command

toolkits_wrapper.py:37: Exception
------------------------------ Captured log setup ------------------------------
INFO     conftest:conftest.py:73 importor start
INFO     toolkits_wrapper:toolkits_wrapper.py:25 from  [[2023-Oct-19 01:15:45.034645] [INFO] - Import finished in 1.1258 seconds.
]  find   [Import finished in]
INFO     conftest:conftest.py:78 importor succeed
INFO     conftest:conftest.py:204 algo start
INFO     toolkits_wrapper:toolkits_wrapper.py:36 [2023-10-19 01:15:48.111556] [0x00007fb196176800] [info]    Loading DB state from disk

INFO     toolkits_wrapper:toolkits_wrapper.py:36 0.045977

INFO     toolkits_wrapper:toolkits_wrapper.py:36 0.0384615

INFO     toolkits_wrapper:toolkits_wrapper.py:36 1

INFO     toolkits_wrapper:toolkits_wrapper.py:36 {"core_cost":0.00018548965454101563,"ji_list":[[0,1,0.04597701149425287],[1,2,0.038461538461538464]],"num_edges":176468,"num_vertices":4039,"prepare_cost":0.040940046310424805,"total_cost":0.04112553596496582}
_____ ERROR at setup of TestExec.test_exec_kcliques_embed[algo0-importor0] _____

request = <SubRequest 'algo' for <Function test_exec_kcliques_embed[algo0-importor0]>>

    @pytest.fixture(scope="function")
    def algo(request):
        log.info("algo start")
        cmd = request.param.get("cmd")
        result = request.param.get("result")
        exportor = ToolkitsWrapper(cmd, result)
>       exportor.run()

conftest.py:208: 
_ _ _ _ _ _ _ _ _ _ _ _ _ _ _ _ _ _ _ _ _ _ _ _ _ _ _ _ _ _ _ _ _ _ _ _ _ _ _ _ 

self = <toolkits_wrapper.ToolkitsWrapper object at 0x7efeda328e80>, dir = []

    def run(self, dir = []):
        with open(self.log_file, 'w+') as file:
            self.process = subprocess.Popen(self.cmd, shell=True, stdout=file, stderr=file, close_fds=True)
            self.process.wait()
            if self.check_status():
                return
            file.seek(0, 0)
            for line in file:
                log.info(line)
>           raise Exception('Failed to exec command')
E           Exception: Failed to exec command

toolkits_wrapper.py:37: Exception
------------------------------ Captured log setup ------------------------------
INFO     conftest:conftest.py:73 importor start
INFO     toolkits_wrapper:toolkits_wrapper.py:25 from  [[2023-Oct-19 01:15:49.532317] [INFO] - Import finished in 1.06771 seconds.
]  find   [Import finished in]
INFO     conftest:conftest.py:78 importor succeed
INFO     conftest:conftest.py:204 algo start
INFO     toolkits_wrapper:toolkits_wrapper.py:36 /bin/sh: algo/kcliques_embed: No such file or directory
_______ ERROR at setup of TestExec.test_exec_kcliques_standalone[algo0] ________

request = <SubRequest 'algo' for <Function test_exec_kcliques_standalone[algo0]>>

    @pytest.fixture(scope="function")
    def algo(request):
        log.info("algo start")
        cmd = request.param.get("cmd")
        result = request.param.get("result")
        exportor = ToolkitsWrapper(cmd, result)
>       exportor.run()

conftest.py:208: 
_ _ _ _ _ _ _ _ _ _ _ _ _ _ _ _ _ _ _ _ _ _ _ _ _ _ _ _ _ _ _ _ _ _ _ _ _ _ _ _ 

self = <toolkits_wrapper.ToolkitsWrapper object at 0x7efeda06fd68>, dir = []

    def run(self, dir = []):
        with open(self.log_file, 'w+') as file:
            self.process = subprocess.Popen(self.cmd, shell=True, stdout=file, stderr=file, close_fds=True)
            self.process.wait()
            if self.check_status():
                return
            file.seek(0, 0)
            for line in file:
                log.info(line)
>           raise Exception('Failed to exec command')
E           Exception: Failed to exec command

toolkits_wrapper.py:37: Exception
------------------------------ Captured log setup ------------------------------
INFO     conftest:conftest.py:204 algo start
INFO     toolkits_wrapper:toolkits_wrapper.py:36 /bin/sh: algo/kcliques_standalone: No such file or directory
______ ERROR at setup of TestExec.test_exec_ktruss_embed[algo0-importor0] ______

request = <SubRequest 'algo' for <Function test_exec_ktruss_embed[algo0-importor0]>>

    @pytest.fixture(scope="function")
    def algo(request):
        log.info("algo start")
        cmd = request.param.get("cmd")
        result = request.param.get("result")
        exportor = ToolkitsWrapper(cmd, result)
>       exportor.run()

conftest.py:208: 
_ _ _ _ _ _ _ _ _ _ _ _ _ _ _ _ _ _ _ _ _ _ _ _ _ _ _ _ _ _ _ _ _ _ _ _ _ _ _ _ 

self = <toolkits_wrapper.ToolkitsWrapper object at 0x7efeda328c88>, dir = []

    def run(self, dir = []):
        with open(self.log_file, 'w+') as file:
            self.process = subprocess.Popen(self.cmd, shell=True, stdout=file, stderr=file, close_fds=True)
            self.process.wait()
            if self.check_status():
                return
            file.seek(0, 0)
            for line in file:
                log.info(line)
>           raise Exception('Failed to exec command')
E           Exception: Failed to exec command

toolkits_wrapper.py:37: Exception
------------------------------ Captured log setup ------------------------------
INFO     conftest:conftest.py:73 importor start
INFO     toolkits_wrapper:toolkits_wrapper.py:25 from  [[2023-Oct-19 01:16:06.805841] [INFO] - Import finished in 1.10714 seconds.
]  find   [Import finished in]
INFO     conftest:conftest.py:78 importor succeed
INFO     conftest:conftest.py:204 algo start
INFO     toolkits_wrapper:toolkits_wrapper.py:36 /bin/sh: algo/ktruss_embed: No such file or directory
________ ERROR at setup of TestExec.test_exec_ktruss_standalone[algo0] _________

request = <SubRequest 'algo' for <Function test_exec_ktruss_standalone[algo0]>>

    @pytest.fixture(scope="function")
    def algo(request):
        log.info("algo start")
        cmd = request.param.get("cmd")
        result = request.param.get("result")
        exportor = ToolkitsWrapper(cmd, result)
>       exportor.run()

conftest.py:208: 
_ _ _ _ _ _ _ _ _ _ _ _ _ _ _ _ _ _ _ _ _ _ _ _ _ _ _ _ _ _ _ _ _ _ _ _ _ _ _ _ 

self = <toolkits_wrapper.ToolkitsWrapper object at 0x7efeda023a90>, dir = []

    def run(self, dir = []):
        with open(self.log_file, 'w+') as file:
            self.process = subprocess.Popen(self.cmd, shell=True, stdout=file, stderr=file, close_fds=True)
            self.process.wait()
            if self.check_status():
                return
            file.seek(0, 0)
            for line in file:
                log.info(line)
>           raise Exception('Failed to exec command')
E           Exception: Failed to exec command

toolkits_wrapper.py:37: Exception
------------------------------ Captured log setup ------------------------------
INFO     conftest:conftest.py:204 algo start
INFO     toolkits_wrapper:toolkits_wrapper.py:36 /bin/sh: algo/ktruss_standalone: No such file or directory
______ ERROR at setup of TestExec.test_exec_leiden_embed[algo0-importor0] ______

request = <SubRequest 'algo' for <Function test_exec_leiden_embed[algo0-importor0]>>

    @pytest.fixture(scope="function")
    def algo(request):
        log.info("algo start")
        cmd = request.param.get("cmd")
        result = request.param.get("result")
        exportor = ToolkitsWrapper(cmd, result)
>       exportor.run()

conftest.py:208: 
_ _ _ _ _ _ _ _ _ _ _ _ _ _ _ _ _ _ _ _ _ _ _ _ _ _ _ _ _ _ _ _ _ _ _ _ _ _ _ _ 

self = <toolkits_wrapper.ToolkitsWrapper object at 0x7efeda328b70>, dir = []

    def run(self, dir = []):
        with open(self.log_file, 'w+') as file:
            self.process = subprocess.Popen(self.cmd, shell=True, stdout=file, stderr=file, close_fds=True)
            self.process.wait()
            if self.check_status():
                return
            file.seek(0, 0)
            for line in file:
                log.info(line)
>           raise Exception('Failed to exec command')
E           Exception: Failed to exec command

toolkits_wrapper.py:37: Exception
------------------------------ Captured log setup ------------------------------
INFO     conftest:conftest.py:73 importor start
INFO     toolkits_wrapper:toolkits_wrapper.py:25 from  [[2023-Oct-19 01:16:20.185079] [INFO] - Import finished in 1.1231 seconds.
]  find   [Import finished in]
INFO     conftest:conftest.py:78 importor succeed
INFO     conftest:conftest.py:204 algo start
INFO     toolkits_wrapper:toolkits_wrapper.py:36 /bin/sh: algo/leiden_embed: No such file or directory
________ ERROR at setup of TestExec.test_exec_leiden_standalone[algo0] _________

request = <SubRequest 'algo' for <Function test_exec_leiden_standalone[algo0]>>

    @pytest.fixture(scope="function")
    def algo(request):
        log.info("algo start")
        cmd = request.param.get("cmd")
        result = request.param.get("result")
        exportor = ToolkitsWrapper(cmd, result)
>       exportor.run()

conftest.py:208: 
_ _ _ _ _ _ _ _ _ _ _ _ _ _ _ _ _ _ _ _ _ _ _ _ _ _ _ _ _ _ _ _ _ _ _ _ _ _ _ _ 

self = <toolkits_wrapper.ToolkitsWrapper object at 0x7efed9f76208>, dir = []

    def run(self, dir = []):
        with open(self.log_file, 'w+') as file:
            self.process = subprocess.Popen(self.cmd, shell=True, stdout=file, stderr=file, close_fds=True)
            self.process.wait()
            if self.check_status():
                return
            file.seek(0, 0)
            for line in file:
                log.info(line)
>           raise Exception('Failed to exec command')
E           Exception: Failed to exec command

toolkits_wrapper.py:37: Exception
------------------------------ Captured log setup ------------------------------
INFO     conftest:conftest.py:204 algo start
INFO     toolkits_wrapper:toolkits_wrapper.py:36 /bin/sh: algo/leiden_standalone: No such file or directory
________ ERROR at setup of TestExec.test_exec_lc_embed[algo0-importor0] ________

request = <SubRequest 'algo' for <Function test_exec_lc_embed[algo0-importor0]>>

    @pytest.fixture(scope="function")
    def algo(request):
        log.info("algo start")
        cmd = request.param.get("cmd")
        result = request.param.get("result")
        exportor = ToolkitsWrapper(cmd, result)
>       exportor.run()

conftest.py:208: 
_ _ _ _ _ _ _ _ _ _ _ _ _ _ _ _ _ _ _ _ _ _ _ _ _ _ _ _ _ _ _ _ _ _ _ _ _ _ _ _ 

self = <toolkits_wrapper.ToolkitsWrapper object at 0x7efed9fa9c88>, dir = []

    def run(self, dir = []):
        with open(self.log_file, 'w+') as file:
            self.process = subprocess.Popen(self.cmd, shell=True, stdout=file, stderr=file, close_fds=True)
            self.process.wait()
            if self.check_status():
                return
            file.seek(0, 0)
            for line in file:
                log.info(line)
>           raise Exception('Failed to exec command')
E           Exception: Failed to exec command

toolkits_wrapper.py:37: Exception
------------------------------ Captured log setup ------------------------------
INFO     conftest:conftest.py:73 importor start
INFO     toolkits_wrapper:toolkits_wrapper.py:25 from  [[2023-Oct-19 01:16:23.399618] [INFO] - Import finished in 0.101094 seconds.
]  find   [Import finished in]
INFO     conftest:conftest.py:78 importor succeed
INFO     conftest:conftest.py:204 algo start
INFO     toolkits_wrapper:toolkits_wrapper.py:36 /bin/sh: algo/locate_cycle_embed: No such file or directory
__________ ERROR at setup of TestExec.test_exec_lc_standalone[algo0] ___________

request = <SubRequest 'algo' for <Function test_exec_lc_standalone[algo0]>>

    @pytest.fixture(scope="function")
    def algo(request):
        log.info("algo start")
        cmd = request.param.get("cmd")
        result = request.param.get("result")
        exportor = ToolkitsWrapper(cmd, result)
>       exportor.run()

conftest.py:208: 
_ _ _ _ _ _ _ _ _ _ _ _ _ _ _ _ _ _ _ _ _ _ _ _ _ _ _ _ _ _ _ _ _ _ _ _ _ _ _ _ 

self = <toolkits_wrapper.ToolkitsWrapper object at 0x7efeda01aef0>, dir = []

    def run(self, dir = []):
        with open(self.log_file, 'w+') as file:
            self.process = subprocess.Popen(self.cmd, shell=True, stdout=file, stderr=file, close_fds=True)
            self.process.wait()
            if self.check_status():
                return
            file.seek(0, 0)
            for line in file:
                log.info(line)
>           raise Exception('Failed to exec command')
E           Exception: Failed to exec command

toolkits_wrapper.py:37: Exception
------------------------------ Captured log setup ------------------------------
INFO     conftest:conftest.py:204 algo start
INFO     toolkits_wrapper:toolkits_wrapper.py:36 /bin/sh: algo/locate_cycle_standalone: No such file or directory
_______ ERROR at setup of TestExec.test_exec_mis_embed[algo0-importor0] ________

request = <SubRequest 'algo' for <Function test_exec_mis_embed[algo0-importor0]>>

    @pytest.fixture(scope="function")
    def algo(request):
        log.info("algo start")
        cmd = request.param.get("cmd")
        result = request.param.get("result")
        exportor = ToolkitsWrapper(cmd, result)
>       exportor.run()

conftest.py:208: 
_ _ _ _ _ _ _ _ _ _ _ _ _ _ _ _ _ _ _ _ _ _ _ _ _ _ _ _ _ _ _ _ _ _ _ _ _ _ _ _ 

self = <toolkits_wrapper.ToolkitsWrapper object at 0x7efed9fa9dd8>, dir = []

    def run(self, dir = []):
        with open(self.log_file, 'w+') as file:
            self.process = subprocess.Popen(self.cmd, shell=True, stdout=file, stderr=file, close_fds=True)
            self.process.wait()
            if self.check_status():
                return
            file.seek(0, 0)
            for line in file:
                log.info(line)
>           raise Exception('Failed to exec command')
E           Exception: Failed to exec command

toolkits_wrapper.py:37: Exception
------------------------------ Captured log setup ------------------------------
INFO     conftest:conftest.py:73 importor start
INFO     toolkits_wrapper:toolkits_wrapper.py:25 from  [[2023-Oct-19 01:16:42.664209] [INFO] - Import finished in 1.11837 seconds.
]  find   [Import finished in]
INFO     conftest:conftest.py:78 importor succeed
INFO     conftest:conftest.py:204 algo start
INFO     toolkits_wrapper:toolkits_wrapper.py:36 /bin/sh: algo/mis_embed: No such file or directory
__________ ERROR at setup of TestExec.test_exec_mis_standalone[algo0] __________

request = <SubRequest 'algo' for <Function test_exec_mis_standalone[algo0]>>

    @pytest.fixture(scope="function")
    def algo(request):
        log.info("algo start")
        cmd = request.param.get("cmd")
        result = request.param.get("result")
        exportor = ToolkitsWrapper(cmd, result)
>       exportor.run()

conftest.py:208: 
_ _ _ _ _ _ _ _ _ _ _ _ _ _ _ _ _ _ _ _ _ _ _ _ _ _ _ _ _ _ _ _ _ _ _ _ _ _ _ _ 

self = <toolkits_wrapper.ToolkitsWrapper object at 0x7efeda30ccf8>, dir = []

    def run(self, dir = []):
        with open(self.log_file, 'w+') as file:
            self.process = subprocess.Popen(self.cmd, shell=True, stdout=file, stderr=file, close_fds=True)
            self.process.wait()
            if self.check_status():
                return
            file.seek(0, 0)
            for line in file:
                log.info(line)
>           raise Exception('Failed to exec command')
E           Exception: Failed to exec command

toolkits_wrapper.py:37: Exception
------------------------------ Captured log setup ------------------------------
INFO     conftest:conftest.py:204 algo start
INFO     toolkits_wrapper:toolkits_wrapper.py:36 /bin/sh: algo/mis_standalone: No such file or directory
______ ERROR at setup of TestExec.test_exec_motif_embed[algo0-importor0] _______

request = <SubRequest 'algo' for <Function test_exec_motif_embed[algo0-importor0]>>

    @pytest.fixture(scope="function")
    def algo(request):
        log.info("algo start")
        cmd = request.param.get("cmd")
        result = request.param.get("result")
        exportor = ToolkitsWrapper(cmd, result)
>       exportor.run()

conftest.py:208: 
_ _ _ _ _ _ _ _ _ _ _ _ _ _ _ _ _ _ _ _ _ _ _ _ _ _ _ _ _ _ _ _ _ _ _ _ _ _ _ _ 

self = <toolkits_wrapper.ToolkitsWrapper object at 0x7efed9fa96a0>, dir = []

    def run(self, dir = []):
        with open(self.log_file, 'w+') as file:
            self.process = subprocess.Popen(self.cmd, shell=True, stdout=file, stderr=file, close_fds=True)
            self.process.wait()
            if self.check_status():
                return
            file.seek(0, 0)
            for line in file:
                log.info(line)
>           raise Exception('Failed to exec command')
E           Exception: Failed to exec command

toolkits_wrapper.py:37: Exception
------------------------------ Captured log setup ------------------------------
INFO     conftest:conftest.py:73 importor start
INFO     toolkits_wrapper:toolkits_wrapper.py:25 from  [[2023-Oct-19 01:16:46.869030] [INFO] - Import finished in 1.09901 seconds.
]  find   [Import finished in]
INFO     conftest:conftest.py:78 importor succeed
INFO     conftest:conftest.py:204 algo start
INFO     toolkits_wrapper:toolkits_wrapper.py:36 /bin/sh: algo/motif_embed: No such file or directory
_________ ERROR at setup of TestExec.test_exec_motif_standalone[algo0] _________

request = <SubRequest 'algo' for <Function test_exec_motif_standalone[algo0]>>

    @pytest.fixture(scope="function")
    def algo(request):
        log.info("algo start")
        cmd = request.param.get("cmd")
        result = request.param.get("result")
        exportor = ToolkitsWrapper(cmd, result)
>       exportor.run()

conftest.py:208: 
_ _ _ _ _ _ _ _ _ _ _ _ _ _ _ _ _ _ _ _ _ _ _ _ _ _ _ _ _ _ _ _ _ _ _ _ _ _ _ _ 

self = <toolkits_wrapper.ToolkitsWrapper object at 0x7efed9ee6630>, dir = []

    def run(self, dir = []):
        with open(self.log_file, 'w+') as file:
            self.process = subprocess.Popen(self.cmd, shell=True, stdout=file, stderr=file, close_fds=True)
            self.process.wait()
            if self.check_status():
                return
            file.seek(0, 0)
            for line in file:
                log.info(line)
>           raise Exception('Failed to exec command')
E           Exception: Failed to exec command

toolkits_wrapper.py:37: Exception
------------------------------ Captured log setup ------------------------------
INFO     conftest:conftest.py:204 algo start
INFO     toolkits_wrapper:toolkits_wrapper.py:36 /bin/sh: algo/motif_standalone: No such file or directory
_______ ERROR at setup of TestExec.test_exec_mssp_embed[algo0-importor0] _______

request = <SubRequest 'algo' for <Function test_exec_mssp_embed[algo0-importor0]>>

    @pytest.fixture(scope="function")
    def algo(request):
        log.info("algo start")
        cmd = request.param.get("cmd")
        result = request.param.get("result")
        exportor = ToolkitsWrapper(cmd, result)
>       exportor.run()

conftest.py:208: 
_ _ _ _ _ _ _ _ _ _ _ _ _ _ _ _ _ _ _ _ _ _ _ _ _ _ _ _ _ _ _ _ _ _ _ _ _ _ _ _ 

self = <toolkits_wrapper.ToolkitsWrapper object at 0x7efeda03f6d8>, dir = []

    def run(self, dir = []):
        with open(self.log_file, 'w+') as file:
            self.process = subprocess.Popen(self.cmd, shell=True, stdout=file, stderr=file, close_fds=True)
            self.process.wait()
            if self.check_status():
                return
            file.seek(0, 0)
            for line in file:
                log.info(line)
>           raise Exception('Failed to exec command')
E           Exception: Failed to exec command

toolkits_wrapper.py:37: Exception
------------------------------ Captured log setup ------------------------------
INFO     conftest:conftest.py:73 importor start
INFO     toolkits_wrapper:toolkits_wrapper.py:25 from  [[2023-Oct-19 01:16:51.053954] [INFO] - Import finished in 1.08544 seconds.
]  find   [Import finished in]
INFO     conftest:conftest.py:78 importor succeed
INFO     conftest:conftest.py:204 algo start
INFO     toolkits_wrapper:toolkits_wrapper.py:36 /bin/sh: algo/mssp_embed: No such file or directory
_________ ERROR at setup of TestExec.test_exec_mssp_standalone[algo0] __________

request = <SubRequest 'algo' for <Function test_exec_mssp_standalone[algo0]>>

    @pytest.fixture(scope="function")
    def algo(request):
        log.info("algo start")
        cmd = request.param.get("cmd")
        result = request.param.get("result")
        exportor = ToolkitsWrapper(cmd, result)
>       exportor.run()

conftest.py:208: 
_ _ _ _ _ _ _ _ _ _ _ _ _ _ _ _ _ _ _ _ _ _ _ _ _ _ _ _ _ _ _ _ _ _ _ _ _ _ _ _ 

self = <toolkits_wrapper.ToolkitsWrapper object at 0x7efeda2edf60>, dir = []

    def run(self, dir = []):
        with open(self.log_file, 'w+') as file:
            self.process = subprocess.Popen(self.cmd, shell=True, stdout=file, stderr=file, close_fds=True)
            self.process.wait()
            if self.check_status():
                return
            file.seek(0, 0)
            for line in file:
                log.info(line)
>           raise Exception('Failed to exec command')
E           Exception: Failed to exec command

toolkits_wrapper.py:37: Exception
------------------------------ Captured log setup ------------------------------
INFO     conftest:conftest.py:204 algo start
INFO     toolkits_wrapper:toolkits_wrapper.py:36 /bin/sh: algo/mssp_standalone: No such file or directory
_______ ERROR at setup of TestExec.test_exec_ppr_embed[algo0-importor0] ________

request = <SubRequest 'algo' for <Function test_exec_ppr_embed[algo0-importor0]>>

    @pytest.fixture(scope="function")
    def algo(request):
        log.info("algo start")
        cmd = request.param.get("cmd")
        result = request.param.get("result")
        exportor = ToolkitsWrapper(cmd, result)
>       exportor.run()

conftest.py:208: 
_ _ _ _ _ _ _ _ _ _ _ _ _ _ _ _ _ _ _ _ _ _ _ _ _ _ _ _ _ _ _ _ _ _ _ _ _ _ _ _ 

self = <toolkits_wrapper.ToolkitsWrapper object at 0x7efed9ef2e80>, dir = []

    def run(self, dir = []):
        with open(self.log_file, 'w+') as file:
            self.process = subprocess.Popen(self.cmd, shell=True, stdout=file, stderr=file, close_fds=True)
            self.process.wait()
            if self.check_status():
                return
            file.seek(0, 0)
            for line in file:
                log.info(line)
>           raise Exception('Failed to exec command')
E           Exception: Failed to exec command

toolkits_wrapper.py:37: Exception
------------------------------ Captured log setup ------------------------------
INFO     conftest:conftest.py:73 importor start
INFO     toolkits_wrapper:toolkits_wrapper.py:25 from  [[2023-Oct-19 01:17:05.119089] [INFO] - Import finished in 1.10778 seconds.
]  find   [Import finished in]
INFO     conftest:conftest.py:78 importor succeed
INFO     conftest:conftest.py:204 algo start
INFO     toolkits_wrapper:toolkits_wrapper.py:36 /bin/sh: algo/ppr_embed: No such file or directory
__________ ERROR at setup of TestExec.test_exec_ppr_standalone[algo0] __________

request = <SubRequest 'algo' for <Function test_exec_ppr_standalone[algo0]>>

    @pytest.fixture(scope="function")
    def algo(request):
        log.info("algo start")
        cmd = request.param.get("cmd")
        result = request.param.get("result")
        exportor = ToolkitsWrapper(cmd, result)
>       exportor.run()

conftest.py:208: 
_ _ _ _ _ _ _ _ _ _ _ _ _ _ _ _ _ _ _ _ _ _ _ _ _ _ _ _ _ _ _ _ _ _ _ _ _ _ _ _ 

self = <toolkits_wrapper.ToolkitsWrapper object at 0x7efeda357358>, dir = []

    def run(self, dir = []):
        with open(self.log_file, 'w+') as file:
            self.process = subprocess.Popen(self.cmd, shell=True, stdout=file, stderr=file, close_fds=True)
            self.process.wait()
            if self.check_status():
                return
            file.seek(0, 0)
            for line in file:
                log.info(line)
>           raise Exception('Failed to exec command')
E           Exception: Failed to exec command

toolkits_wrapper.py:37: Exception
------------------------------ Captured log setup ------------------------------
INFO     conftest:conftest.py:204 algo start
INFO     toolkits_wrapper:toolkits_wrapper.py:36 /bin/sh: algo/ppr_standalone: No such file or directory
_______ ERROR at setup of TestExec.test_exec_scc_embed[algo0-importor0] ________

request = <SubRequest 'algo' for <Function test_exec_scc_embed[algo0-importor0]>>

    @pytest.fixture(scope="function")
    def algo(request):
        log.info("algo start")
        cmd = request.param.get("cmd")
        result = request.param.get("result")
        exportor = ToolkitsWrapper(cmd, result)
>       exportor.run()

conftest.py:208: 
_ _ _ _ _ _ _ _ _ _ _ _ _ _ _ _ _ _ _ _ _ _ _ _ _ _ _ _ _ _ _ _ _ _ _ _ _ _ _ _ 

self = <toolkits_wrapper.ToolkitsWrapper object at 0x7efeda31b940>, dir = []

    def run(self, dir = []):
        with open(self.log_file, 'w+') as file:
            self.process = subprocess.Popen(self.cmd, shell=True, stdout=file, stderr=file, close_fds=True)
            self.process.wait()
            if self.check_status():
                return
            file.seek(0, 0)
            for line in file:
                log.info(line)
>           raise Exception('Failed to exec command')
E           Exception: Failed to exec command

toolkits_wrapper.py:37: Exception
------------------------------ Captured log setup ------------------------------
INFO     conftest:conftest.py:73 importor start
INFO     toolkits_wrapper:toolkits_wrapper.py:25 from  [[2023-Oct-19 01:17:09.311312] [INFO] - Import finished in 1.09633 seconds.
]  find   [Import finished in]
INFO     conftest:conftest.py:78 importor succeed
INFO     conftest:conftest.py:204 algo start
INFO     toolkits_wrapper:toolkits_wrapper.py:36 /bin/sh: algo/scc_embed: No such file or directory
__________ ERROR at setup of TestExec.test_exec_scc_standalone[algo0] __________

request = <SubRequest 'algo' for <Function test_exec_scc_standalone[algo0]>>

    @pytest.fixture(scope="function")
    def algo(request):
        log.info("algo start")
        cmd = request.param.get("cmd")
        result = request.param.get("result")
        exportor = ToolkitsWrapper(cmd, result)
>       exportor.run()

conftest.py:208: 
_ _ _ _ _ _ _ _ _ _ _ _ _ _ _ _ _ _ _ _ _ _ _ _ _ _ _ _ _ _ _ _ _ _ _ _ _ _ _ _ 

self = <toolkits_wrapper.ToolkitsWrapper object at 0x7efeda023ef0>, dir = []

    def run(self, dir = []):
        with open(self.log_file, 'w+') as file:
            self.process = subprocess.Popen(self.cmd, shell=True, stdout=file, stderr=file, close_fds=True)
            self.process.wait()
            if self.check_status():
                return
            file.seek(0, 0)
            for line in file:
                log.info(line)
>           raise Exception('Failed to exec command')
E           Exception: Failed to exec command

toolkits_wrapper.py:37: Exception
------------------------------ Captured log setup ------------------------------
INFO     conftest:conftest.py:204 algo start
INFO     toolkits_wrapper:toolkits_wrapper.py:36 /bin/sh: algo/scc_standalone: No such file or directory
_______ ERROR at setup of TestExec.test_exec_slpa_embed[algo0-importor0] _______

request = <SubRequest 'algo' for <Function test_exec_slpa_embed[algo0-importor0]>>

    @pytest.fixture(scope="function")
    def algo(request):
        log.info("algo start")
        cmd = request.param.get("cmd")
        result = request.param.get("result")
        exportor = ToolkitsWrapper(cmd, result)
>       exportor.run()

conftest.py:208: 
_ _ _ _ _ _ _ _ _ _ _ _ _ _ _ _ _ _ _ _ _ _ _ _ _ _ _ _ _ _ _ _ _ _ _ _ _ _ _ _ 

self = <toolkits_wrapper.ToolkitsWrapper object at 0x7efeda31b4e0>, dir = []

    def run(self, dir = []):
        with open(self.log_file, 'w+') as file:
            self.process = subprocess.Popen(self.cmd, shell=True, stdout=file, stderr=file, close_fds=True)
            self.process.wait()
            if self.check_status():
                return
            file.seek(0, 0)
            for line in file:
                log.info(line)
>           raise Exception('Failed to exec command')
E           Exception: Failed to exec command

toolkits_wrapper.py:37: Exception
------------------------------ Captured log setup ------------------------------
INFO     conftest:conftest.py:73 importor start
INFO     toolkits_wrapper:toolkits_wrapper.py:25 from  [[2023-Oct-19 01:17:13.505510] [INFO] - Import finished in 1.09331 seconds.
]  find   [Import finished in]
INFO     conftest:conftest.py:78 importor succeed
INFO     conftest:conftest.py:204 algo start
INFO     toolkits_wrapper:toolkits_wrapper.py:36 /bin/sh: algo/slpa_embed: No such file or directory
_________ ERROR at setup of TestExec.test_exec_slpa_standalone[algo0] __________

request = <SubRequest 'algo' for <Function test_exec_slpa_standalone[algo0]>>

    @pytest.fixture(scope="function")
    def algo(request):
        log.info("algo start")
        cmd = request.param.get("cmd")
        result = request.param.get("result")
        exportor = ToolkitsWrapper(cmd, result)
>       exportor.run()

conftest.py:208: 
_ _ _ _ _ _ _ _ _ _ _ _ _ _ _ _ _ _ _ _ _ _ _ _ _ _ _ _ _ _ _ _ _ _ _ _ _ _ _ _ 

self = <toolkits_wrapper.ToolkitsWrapper object at 0x7efee1849cc0>, dir = []

    def run(self, dir = []):
        with open(self.log_file, 'w+') as file:
            self.process = subprocess.Popen(self.cmd, shell=True, stdout=file, stderr=file, close_fds=True)
            self.process.wait()
            if self.check_status():
                return
            file.seek(0, 0)
            for line in file:
                log.info(line)
>           raise Exception('Failed to exec command')
E           Exception: Failed to exec command

toolkits_wrapper.py:37: Exception
------------------------------ Captured log setup ------------------------------
INFO     conftest:conftest.py:204 algo start
INFO     toolkits_wrapper:toolkits_wrapper.py:36 /bin/sh: algo/slpa_standalone: No such file or directory
_______ ERROR at setup of TestExec.test_exec_spsp_embed[algo0-importor0] _______

request = <SubRequest 'algo' for <Function test_exec_spsp_embed[algo0-importor0]>>

    @pytest.fixture(scope="function")
    def algo(request):
        log.info("algo start")
        cmd = request.param.get("cmd")
        result = request.param.get("result")
        exportor = ToolkitsWrapper(cmd, result)
>       exportor.run()

conftest.py:208: 
_ _ _ _ _ _ _ _ _ _ _ _ _ _ _ _ _ _ _ _ _ _ _ _ _ _ _ _ _ _ _ _ _ _ _ _ _ _ _ _ 

self = <toolkits_wrapper.ToolkitsWrapper object at 0x7efeda357a20>, dir = []

    def run(self, dir = []):
        with open(self.log_file, 'w+') as file:
            self.process = subprocess.Popen(self.cmd, shell=True, stdout=file, stderr=file, close_fds=True)
            self.process.wait()
            if self.check_status():
                return
            file.seek(0, 0)
            for line in file:
                log.info(line)
>           raise Exception('Failed to exec command')
E           Exception: Failed to exec command

toolkits_wrapper.py:37: Exception
------------------------------ Captured log setup ------------------------------
INFO     conftest:conftest.py:73 importor start
INFO     toolkits_wrapper:toolkits_wrapper.py:25 from  [[2023-Oct-19 01:17:17.707877] [INFO] - Import finished in 1.10423 seconds.
]  find   [Import finished in]
INFO     conftest:conftest.py:78 importor succeed
INFO     conftest:conftest.py:204 algo start
INFO     toolkits_wrapper:toolkits_wrapper.py:36 /bin/sh: algo/spsp_embed: No such file or directory
_________ ERROR at setup of TestExec.test_exec_spsp_standalone[algo0] __________

request = <SubRequest 'algo' for <Function test_exec_spsp_standalone[algo0]>>

    @pytest.fixture(scope="function")
    def algo(request):
        log.info("algo start")
        cmd = request.param.get("cmd")
        result = request.param.get("result")
        exportor = ToolkitsWrapper(cmd, result)
>       exportor.run()

conftest.py:208: 
_ _ _ _ _ _ _ _ _ _ _ _ _ _ _ _ _ _ _ _ _ _ _ _ _ _ _ _ _ _ _ _ _ _ _ _ _ _ _ _ 

self = <toolkits_wrapper.ToolkitsWrapper object at 0x7efeda34c048>, dir = []

    def run(self, dir = []):
        with open(self.log_file, 'w+') as file:
            self.process = subprocess.Popen(self.cmd, shell=True, stdout=file, stderr=file, close_fds=True)
            self.process.wait()
            if self.check_status():
                return
            file.seek(0, 0)
            for line in file:
                log.info(line)
>           raise Exception('Failed to exec command')
E           Exception: Failed to exec command

toolkits_wrapper.py:37: Exception
------------------------------ Captured log setup ------------------------------
INFO     conftest:conftest.py:204 algo start
INFO     toolkits_wrapper:toolkits_wrapper.py:36 /bin/sh: algo/spsp_standalone: No such file or directory
_ ERROR at setup of TestExec.test_exec_subgraph_isomorphism_embed[algo0-importor0] _

request = <SubRequest 'algo' for <Function test_exec_subgraph_isomorphism_embed[algo0-importor0]>>

    @pytest.fixture(scope="function")
    def algo(request):
        log.info("algo start")
        cmd = request.param.get("cmd")
        result = request.param.get("result")
        exportor = ToolkitsWrapper(cmd, result)
>       exportor.run()

conftest.py:208: 
_ _ _ _ _ _ _ _ _ _ _ _ _ _ _ _ _ _ _ _ _ _ _ _ _ _ _ _ _ _ _ _ _ _ _ _ _ _ _ _ 

self = <toolkits_wrapper.ToolkitsWrapper object at 0x7efeda30f438>, dir = []

    def run(self, dir = []):
        with open(self.log_file, 'w+') as file:
            self.process = subprocess.Popen(self.cmd, shell=True, stdout=file, stderr=file, close_fds=True)
            self.process.wait()
            if self.check_status():
                return
            file.seek(0, 0)
            for line in file:
                log.info(line)
>           raise Exception('Failed to exec command')
E           Exception: Failed to exec command

toolkits_wrapper.py:37: Exception
------------------------------ Captured log setup ------------------------------
INFO     conftest:conftest.py:73 importor start
INFO     toolkits_wrapper:toolkits_wrapper.py:25 from  [[2023-Oct-19 01:17:31.643994] [INFO] - Import finished in 1.07861 seconds.
]  find   [Import finished in]
INFO     conftest:conftest.py:78 importor succeed
INFO     conftest:conftest.py:204 algo start
INFO     toolkits_wrapper:toolkits_wrapper.py:36 /bin/sh: algo/subgraph_isomorphism_embed: No such file or directory
_ ERROR at setup of TestExec.test_exec_subgraph_isomorphism_standalone[algo0] __

request = <SubRequest 'algo' for <Function test_exec_subgraph_isomorphism_standalone[algo0]>>

    @pytest.fixture(scope="function")
    def algo(request):
        log.info("algo start")
        cmd = request.param.get("cmd")
        result = request.param.get("result")
        exportor = ToolkitsWrapper(cmd, result)
>       exportor.run()

conftest.py:208: 
_ _ _ _ _ _ _ _ _ _ _ _ _ _ _ _ _ _ _ _ _ _ _ _ _ _ _ _ _ _ _ _ _ _ _ _ _ _ _ _ 

self = <toolkits_wrapper.ToolkitsWrapper object at 0x7efed9ef2d68>, dir = []

    def run(self, dir = []):
        with open(self.log_file, 'w+') as file:
            self.process = subprocess.Popen(self.cmd, shell=True, stdout=file, stderr=file, close_fds=True)
            self.process.wait()
            if self.check_status():
                return
            file.seek(0, 0)
            for line in file:
                log.info(line)
>           raise Exception('Failed to exec command')
E           Exception: Failed to exec command

toolkits_wrapper.py:37: Exception
------------------------------ Captured log setup ------------------------------
INFO     conftest:conftest.py:204 algo start
INFO     toolkits_wrapper:toolkits_wrapper.py:36 /bin/sh: algo/subgraph_isomorphism_standalone: No such file or directory
____ ERROR at setup of TestExec.test_exec_sybilrank_embed[algo0-importor0] _____

request = <SubRequest 'algo' for <Function test_exec_sybilrank_embed[algo0-importor0]>>

    @pytest.fixture(scope="function")
    def algo(request):
        log.info("algo start")
        cmd = request.param.get("cmd")
        result = request.param.get("result")
        exportor = ToolkitsWrapper(cmd, result)
>       exportor.run()

conftest.py:208: 
_ _ _ _ _ _ _ _ _ _ _ _ _ _ _ _ _ _ _ _ _ _ _ _ _ _ _ _ _ _ _ _ _ _ _ _ _ _ _ _ 

self = <toolkits_wrapper.ToolkitsWrapper object at 0x7efed9fa97b8>, dir = []

    def run(self, dir = []):
        with open(self.log_file, 'w+') as file:
            self.process = subprocess.Popen(self.cmd, shell=True, stdout=file, stderr=file, close_fds=True)
            self.process.wait()
            if self.check_status():
                return
            file.seek(0, 0)
            for line in file:
                log.info(line)
>           raise Exception('Failed to exec command')
E           Exception: Failed to exec command

toolkits_wrapper.py:37: Exception
------------------------------ Captured log setup ------------------------------
INFO     conftest:conftest.py:73 importor start
INFO     toolkits_wrapper:toolkits_wrapper.py:25 from  [[2023-Oct-19 01:17:35.873147] [INFO] - Import finished in 1.09862 seconds.
]  find   [Import finished in]
INFO     conftest:conftest.py:78 importor succeed
INFO     conftest:conftest.py:204 algo start
INFO     toolkits_wrapper:toolkits_wrapper.py:36 /bin/sh: algo/sybilrank_embed: No such file or directory
_______ ERROR at setup of TestExec.test_exec_sybilrank_standalone[algo0] _______

request = <SubRequest 'algo' for <Function test_exec_sybilrank_standalone[algo0]>>

    @pytest.fixture(scope="function")
    def algo(request):
        log.info("algo start")
        cmd = request.param.get("cmd")
        result = request.param.get("result")
        exportor = ToolkitsWrapper(cmd, result)
>       exportor.run()

conftest.py:208: 
_ _ _ _ _ _ _ _ _ _ _ _ _ _ _ _ _ _ _ _ _ _ _ _ _ _ _ _ _ _ _ _ _ _ _ _ _ _ _ _ 

self = <toolkits_wrapper.ToolkitsWrapper object at 0x7efeda30f1d0>, dir = []

    def run(self, dir = []):
        with open(self.log_file, 'w+') as file:
            self.process = subprocess.Popen(self.cmd, shell=True, stdout=file, stderr=file, close_fds=True)
            self.process.wait()
            if self.check_status():
                return
            file.seek(0, 0)
            for line in file:
                log.info(line)
>           raise Exception('Failed to exec command')
E           Exception: Failed to exec command

toolkits_wrapper.py:37: Exception
------------------------------ Captured log setup ------------------------------
INFO     conftest:conftest.py:204 algo start
INFO     toolkits_wrapper:toolkits_wrapper.py:36 /bin/sh: algo/sybilrank_standalone: No such file or directory
____ ERROR at setup of TestExec.test_exec_trustrank_embed[algo0-importor0] _____

request = <SubRequest 'algo' for <Function test_exec_trustrank_embed[algo0-importor0]>>

    @pytest.fixture(scope="function")
    def algo(request):
        log.info("algo start")
        cmd = request.param.get("cmd")
        result = request.param.get("result")
        exportor = ToolkitsWrapper(cmd, result)
>       exportor.run()

conftest.py:208: 
_ _ _ _ _ _ _ _ _ _ _ _ _ _ _ _ _ _ _ _ _ _ _ _ _ _ _ _ _ _ _ _ _ _ _ _ _ _ _ _ 

self = <toolkits_wrapper.ToolkitsWrapper object at 0x7efeda03f208>, dir = []

    def run(self, dir = []):
        with open(self.log_file, 'w+') as file:
            self.process = subprocess.Popen(self.cmd, shell=True, stdout=file, stderr=file, close_fds=True)
            self.process.wait()
            if self.check_status():
                return
            file.seek(0, 0)
            for line in file:
                log.info(line)
>           raise Exception('Failed to exec command')
E           Exception: Failed to exec command

toolkits_wrapper.py:37: Exception
------------------------------ Captured log setup ------------------------------
INFO     conftest:conftest.py:73 importor start
INFO     toolkits_wrapper:toolkits_wrapper.py:25 from  [[2023-Oct-19 01:17:44.533028] [INFO] - Import finished in 1.07775 seconds.
]  find   [Import finished in]
INFO     conftest:conftest.py:78 importor succeed
INFO     conftest:conftest.py:204 algo start
INFO     toolkits_wrapper:toolkits_wrapper.py:36 /bin/sh: algo/trustrank_embed: No such file or directory
_______ ERROR at setup of TestExec.test_exec_trustrank_standalone[algo0] _______

request = <SubRequest 'algo' for <Function test_exec_trustrank_standalone[algo0]>>

    @pytest.fixture(scope="function")
    def algo(request):
        log.info("algo start")
        cmd = request.param.get("cmd")
        result = request.param.get("result")
        exportor = ToolkitsWrapper(cmd, result)
>       exportor.run()

conftest.py:208: 
_ _ _ _ _ _ _ _ _ _ _ _ _ _ _ _ _ _ _ _ _ _ _ _ _ _ _ _ _ _ _ _ _ _ _ _ _ _ _ _ 

self = <toolkits_wrapper.ToolkitsWrapper object at 0x7efed9fa9f98>, dir = []

    def run(self, dir = []):
        with open(self.log_file, 'w+') as file:
            self.process = subprocess.Popen(self.cmd, shell=True, stdout=file, stderr=file, close_fds=True)
            self.process.wait()
            if self.check_status():
                return
            file.seek(0, 0)
            for line in file:
                log.info(line)
>           raise Exception('Failed to exec command')
E           Exception: Failed to exec command

toolkits_wrapper.py:37: Exception
------------------------------ Captured log setup ------------------------------
INFO     conftest:conftest.py:204 algo start
INFO     toolkits_wrapper:toolkits_wrapper.py:36 /bin/sh: algo/trustrank_standalone: No such file or directory
_______ ERROR at setup of TestExec.test_exec_wlpa_embed[algo0-importor0] _______

request = <SubRequest 'algo' for <Function test_exec_wlpa_embed[algo0-importor0]>>

    @pytest.fixture(scope="function")
    def algo(request):
        log.info("algo start")
        cmd = request.param.get("cmd")
        result = request.param.get("result")
        exportor = ToolkitsWrapper(cmd, result)
>       exportor.run()

conftest.py:208: 
_ _ _ _ _ _ _ _ _ _ _ _ _ _ _ _ _ _ _ _ _ _ _ _ _ _ _ _ _ _ _ _ _ _ _ _ _ _ _ _ 

self = <toolkits_wrapper.ToolkitsWrapper object at 0x7efeda361208>, dir = []

    def run(self, dir = []):
        with open(self.log_file, 'w+') as file:
            self.process = subprocess.Popen(self.cmd, shell=True, stdout=file, stderr=file, close_fds=True)
            self.process.wait()
            if self.check_status():
                return
            file.seek(0, 0)
            for line in file:
                log.info(line)
>           raise Exception('Failed to exec command')
E           Exception: Failed to exec command

toolkits_wrapper.py:37: Exception
------------------------------ Captured log setup ------------------------------
INFO     conftest:conftest.py:73 importor start
INFO     toolkits_wrapper:toolkits_wrapper.py:25 from  [[2023-Oct-19 01:17:57.737236] [INFO] - Import finished in 1.12911 seconds.
]  find   [Import finished in]
INFO     conftest:conftest.py:78 importor succeed
INFO     conftest:conftest.py:204 algo start
INFO     toolkits_wrapper:toolkits_wrapper.py:36 /bin/sh: algo/wlpa_embed: No such file or directory
_________ ERROR at setup of TestExec.test_exec_wlpa_standalone[algo0] __________

request = <SubRequest 'algo' for <Function test_exec_wlpa_standalone[algo0]>>

    @pytest.fixture(scope="function")
    def algo(request):
        log.info("algo start")
        cmd = request.param.get("cmd")
        result = request.param.get("result")
        exportor = ToolkitsWrapper(cmd, result)
>       exportor.run()

conftest.py:208: 
_ _ _ _ _ _ _ _ _ _ _ _ _ _ _ _ _ _ _ _ _ _ _ _ _ _ _ _ _ _ _ _ _ _ _ _ _ _ _ _ 

self = <toolkits_wrapper.ToolkitsWrapper object at 0x7efeda03f9b0>, dir = []

    def run(self, dir = []):
        with open(self.log_file, 'w+') as file:
            self.process = subprocess.Popen(self.cmd, shell=True, stdout=file, stderr=file, close_fds=True)
            self.process.wait()
            if self.check_status():
                return
            file.seek(0, 0)
            for line in file:
                log.info(line)
>           raise Exception('Failed to exec command')
E           Exception: Failed to exec command

toolkits_wrapper.py:37: Exception
------------------------------ Captured log setup ------------------------------
INFO     conftest:conftest.py:204 algo start
INFO     toolkits_wrapper:toolkits_wrapper.py:36 /bin/sh: algo/wlpa_standalone: No such file or directory
____ ERROR at setup of TestExec.test_exec_wpagerank__embed[algo0-importor0] ____

request = <SubRequest 'algo' for <Function test_exec_wpagerank__embed[algo0-importor0]>>

    @pytest.fixture(scope="function")
    def algo(request):
        log.info("algo start")
        cmd = request.param.get("cmd")
        result = request.param.get("result")
        exportor = ToolkitsWrapper(cmd, result)
>       exportor.run()

conftest.py:208: 
_ _ _ _ _ _ _ _ _ _ _ _ _ _ _ _ _ _ _ _ _ _ _ _ _ _ _ _ _ _ _ _ _ _ _ _ _ _ _ _ 

self = <toolkits_wrapper.ToolkitsWrapper object at 0x7efed9fa9e48>, dir = []

    def run(self, dir = []):
        with open(self.log_file, 'w+') as file:
            self.process = subprocess.Popen(self.cmd, shell=True, stdout=file, stderr=file, close_fds=True)
            self.process.wait()
            if self.check_status():
                return
            file.seek(0, 0)
            for line in file:
                log.info(line)
>           raise Exception('Failed to exec command')
E           Exception: Failed to exec command

toolkits_wrapper.py:37: Exception
------------------------------ Captured log setup ------------------------------
INFO     conftest:conftest.py:73 importor start
INFO     toolkits_wrapper:toolkits_wrapper.py:25 from  [[2023-Oct-19 01:18:01.968149] [INFO] - Import finished in 1.1307 seconds.
]  find   [Import finished in]
INFO     conftest:conftest.py:78 importor succeed
INFO     conftest:conftest.py:204 algo start
INFO     toolkits_wrapper:toolkits_wrapper.py:36 /bin/sh: algo/wpagerank_embed: No such file or directory
______ ERROR at setup of TestExec.test_exec_wpagerank__standalone[algo0] _______

request = <SubRequest 'algo' for <Function test_exec_wpagerank__standalone[algo0]>>

    @pytest.fixture(scope="function")
    def algo(request):
        log.info("algo start")
        cmd = request.param.get("cmd")
        result = request.param.get("result")
        exportor = ToolkitsWrapper(cmd, result)
>       exportor.run()

conftest.py:208: 
_ _ _ _ _ _ _ _ _ _ _ _ _ _ _ _ _ _ _ _ _ _ _ _ _ _ _ _ _ _ _ _ _ _ _ _ _ _ _ _ 

self = <toolkits_wrapper.ToolkitsWrapper object at 0x7efed9f872b0>, dir = []

    def run(self, dir = []):
        with open(self.log_file, 'w+') as file:
            self.process = subprocess.Popen(self.cmd, shell=True, stdout=file, stderr=file, close_fds=True)
            self.process.wait()
            if self.check_status():
                return
            file.seek(0, 0)
            for line in file:
                log.info(line)
>           raise Exception('Failed to exec command')
E           Exception: Failed to exec command

toolkits_wrapper.py:37: Exception
------------------------------ Captured log setup ------------------------------
INFO     conftest:conftest.py:204 algo start
INFO     toolkits_wrapper:toolkits_wrapper.py:36 /bin/sh: algo/wpagerank_standalone: No such file or directory
___ ERROR at setup of TestCppClient.test_cpp_client[exec0-server0-build_so0] ___

request = <SubRequest 'exec' for <Function test_cpp_client[exec0-server0-build_so0]>>

    @pytest.fixture(scope="function")
    def exec(request):
        log.info("exec start")
        cmd = request.param.get("cmd")
        exec = ExecutableWrapper(cmd)
        exec.run()
        if exec.get_ret_code() != 0:
            with open(exec.get_log(), 'r') as file:
                log.info("open %s", exec.get_log())
                for line in file:
                    log.info(line)
        exec.stop()
>       assert exec.get_ret_code() == 0
E       assert 127 == 0
E         +127
E         -0

conftest.py:198: AssertionError
------------------------------ Captured log setup ------------------------------
INFO     conftest:conftest.py:18 server start
INFO     conftest:conftest.py:23 Server started
INFO     conftest:conftest.py:188 exec start
INFO     executable_wrapper:executable_wrapper.py:11 cmd : ./clienttest
INFO     executable_wrapper:executable_wrapper.py:25 log : fdVhp64b.log
INFO     executable_wrapper:executable_wrapper.py:25 log : fdVhp64b.log
INFO     conftest:conftest.py:194 open fdVhp64b.log
INFO     conftest:conftest.py:196 /bin/sh: ./clienttest: No such file or directory
_ ERROR at setup of TestExec.test_exec_train_cora_python_embed[algo0-importor0] _

request = <SubRequest 'algo' for <Function test_exec_train_cora_python_embed[algo0-importor0]>>

    @pytest.fixture(scope="function")
    def algo(request):
        log.info("algo start")
        cmd = request.param.get("cmd")
        result = request.param.get("result")
        exportor = ToolkitsWrapper(cmd, result)
>       exportor.run()

conftest.py:208: 
_ _ _ _ _ _ _ _ _ _ _ _ _ _ _ _ _ _ _ _ _ _ _ _ _ _ _ _ _ _ _ _ _ _ _ _ _ _ _ _ 

self = <toolkits_wrapper.ToolkitsWrapper object at 0x7efeda0e5f60>, dir = []

    def run(self, dir = []):
        with open(self.log_file, 'w+') as file:
            self.process = subprocess.Popen(self.cmd, shell=True, stdout=file, stderr=file, close_fds=True)
            self.process.wait()
            if self.check_status():
                return
            file.seek(0, 0)
            for line in file:
                log.info(line)
>           raise Exception('Failed to exec command')
E           Exception: Failed to exec command

toolkits_wrapper.py:37: Exception
------------------------------ Captured log setup ------------------------------
INFO     conftest:conftest.py:73 importor start
INFO     toolkits_wrapper:toolkits_wrapper.py:25 from  [[2023-Oct-19 01:35:55.746113] [INFO] - Import finished in 0.647688 seconds.
]  find   [Import finished in]
INFO     conftest:conftest.py:78 importor succeed
INFO     conftest:conftest.py:204 algo start
INFO     toolkits_wrapper:toolkits_wrapper.py:36 Error: signal 11:

INFO     toolkits_wrapper:toolkits_wrapper.py:36 Error: signal 11:

INFO     toolkits_wrapper:toolkits_wrapper.py:36 /root/tugraph-db/build/output/liblgraph.so(+0x1227207)[0x7fc802fb0207]

INFO     toolkits_wrapper:toolkits_wrapper.py:36 /root/tugraph-db/build/output/liblgraph.so(+0x1227207)[0x7fc802fb0207]

INFO     toolkits_wrapper:toolkits_wrapper.py:36 /lib64/libpthread.so.0(+0xf630)[0x7fc899020630]

INFO     toolkits_wrapper:toolkits_wrapper.py:36 /lib64/libpthread.so.0(+0xf630)[0x7fc899020630]

INFO     toolkits_wrapper:toolkits_wrapper.py:36 /lib64/libc.so.6(+0x155fde)[0x7fc89868ffde]

INFO     toolkits_wrapper:toolkits_wrapper.py:36 ../../build/output/algo/neighbors_sampling.cpython-36m-x86_64-linux-gnu.so(+0x5fbb9)[0x7fc80185ebb9]

INFO     toolkits_wrapper:toolkits_wrapper.py:36 /usr/local/lib/python3.6/site-packages/torch/lib/libgomp-a34b3233.so.1(+0x16405)[0x7fc8932a4405]

INFO     toolkits_wrapper:toolkits_wrapper.py:36 /lib64/libpthread.so.0(+0x7ea5)[0x7fc899018ea5]

INFO     toolkits_wrapper:toolkits_wrapper.py:36 /lib64/libc.so.6(clone+0x6d)[0x7fc898638b0d]

INFO     toolkits_wrapper:toolkits_wrapper.py:36 [2023-10-19 01:36:02.711689] [0x00007fc899442740] [info]    Loading DB state from disk
_ ERROR at setup of TestExec.test_exec_train_full_cora_python_embed[algo0-importor0] _

request = <SubRequest 'algo' for <Function test_exec_train_full_cora_python_embed[algo0-importor0]>>

    @pytest.fixture(scope="function")
    def algo(request):
        log.info("algo start")
        cmd = request.param.get("cmd")
        result = request.param.get("result")
        exportor = ToolkitsWrapper(cmd, result)
>       exportor.run()

conftest.py:208: 
_ _ _ _ _ _ _ _ _ _ _ _ _ _ _ _ _ _ _ _ _ _ _ _ _ _ _ _ _ _ _ _ _ _ _ _ _ _ _ _ 

self = <toolkits_wrapper.ToolkitsWrapper object at 0x7efed9f6fd30>, dir = []

    def run(self, dir = []):
        with open(self.log_file, 'w+') as file:
            self.process = subprocess.Popen(self.cmd, shell=True, stdout=file, stderr=file, close_fds=True)
            self.process.wait()
            if self.check_status():
                return
            file.seek(0, 0)
            for line in file:
                log.info(line)
>           raise Exception('Failed to exec command')
E           Exception: Failed to exec command

toolkits_wrapper.py:37: Exception
------------------------------ Captured log setup ------------------------------
INFO     conftest:conftest.py:73 importor start
INFO     toolkits_wrapper:toolkits_wrapper.py:25 from  [[2023-Oct-19 01:36:03.617139] [INFO] - Import finished in 0.623928 seconds.
]  find   [Import finished in]
INFO     conftest:conftest.py:78 importor succeed
INFO     conftest:conftest.py:204 algo start
INFO     toolkits_wrapper:toolkits_wrapper.py:36 Namespace(db_path='./coradb', graph_name='default', model_save_path='', password='73@TuGraph', username='admin')

INFO     toolkits_wrapper:toolkits_wrapper.py:36 Error: signal 11:

INFO     toolkits_wrapper:toolkits_wrapper.py:36 Error: signal 11:

INFO     toolkits_wrapper:toolkits_wrapper.py:36 /root/tugraph-db/build/output/liblgraph.so(+0x1227207)[0x7fbc48374207]

INFO     toolkits_wrapper:toolkits_wrapper.py:36 /root/tugraph-db/build/output/liblgraph.so(+0x1227207)[0x7fbc48374207]

INFO     toolkits_wrapper:toolkits_wrapper.py:36 /lib64/libpthread.so.0(+0xf630)[0x7fbcde3e4630]

INFO     toolkits_wrapper:toolkits_wrapper.py:36 /lib64/libpthread.so.0(+0xf630)[0x7fbcde3e4630]

INFO     toolkits_wrapper:toolkits_wrapper.py:36 ../../build/output/algo/getdb.cpython-36m-x86_64-linux-gnu.so(+0x66e65)[0x7fbc46c11e65]

INFO     toolkits_wrapper:toolkits_wrapper.py:36 /usr/local/lib/python3.6/site-packages/torch/lib/libgomp-a34b3233.so.1(+0x16405)[0x7fbcd7ffc405]

INFO     toolkits_wrapper:toolkits_wrapper.py:36 ../../build/output/algo/getdb.cpython-36m-x86_64-linux-gnu.so(+0x66e65)[0x7fbc46c11e65]

INFO     toolkits_wrapper:toolkits_wrapper.py:36 /usr/local/lib/python3.6/site-packages/torch/lib/libgomp-a34b3233.so.1(+0x16405)[0x7fbcd7ffc405]

INFO     toolkits_wrapper:toolkits_wrapper.py:36 /lib64/libpthread.so.0(+0x7ea5)[0x7fbcde3dcea5]

INFO     toolkits_wrapper:toolkits_wrapper.py:36 /lib64/libc.so.6(clone+0x6d)[0x7fbcdd9fcb0d]

INFO     toolkits_wrapper:toolkits_wrapper.py:36 [2023-10-19 01:36:09.962906] [0x00007fbcde806740] [info]    Loading DB state from disk

INFO     toolkits_wrapper:toolkits_wrapper.py:36 Traceback (most recent call last):

INFO     toolkits_wrapper:toolkits_wrapper.py:36   File "train_full_cora.py", line 169, in <module>

INFO     toolkits_wrapper:toolkits_wrapper.py:36     main(args)

INFO     toolkits_wrapper:toolkits_wrapper.py:36   File "train_full_cora.py", line 152, in main

INFO     toolkits_wrapper:toolkits_wrapper.py:36     mp.spawn(run, args=(n_gpus, args, devices), nprocs=n_gpus)

INFO     toolkits_wrapper:toolkits_wrapper.py:36   File "/usr/local/lib/python3.6/site-packages/torch/multiprocessing/spawn.py", line 230, in spawn

INFO     toolkits_wrapper:toolkits_wrapper.py:36     return start_processes(fn, args, nprocs, join, daemon, start_method='spawn')

INFO     toolkits_wrapper:toolkits_wrapper.py:36   File "/usr/local/lib/python3.6/site-packages/torch/multiprocessing/spawn.py", line 188, in start_processes

INFO     toolkits_wrapper:toolkits_wrapper.py:36     while not context.join():

INFO     toolkits_wrapper:toolkits_wrapper.py:36   File "/usr/local/lib/python3.6/site-packages/torch/multiprocessing/spawn.py", line 136, in join

INFO     toolkits_wrapper:toolkits_wrapper.py:36     signal_name=name

INFO     toolkits_wrapper:toolkits_wrapper.py:36 torch.multiprocessing.spawn.ProcessExitedException: process 0 terminated with signal SIGABRT
=================================== FAILURES ===================================
___________________ TestHAPythonClient.test_query_to_leader ____________________

self = <test_ha_python_client.TestHAPythonClient object at 0x7efeda31dcf8>

    @pytest.mark.run(order=6)
    def test_query_to_leader(self):
        log.info("----------------test_query_to_leader--------------------")
        self.client.callCypher("CALL db.dropDB()", "default", 10)
        self.client.importSchemaFromContent(IMPORT_SCHEMA, "default", 1000)
        self.client.importDataFromContent(IMPORT_DATA_PERSON_DESC, IMPORT_DATA_PERSON, ",", True, 16, "default", 1000)
>       ret, res = self.client.callCypherToLeader("MATCH (n) RETURN COUNT(n)", "default", 10)
E       AttributeError: 'liblgraph_client_python.client' object has no attribute 'callCypherToLeader'

test_ha_python_client.py:142: AttributeError
------------------------------ Captured log call -------------------------------
INFO     test_ha_python_client:test_ha_python_client.py:138 ----------------test_query_to_leader--------------------
=============================== warnings summary ===============================
test_ha_python_client.py:28
  /root/tugraph-db/build/output/test_ha_python_client.py:28: PytestUnknownMarkWarning: Unknown pytest.mark.run - is this a typo?  You can register custom marks to avoid this warning - for details, see https://docs.pytest.org/en/stable/how-to/mark.html
    @pytest.mark.run(order=1)

test_ha_python_client.py:33
  /root/tugraph-db/build/output/test_ha_python_client.py:33: PytestUnknownMarkWarning: Unknown pytest.mark.run - is this a typo?  You can register custom marks to avoid this warning - for details, see https://docs.pytest.org/en/stable/how-to/mark.html
    @pytest.mark.run(order=2)

test_ha_python_client.py:65
  /root/tugraph-db/build/output/test_ha_python_client.py:65: PytestUnknownMarkWarning: Unknown pytest.mark.run - is this a typo?  You can register custom marks to avoid this warning - for details, see https://docs.pytest.org/en/stable/how-to/mark.html
    @pytest.mark.run(order=3)

test_ha_python_client.py:84
  /root/tugraph-db/build/output/test_ha_python_client.py:84: PytestUnknownMarkWarning: Unknown pytest.mark.run - is this a typo?  You can register custom marks to avoid this warning - for details, see https://docs.pytest.org/en/stable/how-to/mark.html
    @pytest.mark.run(order=4)

test_ha_python_client.py:106
  /root/tugraph-db/build/output/test_ha_python_client.py:106: PytestUnknownMarkWarning: Unknown pytest.mark.run - is this a typo?  You can register custom marks to avoid this warning - for details, see https://docs.pytest.org/en/stable/how-to/mark.html
    @pytest.mark.run(order=5)

test_ha_python_client.py:136
  /root/tugraph-db/build/output/test_ha_python_client.py:136: PytestUnknownMarkWarning: Unknown pytest.mark.run - is this a typo?  You can register custom marks to avoid this warning - for details, see https://docs.pytest.org/en/stable/how-to/mark.html
    @pytest.mark.run(order=6)

test_ha_python_client.py:154
  /root/tugraph-db/build/output/test_ha_python_client.py:154: PytestUnknownMarkWarning: Unknown pytest.mark.run - is this a typo?  You can register custom marks to avoid this warning - for details, see https://docs.pytest.org/en/stable/how-to/mark.html
    @pytest.mark.run(order=7)

test_ha_python_client.py:190
  /root/tugraph-db/build/output/test_ha_python_client.py:190: PytestUnknownMarkWarning: Unknown pytest.mark.run - is this a typo?  You can register custom marks to avoid this warning - for details, see https://docs.pytest.org/en/stable/how-to/mark.html
    @pytest.mark.run(order=8)

test_ha_python_client.py:220
  /root/tugraph-db/build/output/test_ha_python_client.py:220: PytestUnknownMarkWarning: Unknown pytest.mark.run - is this a typo?  You can register custom marks to avoid this warning - for details, see https://docs.pytest.org/en/stable/how-to/mark.html
    @pytest.mark.run(order=9)

test_ha_python_client.py:227
  /root/tugraph-db/build/output/test_ha_python_client.py:227: PytestUnknownMarkWarning: Unknown pytest.mark.run - is this a typo?  You can register custom marks to avoid this warning - for details, see https://docs.pytest.org/en/stable/how-to/mark.html
    @pytest.mark.run(order=10)

test_ha_python_client.py:256
  /root/tugraph-db/build/output/test_ha_python_client.py:256: PytestUnknownMarkWarning: Unknown pytest.mark.run - is this a typo?  You can register custom marks to avoid this warning - for details, see https://docs.pytest.org/en/stable/how-to/mark.html
    @pytest.mark.run(order=11)

-- Docs: https://docs.pytest.org/en/stable/how-to/capture-warnings.html
=========================== short test summary info ============================
FAILED test_ha_python_client.py::TestHAPythonClient::test_query_to_leader - A...
ERROR test_algo.py::TestExec::test_exec_clce_embed[algo0-importor0] - Excepti...
ERROR test_algo.py::TestExec::test_exec_clce_standalone[algo0] - Exception: F...
ERROR test_algo.py::TestExec::test_exec_cn_embed[algo0-importor0] - Exception...
ERROR test_algo.py::TestExec::test_exec_ji_embed[algo0-importor0] - Exception...
ERROR test_algo.py::TestExec::test_exec_kcliques_embed[algo0-importor0] - Exc...
ERROR test_algo.py::TestExec::test_exec_kcliques_standalone[algo0] - Exceptio...
ERROR test_algo.py::TestExec::test_exec_ktruss_embed[algo0-importor0] - Excep...
ERROR test_algo.py::TestExec::test_exec_ktruss_standalone[algo0] - Exception:...
ERROR test_algo.py::TestExec::test_exec_leiden_embed[algo0-importor0] - Excep...
ERROR test_algo.py::TestExec::test_exec_leiden_standalone[algo0] - Exception:...
ERROR test_algo.py::TestExec::test_exec_lc_embed[algo0-importor0] - Exception...
ERROR test_algo.py::TestExec::test_exec_lc_standalone[algo0] - Exception: Fai...
ERROR test_algo.py::TestExec::test_exec_mis_embed[algo0-importor0] - Exceptio...
ERROR test_algo.py::TestExec::test_exec_mis_standalone[algo0] - Exception: Fa...
ERROR test_algo.py::TestExec::test_exec_motif_embed[algo0-importor0] - Except...
ERROR test_algo.py::TestExec::test_exec_motif_standalone[algo0] - Exception: ...
ERROR test_algo.py::TestExec::test_exec_mssp_embed[algo0-importor0] - Excepti...
ERROR test_algo.py::TestExec::test_exec_mssp_standalone[algo0] - Exception: F...
ERROR test_algo.py::TestExec::test_exec_ppr_embed[algo0-importor0] - Exceptio...
ERROR test_algo.py::TestExec::test_exec_ppr_standalone[algo0] - Exception: Fa...
ERROR test_algo.py::TestExec::test_exec_scc_embed[algo0-importor0] - Exceptio...
ERROR test_algo.py::TestExec::test_exec_scc_standalone[algo0] - Exception: Fa...
ERROR test_algo.py::TestExec::test_exec_slpa_embed[algo0-importor0] - Excepti...
ERROR test_algo.py::TestExec::test_exec_slpa_standalone[algo0] - Exception: F...
ERROR test_algo.py::TestExec::test_exec_spsp_embed[algo0-importor0] - Excepti...
ERROR test_algo.py::TestExec::test_exec_spsp_standalone[algo0] - Exception: F...
ERROR test_algo.py::TestExec::test_exec_subgraph_isomorphism_embed[algo0-importor0]
ERROR test_algo.py::TestExec::test_exec_subgraph_isomorphism_standalone[algo0]
ERROR test_algo.py::TestExec::test_exec_sybilrank_embed[algo0-importor0] - Ex...
ERROR test_algo.py::TestExec::test_exec_sybilrank_standalone[algo0] - Excepti...
ERROR test_algo.py::TestExec::test_exec_trustrank_embed[algo0-importor0] - Ex...
ERROR test_algo.py::TestExec::test_exec_trustrank_standalone[algo0] - Excepti...
ERROR test_algo.py::TestExec::test_exec_wlpa_embed[algo0-importor0] - Excepti...
ERROR test_algo.py::TestExec::test_exec_wlpa_standalone[algo0] - Exception: F...
ERROR test_algo.py::TestExec::test_exec_wpagerank__embed[algo0-importor0] - E...
ERROR test_algo.py::TestExec::test_exec_wpagerank__standalone[algo0] - Except...
ERROR test_cpp_client.py::TestCppClient::test_cpp_client[exec0-server0-build_so0]
ERROR test_train.py::TestExec::test_exec_train_cora_python_embed[algo0-importor0]
ERROR test_train.py::TestExec::test_exec_train_full_cora_python_embed[algo0-importor0]
= 1 failed, 155 passed, 2 skipped, 3 xfailed, 11 warnings, 39 errors in 1268.75s (0:21:08) =
